[16:40:01] [main/INFO]: LiteLoader 1.7.10_04 starting up...
[16:40:01] [main/INFO]: Java reports OS="windows 10"
[16:40:01] [main/INFO]: Enumerating class path...
[16:40:01] [main/INFO]: Class path separator=";"
[16:40:01] [main/INFO]: Class path entries=(
   classpathEntry=D:\Games\Minecraft Dorathy-7 1.7.10\.minecraft\libraries\net\minecraft\launchwrapper\1.12\launchwrapper-1.12.jar
   classpathEntry=D:\Games\Minecraft Dorathy-7 1.7.10\.minecraft\libraries\org\ow2\asm\asm-all\5.0.3\asm-all-5.0.3.jar
   classpathEntry=D:\Games\Minecraft Dorathy-7 1.7.10\.minecraft\libraries\com\mumfrey\liteloader\1.7.10_04\liteloader-1.7.10_04.jar
   classpathEntry=D:\Games\Minecraft Dorathy-7 1.7.10\.minecraft\libraries\net\minecraftforge\forge\1.7.10-10.13.4.1614-1.7.10\forge-1.7.10-10.13.4.1614-1.7.10.jar
   classpathEntry=D:\Games\Minecraft Dorathy-7 1.7.10\.minecraft\libraries\com\typesafe\akka\akka-actor_2.11\2.3.3\akka-actor_2.11-2.3.3.jar
   classpathEntry=D:\Games\Minecraft Dorathy-7 1.7.10\.minecraft\libraries\com\typesafe\config\1.2.1\config-1.2.1.jar
   classpathEntry=D:\Games\Minecraft Dorathy-7 1.7.10\.minecraft\libraries\org\scala-lang\scala-actors-migration_2.11\1.1.0\scala-actors-migration_2.11-1.1.0.jar
   classpathEntry=D:\Games\Minecraft Dorathy-7 1.7.10\.minecraft\libraries\org\scala-lang\scala-compiler\2.11.1\scala-compiler-2.11.1.jar
   classpathEntry=D:\Games\Minecraft Dorathy-7 1.7.10\.minecraft\libraries\org\scala-lang\plugins\scala-continuations-library_2.11\1.0.2\scala-continuations-library_2.11-1.0.2.jar
   classpathEntry=D:\Games\Minecraft Dorathy-7 1.7.10\.minecraft\libraries\org\scala-lang\plugins\scala-continuations-plugin_2.11.1\1.0.2\scala-continuations-plugin_2.11.1-1.0.2.jar
   classpathEntry=D:\Games\Minecraft Dorathy-7 1.7.10\.minecraft\libraries\org\scala-lang\scala-library\2.11.1\scala-library-2.11.1.jar
   classpathEntry=D:\Games\Minecraft Dorathy-7 1.7.10\.minecraft\libraries\org\scala-lang\scala-parser-combinators_2.11\1.0.1\scala-parser-combinators_2.11-1.0.1.jar
   classpathEntry=D:\Games\Minecraft Dorathy-7 1.7.10\.minecraft\libraries\org\scala-lang\scala-reflect\2.11.1\scala-reflect-2.11.1.jar
   classpathEntry=D:\Games\Minecraft Dorathy-7 1.7.10\.minecraft\libraries\org\scala-lang\scala-swing_2.11\1.0.1\scala-swing_2.11-1.0.1.jar
   classpathEntry=D:\Games\Minecraft Dorathy-7 1.7.10\.minecraft\libraries\org\scala-lang\scala-xml_2.11\1.0.2\scala-xml_2.11-1.0.2.jar
   classpathEntry=D:\Games\Minecraft Dorathy-7 1.7.10\.minecraft\libraries\lzma\lzma\0.0.1\lzma-0.0.1.jar
   classpathEntry=D:\Games\Minecraft Dorathy-7 1.7.10\.minecraft\libraries\net\sf\jopt-simple\jopt-simple\4.5\jopt-simple-4.5.jar
   classpathEntry=D:\Games\Minecraft Dorathy-7 1.7.10\.minecraft\libraries\com\google\guava\guava\17.0\guava-17.0.jar
   classpathEntry=D:\Games\Minecraft Dorathy-7 1.7.10\.minecraft\libraries\org\apache\commons\commons-lang3\3.3.2\commons-lang3-3.3.2.jar
   classpathEntry=D:\Games\Minecraft Dorathy-7 1.7.10\.minecraft\libraries\com\mojang\netty\1.8.8\netty-1.8.8.jar
   classpathEntry=D:\Games\Minecraft Dorathy-7 1.7.10\.minecraft\libraries\com\mojang\realms\1.3.5\realms-1.3.5.jar
   classpathEntry=D:\Games\Minecraft Dorathy-7 1.7.10\.minecraft\libraries\org\apache\commons\commons-compress\1.8.1\commons-compress-1.8.1.jar
   classpathEntry=D:\Games\Minecraft Dorathy-7 1.7.10\.minecraft\libraries\org\apache\httpcomponents\httpclient\4.3.3\httpclient-4.3.3.jar
   classpathEntry=D:\Games\Minecraft Dorathy-7 1.7.10\.minecraft\libraries\commons-logging\commons-logging\1.1.3\commons-logging-1.1.3.jar
   classpathEntry=D:\Games\Minecraft Dorathy-7 1.7.10\.minecraft\libraries\org\apache\httpcomponents\httpcore\4.3.2\httpcore-4.3.2.jar
   classpathEntry=D:\Games\Minecraft Dorathy-7 1.7.10\.minecraft\libraries\java3d\vecmath\1.3.1\vecmath-1.3.1.jar
   classpathEntry=D:\Games\Minecraft Dorathy-7 1.7.10\.minecraft\libraries\net\sf\trove4j\trove4j\3.0.3\trove4j-3.0.3.jar
   classpathEntry=D:\Games\Minecraft Dorathy-7 1.7.10\.minecraft\libraries\com\ibm\icu\icu4j-core-mojang\51.2\icu4j-core-mojang-51.2.jar
   classpathEntry=D:\Games\Minecraft Dorathy-7 1.7.10\.minecraft\libraries\com\paulscode\codecjorbis\20101023\codecjorbis-20101023.jar
   classpathEntry=D:\Games\Minecraft Dorathy-7 1.7.10\.minecraft\libraries\com\paulscode\codecwav\20101023\codecwav-20101023.jar
   classpathEntry=D:\Games\Minecraft Dorathy-7 1.7.10\.minecraft\libraries\com\paulscode\libraryjavasound\20101123\libraryjavasound-20101123.jar
   classpathEntry=D:\Games\Minecraft Dorathy-7 1.7.10\.minecraft\libraries\com\paulscode\librarylwjglopenal\20100824\librarylwjglopenal-20100824.jar
   classpathEntry=D:\Games\Minecraft Dorathy-7 1.7.10\.minecraft\libraries\com\paulscode\soundsystem\20120107\soundsystem-20120107.jar
   classpathEntry=D:\Games\Minecraft Dorathy-7 1.7.10\.minecraft\libraries\io\netty\netty-all\4.0.10.Final\netty-all-4.0.10.Final.jar
   classpathEntry=D:\Games\Minecraft Dorathy-7 1.7.10\.minecraft\libraries\commons-io\commons-io\2.4\commons-io-2.4.jar
   classpathEntry=D:\Games\Minecraft Dorathy-7 1.7.10\.minecraft\libraries\commons-codec\commons-codec\1.9\commons-codec-1.9.jar
   classpathEntry=D:\Games\Minecraft Dorathy-7 1.7.10\.minecraft\libraries\net\java\jinput\jinput\2.0.5\jinput-2.0.5.jar
   classpathEntry=D:\Games\Minecraft Dorathy-7 1.7.10\.minecraft\libraries\net\java\jutils\jutils\1.0.0\jutils-1.0.0.jar
   classpathEntry=D:\Games\Minecraft Dorathy-7 1.7.10\.minecraft\libraries\com\google\code\gson\gson\2.2.4\gson-2.2.4.jar
   classpathEntry=D:\Games\Minecraft Dorathy-7 1.7.10\.minecraft\libraries\com\mojang\authlib\1.5.21\authlib-1.5.21.jar
   classpathEntry=D:\Games\Minecraft Dorathy-7 1.7.10\.minecraft\libraries\org\apache\logging\log4j\log4j-api\2.0-beta9\log4j-api-2.0-beta9.jar
   classpathEntry=D:\Games\Minecraft Dorathy-7 1.7.10\.minecraft\libraries\org\apache\logging\log4j\log4j-core\2.0-beta9\log4j-core-2.0-beta9.jar
   classpathEntry=D:\Games\Minecraft Dorathy-7 1.7.10\.minecraft\libraries\org\lwjgl\lwjgl\lwjgl\2.9.1\lwjgl-2.9.1.jar
   classpathEntry=D:\Games\Minecraft Dorathy-7 1.7.10\.minecraft\libraries\org\lwjgl\lwjgl\lwjgl_util\2.9.1\lwjgl_util-2.9.1.jar
   classpathEntry=D:\Games\Minecraft Dorathy-7 1.7.10\.minecraft\libraries\tv\twitch\twitch\5.16\twitch-5.16.jar
   classpathEntry=D:\Games\Minecraft Dorathy-7 1.7.10\.minecraft\libraries\optifine\OptiFine\1.7.10_HD_U_E7\OptiFine-1.7.10_HD_U_E7-installer.jar
   classpathEntry=D:\Games\Minecraft Dorathy-7 1.7.10\.minecraft\versions\1.7.10\1.7.10.jar
   classpathEntry=C:\Users\Baneist\AppData\Roaming\.hmcl\log4j-patch-agent-1.0.jar
)
[16:40:01] [main/INFO]: Registering discovery module EnumeratorModuleClassPath: [<Java Class Path>]
[16:40:01] [main/INFO]: Registering discovery module EnumeratorModuleFolder: [D:\Games\Minecraft Dorathy-7 1.7.10\.minecraft\mods]
[16:40:01] [main/INFO]: Registering discovery module EnumeratorModuleFolder: [D:\Games\Minecraft Dorathy-7 1.7.10\.minecraft\mods\1.7.10]
[16:40:01] [main/INFO]: Adding supported mod class prefix 'LiteMod'
[16:40:01] [main/INFO]: Discovering tweaks on class path...
[16:40:01] [main/INFO]: Discovering valid mod files in folder D:\Games\Minecraft Dorathy-7 1.7.10\.minecraft\mods
[16:40:01] [main/INFO]: Discovering valid mod files in folder D:\Games\Minecraft Dorathy-7 1.7.10\.minecraft\mods\1.7.10
[16:40:01] [main/INFO]: Searching for tweaks in 'CodeChickenLib-1.7.10-1.1.3.136-universal.jar'
[16:40:01] [main/WARN]: Error parsing manifest entries in 'D:\Games\Minecraft Dorathy-7 1.7.10\.minecraft\mods\1.7.10\CodeChickenLib-1.7.10-1.1.3.136-universal.jar'
[16:40:01] [main/INFO]: Searching for tweaks in 'ForgeMultipart-1.7.10-1.2.0.345-universal.jar'
[16:40:01] [main/WARN]: Error parsing manifest entries in 'D:\Games\Minecraft Dorathy-7 1.7.10\.minecraft\mods\1.7.10\ForgeMultipart-1.7.10-1.2.0.345-universal.jar'
[16:40:01] [main/INFO]: Searching for tweaks in '[1.7.10]bspkrsCore-universal-6.16.jar'
[16:40:01] [main/WARN]: Error parsing manifest entries in 'D:\Games\Minecraft Dorathy-7 1.7.10\.minecraft\mods\1.7.10\[1.7.10]bspkrsCore-universal-6.16.jar'
[16:40:01] [main/INFO]: LiteLoader PREINIT complete
[16:40:03] [main/INFO]: Injecting onstartupcomplete[x1] in func_71384_a in Minecraft
[16:40:03] [main/INFO]: Injecting prerenderfbo[x1] in func_71411_J in Minecraft
[16:40:03] [main/INFO]: Injecting postrenderfbo[x1] in func_71411_J in Minecraft
[16:40:03] [main/INFO]: Injecting ontimerupdate[x1] in func_71411_J in Minecraft
[16:40:03] [main/INFO]: Injecting onrender[x1] in func_71411_J in Minecraft
[16:40:03] [main/INFO]: Injecting ontick[x1] in func_71411_J in Minecraft
[16:40:03] [main/INFO]: Injecting updateframebuffersize[x1] in func_147119_ah in Minecraft
[16:40:03] [main/INFO]: Injecting newtick[x1] in func_71407_l in Minecraft
[16:40:03] [main/INFO]: Applying overlay com.mumfrey.liteloader.client.overlays.MinecraftOverlay to net.minecraft.client.Minecraft
[16:40:03] [main/INFO]: MinecraftOverlayTransformer found INIT injection point, this is good.
[16:40:03] [main/INFO]: Injecting onc16packetclientstatus[x1] in func_148833_a in C16PacketClientStatus
[16:40:03] [main/INFO]: Injecting onoutboundchat[x1] in func_71165_d in EntityClientPlayerMP
[16:40:03] [main/INFO]: Injecting onrenderchat[x1] in func_73830_a in GuiIngame
[16:40:03] [main/INFO]: Injecting postrenderchat[x1] in func_73830_a in GuiIngame
[16:40:03] [main/INFO]: Injecting onc00handshake[x1] in func_148833_a in C00Handshake
[16:40:03] [main/INFO]: Injecting onc00packetloginstart[x1] in func_148833_a in C00PacketLoginStart
[16:40:03] [main/INFO]: Injecting ons03packettimeupdate[x1] in func_148833_a in S03PacketTimeUpdate
[16:40:04] [main/INFO]: Injecting ons34packetmaps[x1] in func_148833_a in S34PacketMaps
[16:40:05] [Client thread/INFO]: Injecting onc15packetclientsettings[x1] in func_148833_a in C15PacketClientSettings
[16:40:05] [Client thread/INFO]: Injecting ons23packetblockchange[x1] in func_148833_a in S23PacketBlockChange
[16:40:05] [Client thread/INFO]: Injecting oncreateintegratedserver[x1] in <init> in IntegratedServer
[16:40:05] [Client thread/INFO]: Injecting prerendergui[x1] in func_78480_b in EntityRenderer
[16:40:05] [Client thread/INFO]: Injecting onrenderhud[x1] in func_78480_b in EntityRenderer
[16:40:05] [Client thread/INFO]: Injecting postrenderhud[x1] in func_78480_b in EntityRenderer
[16:40:05] [Client thread/INFO]: Injecting onrenderworld[x1] in func_78471_a in EntityRenderer
[16:40:05] [Client thread/INFO]: Injecting onsetupcameratransform[x1] in func_78471_a in EntityRenderer
[16:40:05] [Client thread/INFO]: Injecting postrenderentities[x1] in func_78471_a in EntityRenderer
[16:40:05] [Client thread/INFO]: Injecting postrender[x1] in func_78471_a in EntityRenderer
[16:40:05] [Client thread/INFO]: Injecting postrender[x1] in func_78471_a in EntityRenderer
[16:40:05] [Client thread/INFO]: Injecting ons35packetupdatetileentity[x1] in func_148833_a in S35PacketUpdateTileEntity
[16:40:06] [Client thread/INFO]: Injecting renderfbo[x1] in func_147615_c in Framebuffer
[16:40:11] [Client thread/INFO]: Injecting ons07packetrespawn[x1] in func_148833_a in S07PacketRespawn
[16:40:11] [Client thread/INFO]: Injecting ons1dpacketentityeffect[x1] in func_148833_a in S1DPacketEntityEffect
[16:40:12] [Client thread/INFO]: Injecting ons2cpacketspawnglobalentity[x1] in func_148833_a in S2CPacketSpawnGlobalEntity
[16:40:12] [Client thread/INFO]: Injecting ons27packetexplosion[x1] in func_148833_a in S27PacketExplosion
[16:40:12] [Client thread/INFO]: Injecting ons2bpacketchangegamestate[x1] in func_148833_a in S2BPacketChangeGameState
[16:40:12] [Client thread/INFO]: Injecting ons24packetblockaction[x1] in func_148833_a in S24PacketBlockAction
[16:40:12] [Client thread/INFO]: Injecting ons2apacketparticles[x1] in func_148833_a in S2APacketParticles
[16:40:12] [Client thread/INFO]: Injecting ons19packetentitystatus[x1] in func_148833_a in S19PacketEntityStatus
[16:40:14] [Client thread/INFO]: Injecting ons0dpacketcollectitem[x1] in func_148833_a in S0DPacketCollectItem
[16:40:14] [Client thread/INFO]: Injecting ons0bpacketanimation[x1] in func_148833_a in S0BPacketAnimation
[16:40:14] [Client thread/INFO]: Injecting ons04packetentityequipment[x1] in func_148833_a in S04PacketEntityEquipment
[16:40:14] [Client thread/INFO]: Injecting ons1bpacketentityattach[x1] in func_148833_a in S1BPacketEntityAttach
[16:40:15] [Client thread/INFO]: Injecting onc07packetplayerdigging[x1] in func_148833_a in C07PacketPlayerDigging
[16:40:16] [Client thread/INFO]: Injecting ons2dpacketopenwindow[x1] in func_148833_a in S2DPacketOpenWindow
[16:40:17] [Client thread/INFO]: Injecting onc08packetplayerblockplacement[x1] in func_148833_a in C08PacketPlayerBlockPlacement
[16:40:17] [Client thread/INFO]: Generating new Event Handler Proxy Class com.mumfrey.liteloader.core.event.EventProxy
[16:40:17] [Client thread/INFO]: Successfully generated event handler proxy class with 44 handlers(s) and 44 total invokations
[16:40:18] [Client thread/INFO]: JInput Component Registry is initialising...
[16:40:18] [Client thread/INFO]: Inspecting Keyboard controller HID Keyboard Device on Unknown...
[16:40:18] [Client thread/INFO]: Inspecting Mouse controller HID-compliant mouse on Unknown...
[16:40:18] [Client thread/INFO]: Inspecting Keyboard controller PS/2 ±ê׼¼ü on Unknown...
[16:40:18] [Client thread/INFO]: Inspecting Keyboard controller HID Keyboard Device on Unknown...
[16:40:18] [Client thread/INFO]: Inspecting Mouse controller HID-compliant mouse on Unknown...
[16:40:18] [Client thread/INFO]: Inspecting Mouse controller HID-compliant mouse on Unknown...
[16:40:18] [Client thread/INFO]: Inspecting Mouse controller HID-compliant mouse on Unknown...
[16:40:18] [Client thread/INFO]: Inspecting Unknown controller 2.4G Wireless Receiver on Unknown...
[16:40:18] [Client thread/INFO]: Inspecting Unknown controller 2.4G Wireless Receiver on Unknown...
[16:40:18] [Client thread/INFO]: Inspecting Unknown controller 2.4G Wireless Receiver on Unknown...
[16:40:18] [Client thread/INFO]: Inspecting Unknown controller Virtual HID Device on Unknown...
[16:40:18] [Client thread/INFO]: Inspecting Unknown controller 2.4G Wireless Receiver on Unknown...
[16:40:18] [Client thread/INFO]: Inspecting Unknown controller ASUS Wireless Radio Control on Unknown...
[16:40:18] [Client thread/INFO]: JInput Component Registry initialised, found 13 controller(s) 402 component(s)
[16:40:19] [Client thread/INFO]: Injecting onc17packetcustompayload[x1] in func_148833_a in C17PacketCustomPayload
[16:40:19] [Client thread/INFO]: Injecting ons3fpacketcustompayload[x1] in func_148833_a in S3FPacketCustomPayload
[16:40:19] [Client thread/INFO]: LiteLoader begin INIT...
[16:40:19] [Client thread/INFO]: Baking listener list for CoreProvider with 2 listeners
[16:40:19] [Client thread/INFO]: Injecting external mods into class path...
[16:40:19] [Client thread/INFO]: Injecting external mods into class path...
[16:40:19] [Client thread/INFO]: Discovering mods on class path...
[16:40:19] [Client thread/INFO]: Searching D:\Games\Minecraft Dorathy-7 1.7.10\.minecraft\libraries\net\minecraft\launchwrapper\1.12\launchwrapper-1.12.jar...
[16:40:19] [Client thread/INFO]: Searching D:\Games\Minecraft Dorathy-7 1.7.10\.minecraft\libraries\org\ow2\asm\asm-all\5.0.3\asm-all-5.0.3.jar...
[16:40:19] [Client thread/INFO]: Searching D:\Games\Minecraft Dorathy-7 1.7.10\.minecraft\libraries\com\mumfrey\liteloader\1.7.10_04\liteloader-1.7.10_04.jar...
[16:40:19] [Client thread/INFO]: Searching D:\Games\Minecraft Dorathy-7 1.7.10\.minecraft\libraries\net\minecraftforge\forge\1.7.10-10.13.4.1614-1.7.10\forge-1.7.10-10.13.4.1614-1.7.10.jar...
[16:40:19] [Client thread/INFO]: Searching D:\Games\Minecraft Dorathy-7 1.7.10\.minecraft\libraries\com\typesafe\akka\akka-actor_2.11\2.3.3\akka-actor_2.11-2.3.3.jar...
[16:40:19] [Client thread/INFO]: Searching D:\Games\Minecraft Dorathy-7 1.7.10\.minecraft\libraries\com\typesafe\config\1.2.1\config-1.2.1.jar...
[16:40:19] [Client thread/INFO]: Searching D:\Games\Minecraft Dorathy-7 1.7.10\.minecraft\libraries\org\scala-lang\scala-actors-migration_2.11\1.1.0\scala-actors-migration_2.11-1.1.0.jar...
[16:40:19] [Client thread/INFO]: Searching D:\Games\Minecraft Dorathy-7 1.7.10\.minecraft\libraries\org\scala-lang\scala-compiler\2.11.1\scala-compiler-2.11.1.jar...
[16:40:19] [Client thread/INFO]: Searching D:\Games\Minecraft Dorathy-7 1.7.10\.minecraft\libraries\org\scala-lang\plugins\scala-continuations-library_2.11\1.0.2\scala-continuations-library_2.11-1.0.2.jar...
[16:40:19] [Client thread/INFO]: Searching D:\Games\Minecraft Dorathy-7 1.7.10\.minecraft\libraries\org\scala-lang\plugins\scala-continuations-plugin_2.11.1\1.0.2\scala-continuations-plugin_2.11.1-1.0.2.jar...
[16:40:19] [Client thread/INFO]: Searching D:\Games\Minecraft Dorathy-7 1.7.10\.minecraft\libraries\org\scala-lang\scala-library\2.11.1\scala-library-2.11.1.jar...
[16:40:19] [Client thread/INFO]: Searching D:\Games\Minecraft Dorathy-7 1.7.10\.minecraft\libraries\org\scala-lang\scala-parser-combinators_2.11\1.0.1\scala-parser-combinators_2.11-1.0.1.jar...
[16:40:19] [Client thread/INFO]: Searching D:\Games\Minecraft Dorathy-7 1.7.10\.minecraft\libraries\org\scala-lang\scala-reflect\2.11.1\scala-reflect-2.11.1.jar...
[16:40:19] [Client thread/INFO]: Searching D:\Games\Minecraft Dorathy-7 1.7.10\.minecraft\libraries\org\scala-lang\scala-swing_2.11\1.0.1\scala-swing_2.11-1.0.1.jar...
[16:40:19] [Client thread/INFO]: Searching D:\Games\Minecraft Dorathy-7 1.7.10\.minecraft\libraries\org\scala-lang\scala-xml_2.11\1.0.2\scala-xml_2.11-1.0.2.jar...
[16:40:19] [Client thread/INFO]: Searching D:\Games\Minecraft Dorathy-7 1.7.10\.minecraft\libraries\lzma\lzma\0.0.1\lzma-0.0.1.jar...
[16:40:19] [Client thread/INFO]: Searching D:\Games\Minecraft Dorathy-7 1.7.10\.minecraft\libraries\net\sf\jopt-simple\jopt-simple\4.5\jopt-simple-4.5.jar...
[16:40:19] [Client thread/INFO]: Searching D:\Games\Minecraft Dorathy-7 1.7.10\.minecraft\libraries\com\google\guava\guava\17.0\guava-17.0.jar...
[16:40:19] [Client thread/INFO]: Searching D:\Games\Minecraft Dorathy-7 1.7.10\.minecraft\libraries\org\apache\commons\commons-lang3\3.3.2\commons-lang3-3.3.2.jar...
[16:40:19] [Client thread/INFO]: Searching D:\Games\Minecraft Dorathy-7 1.7.10\.minecraft\libraries\com\mojang\netty\1.8.8\netty-1.8.8.jar...
[16:40:19] [Client thread/INFO]: Searching D:\Games\Minecraft Dorathy-7 1.7.10\.minecraft\libraries\com\mojang\realms\1.3.5\realms-1.3.5.jar...
[16:40:19] [Client thread/INFO]: Searching D:\Games\Minecraft Dorathy-7 1.7.10\.minecraft\libraries\org\apache\commons\commons-compress\1.8.1\commons-compress-1.8.1.jar...
[16:40:19] [Client thread/INFO]: Searching D:\Games\Minecraft Dorathy-7 1.7.10\.minecraft\libraries\org\apache\httpcomponents\httpclient\4.3.3\httpclient-4.3.3.jar...
[16:40:19] [Client thread/INFO]: Searching D:\Games\Minecraft Dorathy-7 1.7.10\.minecraft\libraries\commons-logging\commons-logging\1.1.3\commons-logging-1.1.3.jar...
[16:40:19] [Client thread/INFO]: Searching D:\Games\Minecraft Dorathy-7 1.7.10\.minecraft\libraries\org\apache\httpcomponents\httpcore\4.3.2\httpcore-4.3.2.jar...
[16:40:19] [Client thread/INFO]: Searching D:\Games\Minecraft Dorathy-7 1.7.10\.minecraft\libraries\java3d\vecmath\1.3.1\vecmath-1.3.1.jar...
[16:40:19] [Client thread/INFO]: Searching D:\Games\Minecraft Dorathy-7 1.7.10\.minecraft\libraries\net\sf\trove4j\trove4j\3.0.3\trove4j-3.0.3.jar...
[16:40:19] [Client thread/INFO]: Searching D:\Games\Minecraft Dorathy-7 1.7.10\.minecraft\libraries\com\ibm\icu\icu4j-core-mojang\51.2\icu4j-core-mojang-51.2.jar...
[16:40:19] [Client thread/INFO]: Searching D:\Games\Minecraft Dorathy-7 1.7.10\.minecraft\libraries\com\paulscode\codecjorbis\20101023\codecjorbis-20101023.jar...
[16:40:19] [Client thread/INFO]: Searching D:\Games\Minecraft Dorathy-7 1.7.10\.minecraft\libraries\com\paulscode\codecwav\20101023\codecwav-20101023.jar...
[16:40:19] [Client thread/INFO]: Searching D:\Games\Minecraft Dorathy-7 1.7.10\.minecraft\libraries\com\paulscode\libraryjavasound\20101123\libraryjavasound-20101123.jar...
[16:40:19] [Client thread/INFO]: Searching D:\Games\Minecraft Dorathy-7 1.7.10\.minecraft\libraries\com\paulscode\librarylwjglopenal\20100824\librarylwjglopenal-20100824.jar...
[16:40:19] [Client thread/INFO]: Searching D:\Games\Minecraft Dorathy-7 1.7.10\.minecraft\libraries\com\paulscode\soundsystem\20120107\soundsystem-20120107.jar...
[16:40:19] [Client thread/INFO]: Searching D:\Games\Minecraft Dorathy-7 1.7.10\.minecraft\libraries\io\netty\netty-all\4.0.10.Final\netty-all-4.0.10.Final.jar...
[16:40:19] [Client thread/INFO]: Searching D:\Games\Minecraft Dorathy-7 1.7.10\.minecraft\libraries\commons-io\commons-io\2.4\commons-io-2.4.jar...
[16:40:19] [Client thread/INFO]: Searching D:\Games\Minecraft Dorathy-7 1.7.10\.minecraft\libraries\commons-codec\commons-codec\1.9\commons-codec-1.9.jar...
[16:40:19] [Client thread/INFO]: Searching D:\Games\Minecraft Dorathy-7 1.7.10\.minecraft\libraries\net\java\jinput\jinput\2.0.5\jinput-2.0.5.jar...
[16:40:19] [Client thread/INFO]: Searching D:\Games\Minecraft Dorathy-7 1.7.10\.minecraft\libraries\net\java\jutils\jutils\1.0.0\jutils-1.0.0.jar...
[16:40:19] [Client thread/INFO]: Searching D:\Games\Minecraft Dorathy-7 1.7.10\.minecraft\libraries\com\google\code\gson\gson\2.2.4\gson-2.2.4.jar...
[16:40:19] [Client thread/INFO]: Searching D:\Games\Minecraft Dorathy-7 1.7.10\.minecraft\libraries\com\mojang\authlib\1.5.21\authlib-1.5.21.jar...
[16:40:19] [Client thread/INFO]: Searching D:\Games\Minecraft Dorathy-7 1.7.10\.minecraft\libraries\org\apache\logging\log4j\log4j-api\2.0-beta9\log4j-api-2.0-beta9.jar...
[16:40:19] [Client thread/INFO]: Searching D:\Games\Minecraft Dorathy-7 1.7.10\.minecraft\libraries\org\apache\logging\log4j\log4j-core\2.0-beta9\log4j-core-2.0-beta9.jar...
[16:40:19] [Client thread/INFO]: Searching D:\Games\Minecraft Dorathy-7 1.7.10\.minecraft\libraries\org\lwjgl\lwjgl\lwjgl\2.9.1\lwjgl-2.9.1.jar...
[16:40:19] [Client thread/INFO]: Searching D:\Games\Minecraft Dorathy-7 1.7.10\.minecraft\libraries\org\lwjgl\lwjgl\lwjgl_util\2.9.1\lwjgl_util-2.9.1.jar...
[16:40:19] [Client thread/INFO]: Searching D:\Games\Minecraft Dorathy-7 1.7.10\.minecraft\libraries\tv\twitch\twitch\5.16\twitch-5.16.jar...
[16:40:19] [Client thread/INFO]: Searching D:\Games\Minecraft Dorathy-7 1.7.10\.minecraft\libraries\optifine\OptiFine\1.7.10_HD_U_E7\OptiFine-1.7.10_HD_U_E7-installer.jar...
[16:40:19] [Client thread/INFO]: Searching D:\Games\Minecraft Dorathy-7 1.7.10\.minecraft\versions\1.7.10\1.7.10.jar...
[16:40:19] [Client thread/INFO]: Searching C:\Users\Baneist\AppData\Roaming\.hmcl\log4j-patch-agent-1.0.jar...
[16:40:19] [Client thread/INFO]: Discovering mods in valid mod files...
[16:40:19] [Client thread/INFO]: Discovering mods in valid mod files...
[16:40:19] [Client thread/INFO]: Mod class discovery completed
[16:40:19] [Client thread/INFO]: LiteLoader begin POSTINIT...
[16:40:19] [Client thread/INFO]: Inhibiting sound handler reload
[16:40:19] [Client thread/INFO]: Registering interface provider com.mumfrey.liteloader.client.ClientEvents for API LiteLoader core API
[16:40:19] [Client thread/INFO]: Injecting onc01packetchatmessage[x1] in func_148833_a in C01PacketChatMessage
[16:40:19] [Client thread/INFO]: Injecting onplayerlogin[x1] in func_72377_c in ServerConfigurationManager
[16:40:19] [Client thread/INFO]: Injecting onplayerlogout[x1] in func_72367_e in ServerConfigurationManager
[16:40:19] [Client thread/INFO]: Injecting onspawnplayer[x1] in func_148545_a in ServerConfigurationManager
[16:40:19] [Client thread/INFO]: Injecting onrespawnplayer[x1] in func_72368_a in ServerConfigurationManager
[16:40:19] [Client thread/INFO]: Registering interface provider com.mumfrey.liteloader.client.PacketEventsClient for API LiteLoader core API
[16:40:19] [Client thread/INFO]: Injecting ons02packetloginsuccess[x1] in func_148833_a in S02PacketLoginSuccess
[16:40:19] [Client thread/INFO]: Injecting ons01packetjoingame[x1] in func_148833_a in S01PacketJoinGame
[16:40:19] [Client thread/INFO]: Injecting ons02packetchat[x1] in func_148833_a in S02PacketChat
[16:40:19] [Client thread/INFO]: Registering interface provider com.mumfrey.liteloader.client.ClientPluginChannelsClient for API LiteLoader core API
[16:40:19] [Client thread/INFO]: Registering interface provider com.mumfrey.liteloader.core.ServerPluginChannels for API LiteLoader core API
[16:40:19] [Client thread/INFO]: Registering interface provider com.mumfrey.liteloader.messaging.MessageBus for API LiteLoader core API
[16:40:19] [Client thread/INFO]: Discovered 0 total mod(s), injected 0 tweak(s)
[16:40:19] [Client thread/INFO]: No mod classes were found. Not loading any mods.
[16:40:25] [Client thread/INFO]: Injecting ons21packetchunkdata[x1] in func_148833_a in S21PacketChunkData
[16:40:25] [Client thread/INFO]: Injecting ons00packetkeepalive[x1] in func_148833_a in S00PacketKeepAlive
[16:40:25] [Client thread/INFO]: Injecting ons05packetspawnposition[x1] in func_148833_a in S05PacketSpawnPosition
[16:40:25] [Client thread/INFO]: Injecting ons06packetupdatehealth[x1] in func_148833_a in S06PacketUpdateHealth
[16:40:25] [Client thread/INFO]: Injecting ons08packetplayerposlook[x1] in func_148833_a in S08PacketPlayerPosLook
[16:40:25] [Client thread/INFO]: Injecting ons09packethelditemchange[x1] in func_148833_a in S09PacketHeldItemChange
[16:40:25] [Client thread/INFO]: Injecting ons0apacketusebed[x1] in func_148833_a in S0APacketUseBed
[16:40:25] [Client thread/INFO]: Injecting ons0cpacketspawnplayer[x1] in func_148833_a in S0CPacketSpawnPlayer
[16:40:25] [Client thread/INFO]: Injecting ons0epacketspawnobject[x1] in func_148833_a in S0EPacketSpawnObject
[16:40:25] [Client thread/INFO]: Injecting ons0fpacketspawnmob[x1] in func_148833_a in S0FPacketSpawnMob
[16:40:25] [Client thread/INFO]: Injecting ons10packetspawnpainting[x1] in func_148833_a in S10PacketSpawnPainting
[16:40:25] [Client thread/INFO]: Injecting ons11packetspawnexperienceorb[x1] in func_148833_a in S11PacketSpawnExperienceOrb
[16:40:25] [Client thread/INFO]: Injecting ons12packetentityvelocity[x1] in func_148833_a in S12PacketEntityVelocity
[16:40:25] [Client thread/INFO]: Injecting ons13packetdestroyentities[x1] in func_148833_a in S13PacketDestroyEntities
[16:40:25] [Client thread/INFO]: Injecting ons14packetentity[x1] in func_148833_a in S14PacketEntity
[16:40:25] [Client thread/INFO]: Injecting ons15packetentityrelmove[x1] in func_148833_a in S14PacketEntity$S15PacketEntityRelMove
[16:40:25] [Client thread/INFO]: Injecting ons16packetentitylook[x1] in func_148833_a in S14PacketEntity$S16PacketEntityLook
[16:40:25] [Client thread/INFO]: Injecting ons17packetentitylookmove[x1] in func_148833_a in S14PacketEntity$S17PacketEntityLookMove
[16:40:25] [Client thread/INFO]: Injecting ons18packetentityteleport[x1] in func_148833_a in S18PacketEntityTeleport
[16:40:25] [Client thread/INFO]: Injecting ons19packetentityheadlook[x1] in func_148833_a in S19PacketEntityHeadLook
[16:40:25] [Client thread/INFO]: Injecting ons1cpacketentitymetadata[x1] in func_148833_a in S1CPacketEntityMetadata
[16:40:25] [Client thread/INFO]: Injecting ons1epacketremoveentityeffect[x1] in func_148833_a in S1EPacketRemoveEntityEffect
[16:40:25] [Client thread/INFO]: Injecting ons1fpacketsetexperience[x1] in func_148833_a in S1FPacketSetExperience
[16:40:25] [Client thread/INFO]: Injecting ons20packetentityproperties[x1] in func_148833_a in S20PacketEntityProperties
[16:40:25] [Client thread/INFO]: Injecting ons22packetmultiblockchange[x1] in func_148833_a in S22PacketMultiBlockChange
[16:40:25] [Client thread/INFO]: Injecting ons25packetblockbreakanim[x1] in func_148833_a in S25PacketBlockBreakAnim
[16:40:25] [Client thread/INFO]: Injecting ons26packetmapchunkbulk[x1] in func_148833_a in S26PacketMapChunkBulk
[16:40:25] [Client thread/INFO]: Injecting ons28packeteffect[x1] in func_148833_a in S28PacketEffect
[16:40:25] [Client thread/INFO]: Injecting ons29packetsoundeffect[x1] in func_148833_a in S29PacketSoundEffect
[16:40:25] [Client thread/INFO]: Injecting ons2epacketclosewindow[x1] in func_148833_a in S2EPacketCloseWindow
[16:40:25] [Client thread/INFO]: Injecting ons2fpacketsetslot[x1] in func_148833_a in S2FPacketSetSlot
[16:40:25] [Client thread/INFO]: Injecting ons30packetwindowitems[x1] in func_148833_a in S30PacketWindowItems
[16:40:25] [Client thread/INFO]: Injecting ons31packetwindowproperty[x1] in func_148833_a in S31PacketWindowProperty
[16:40:25] [Client thread/INFO]: Injecting ons32packetconfirmtransaction[x1] in func_148833_a in S32PacketConfirmTransaction
[16:40:25] [Client thread/INFO]: Injecting ons33packetupdatesign[x1] in func_148833_a in S33PacketUpdateSign
[16:40:25] [Client thread/INFO]: Injecting ons36packetsigneditoropen[x1] in func_148833_a in S36PacketSignEditorOpen
[16:40:25] [Client thread/INFO]: Injecting ons37packetstatistics[x1] in func_148833_a in S37PacketStatistics
[16:40:25] [Client thread/INFO]: Injecting ons38packetplayerlistitem[x1] in func_148833_a in S38PacketPlayerListItem
[16:40:25] [Client thread/INFO]: Injecting ons39packetplayerabilities[x1] in func_148833_a in S39PacketPlayerAbilities
[16:40:25] [Client thread/INFO]: Injecting ons3apackettabcomplete[x1] in func_148833_a in S3APacketTabComplete
[16:40:25] [Client thread/INFO]: Injecting ons3bpacketscoreboardobjective[x1] in func_148833_a in S3BPacketScoreboardObjective
[16:40:25] [Client thread/INFO]: Injecting ons3cpacketupdatescore[x1] in func_148833_a in S3CPacketUpdateScore
[16:40:25] [Client thread/INFO]: Injecting ons3dpacketdisplayscoreboard[x1] in func_148833_a in S3DPacketDisplayScoreboard
[16:40:25] [Client thread/INFO]: Injecting ons3epacketteams[x1] in func_148833_a in S3EPacketTeams
[16:40:25] [Client thread/INFO]: Injecting ons40packetdisconnect[x1] in func_148833_a in S40PacketDisconnect
[16:40:25] [Client thread/INFO]: Injecting onc00packetkeepalive[x1] in func_148833_a in C00PacketKeepAlive
[16:40:25] [Client thread/INFO]: Injecting onc02packetuseentity[x1] in func_148833_a in C02PacketUseEntity
[16:40:25] [Client thread/INFO]: Injecting onc03packetplayer[x1] in func_148833_a in C03PacketPlayer
[16:40:25] [Client thread/INFO]: Injecting onc04packetplayerposition[x1] in func_148833_a in C03PacketPlayer$C04PacketPlayerPosition
[16:40:25] [Client thread/INFO]: Injecting onc05packetplayerlook[x1] in func_148833_a in C03PacketPlayer$C05PacketPlayerLook
[16:40:25] [Client thread/INFO]: Injecting onc06packetplayerposlook[x1] in func_148833_a in C03PacketPlayer$C06PacketPlayerPosLook
[16:40:25] [Client thread/INFO]: Injecting onc09packethelditemchange[x1] in func_148833_a in C09PacketHeldItemChange
[16:40:25] [Client thread/INFO]: Injecting onc0apacketanimation[x1] in func_148833_a in C0APacketAnimation
[16:40:25] [Client thread/INFO]: Injecting onc0bpacketentityaction[x1] in func_148833_a in C0BPacketEntityAction
[16:40:25] [Client thread/INFO]: Injecting onc0cpacketinput[x1] in func_148833_a in C0CPacketInput
[16:40:25] [Client thread/INFO]: Injecting onc0dpacketclosewindow[x1] in func_148833_a in C0DPacketCloseWindow
[16:40:25] [Client thread/INFO]: Injecting onc0epacketclickwindow[x1] in func_148833_a in C0EPacketClickWindow
[16:40:25] [Client thread/INFO]: Injecting onc0fpacketconfirmtransaction[x1] in func_148833_a in C0FPacketConfirmTransaction
[16:40:25] [Client thread/INFO]: Injecting onc10packetcreativeinventoryaction[x1] in func_148833_a in C10PacketCreativeInventoryAction
[16:40:25] [Client thread/INFO]: Injecting onc11packetenchantitem[x1] in func_148833_a in C11PacketEnchantItem
[16:40:25] [Client thread/INFO]: Injecting onc12packetupdatesign[x1] in func_148833_a in C12PacketUpdateSign
[16:40:25] [Client thread/INFO]: Injecting onc13packetplayerabilities[x1] in func_148833_a in C13PacketPlayerAbilities
[16:40:25] [Client thread/INFO]: Injecting onc14packettabcomplete[x1] in func_148833_a in C14PacketTabComplete
[16:40:25] [Client thread/INFO]: Injecting ons00packetserverinfo[x1] in func_148833_a in S00PacketServerInfo
[16:40:25] [Client thread/INFO]: Injecting ons01packetpong[x1] in func_148833_a in S01PacketPong
[16:40:25] [Client thread/INFO]: Injecting ons00packetdisconnect[x1] in func_148833_a in S00PacketDisconnect
[16:40:25] [Client thread/INFO]: Injecting ons01packetencryptionrequest[x1] in func_148833_a in S01PacketEncryptionRequest
[16:40:25] [Client thread/INFO]: Injecting onc01packetencryptionresponse[x1] in func_148833_a in C01PacketEncryptionResponse
[16:40:54] [Client thread/INFO]: Baking listener list for ViewportListener with 0 listeners
[16:40:54] [Client thread/INFO]: Sound handler reload inhibit removed
[16:40:54] [Client thread/INFO]: Reloading sound handler
[16:40:54] [Client thread/INFO]: Baking listener list for GameLoopListener with 0 listeners
[16:40:54] [Client thread/INFO]: Baking listener list for RenderListener with 0 listeners
[16:40:55] [Client thread/INFO]: Baking listener list for TickObserver with 3 listeners
[16:40:55] [Client thread/INFO]: Baking listener list for PostRenderObserver with 3 listeners
[16:40:55] [Client thread/INFO]: Baking listener list for Tickable with 0 listeners
[16:40:55] [Client thread/INFO]: Baking listener list for WorldObserver with 2 listeners
[16:40:55] [Client thread/INFO]: Baking listener list for FrameBufferListener with 0 listeners
[16:41:15] [Client thread/INFO]: Baking listener list for ServerCommandProvider with 0 listeners
[16:41:28] [Netty Client IO #0/INFO]: Generating new Event Handler Proxy Class com.mumfrey.liteloader.core.event.EventProxy$2
[16:41:28] [Netty Client IO #0/INFO]: Successfully generated event handler proxy class with 78 handlers(s) and 78 total invokations
[16:41:28] [Netty Client IO #0/INFO]: Baking listener list for PostLoginListener with 0 listeners
[16:41:28] [Server thread/INFO]: Baking listener list for ServerPlayerListener with 0 listeners
[16:41:29] [Client thread/INFO]: Baking listener list for PreJoinGameListener with 0 listeners
[16:41:29] [Client thread/INFO]: Baking listener list for JoinGameListener with 0 listeners
[16:41:30] [Client thread/INFO]: Baking listener list for PostRenderListener with 0 listeners
[16:41:30] [Client thread/INFO]: Baking listener list for HUDRenderListener with 0 listeners
