22-2-27 下午4:42;RIGHT_CLICK_BLOCK;Baneist;DIM:0;-239;78;486;|;-23;7;48
22-2-27 下午4:42;LEFT_CLICK_BLOCK;Baneist;DIM:0;-239;79;485;|;-23;7;48
22-2-27 下午4:42;LEFT_CLICK_BLOCK;Baneist;DIM:0;-238;79;485;|;-23;7;48
22-2-27 下午4:42;RIGHT_CLICK_BLOCK;Baneist;DIM:0;-239;78;485;|;-23;7;48
22-2-27 下午4:42;RIGHT_CLICK_BLOCK;Baneist;DIM:0;-238;78;485;|;-23;7;48
22-2-27 下午4:42;RIGHT_CLICK_BLOCK;Baneist;DIM:0;-238;78;486;|;-23;7;48
22-2-27 下午4:42;RIGHT_CLICK_BLOCK;Baneist;DIM:0;-240;78;486;|;-24;7;48
22-2-27 下午4:42;RIGHT_CLICK_BLOCK;Baneist;DIM:0;-239;78;487;|;-23;7;48
22-2-27 下午4:42;LEFT_CLICK_BLOCK;Baneist;DIM:0;-239;79;487;|;-23;7;48
22-2-27 下午4:42;LEFT_CLICK_BLOCK;Baneist;DIM:0;-240;79;486;|;-24;7;48
22-2-27 下午4:42;LEFT_CLICK_BLOCK;Baneist;DIM:0;-238;79;486;|;-23;7;48
22-2-27 下午4:42;LEFT_CLICK_BLOCK;Baneist;DIM:0;-239;79;486;|;-23;7;48
22-2-27 下午4:42;RIGHT_CLICK_BLOCK;Baneist;DIM:0;-239;78;486;|;-23;7;48
22-2-27 下午4:43;LEFT_CLICK_BLOCK;Baneist;DIM:0;-239;79;486;|;-23;7;48
22-2-27 下午4:43;RIGHT_CLICK_BLOCK;Baneist;DIM:0;-239;78;486;|;-23;7;48
22-2-27 下午4:43;RIGHT_CLICK_BLOCK;Baneist;DIM:0;-239;79;486;|;-23;7;48
22-2-27 下午4:43;LEFT_CLICK_BLOCK;Baneist;DIM:0;-239;79;486;|;-23;7;48
22-2-27 下午4:43;RIGHT_CLICK_BLOCK;Baneist;DIM:0;-239;78;484;|;-23;7;48
22-2-27 下午4:43;RIGHT_CLICK_BLOCK;Baneist;DIM:0;-238;78;484;|;-23;7;48
22-2-27 下午4:43;RIGHT_CLICK_BLOCK;Baneist;DIM:0;-237;78;484;|;-23;7;48
22-2-27 下午4:43;RIGHT_CLICK_BLOCK;Baneist;DIM:0;-237;78;485;|;-23;7;48
22-2-27 下午4:43;LEFT_CLICK_BLOCK;Baneist;DIM:0;-237;79;485;|;-23;7;48
22-2-27 下午4:43;RIGHT_CLICK_BLOCK;Baneist;DIM:0;-237;78;483;|;-23;7;48
22-2-27 下午4:43;RIGHT_CLICK_BLOCK;Baneist;DIM:0;-238;78;483;|;-23;7;48
22-2-27 下午4:43;RIGHT_CLICK_BLOCK;Baneist;DIM:0;-238;78;484;|;-23;7;48
22-2-27 下午4:43;RIGHT_CLICK_BLOCK;Baneist;DIM:0;-239;78;486;|;-23;7;48
22-2-27 下午4:43;RIGHT_CLICK_BLOCK;Baneist;DIM:0;-239;79;486;|;-23;7;48
22-2-27 下午4:43;RIGHT_CLICK_BLOCK;Baneist;DIM:0;-239;79;486;|;-23;7;48
22-2-27 下午4:43;RIGHT_CLICK_BLOCK;Baneist;DIM:0;-239;79;486;|;-23;7;48
22-2-27 下午4:43;RIGHT_CLICK_BLOCK;Baneist;DIM:0;-239;79;486;|;-23;7;48
22-2-27 下午4:44;RIGHT_CLICK_BLOCK;Baneist;DIM:0;-239;79;486;|;-23;7;48
22-2-27 下午4:44;RIGHT_CLICK_BLOCK;Baneist;DIM:0;-239;79;486;|;-23;7;48
22-2-27 下午4:44;RIGHT_CLICK_BLOCK;Baneist;DIM:0;-239;79;486;|;-23;7;48
22-2-27 下午4:44;RIGHT_CLICK_BLOCK;Baneist;DIM:0;-236;79;485;|;-23;7;48
22-2-27 下午4:44;LEFT_CLICK_BLOCK;Baneist;DIM:0;-236;78;486;|;-23;7;48
22-2-27 下午4:44;LEFT_CLICK_BLOCK;Baneist;DIM:0;-236;79;485;|;-23;7;48
22-2-27 下午4:45;RIGHT_CLICK_BLOCK;Baneist;DIM:0;-237;78;486;|;-23;7;48
22-2-27 下午4:45;RIGHT_CLICK_BLOCK;Baneist;DIM:0;-241;78;485;|;-24;7;48
22-2-27 下午4:45;LEFT_CLICK_BLOCK;Baneist;DIM:0;-241;79;485;|;-24;7;48
22-2-27 下午4:45;RIGHT_CLICK_BLOCK;Baneist;DIM:0;-240;78;486;|;-24;7;48
22-2-27 下午4:45;RIGHT_CLICK_BLOCK;Baneist;DIM:0;-241;78;486;|;-24;7;48
22-2-27 下午4:45;RIGHT_CLICK_BLOCK;Baneist;DIM:0;-242;78;486;|;-24;7;48
22-2-27 下午4:45;RIGHT_CLICK_BLOCK;Baneist;DIM:0;-241;79;486;|;-24;7;48
22-2-27 下午4:45;RIGHT_CLICK_BLOCK;Baneist;DIM:0;-241;78;485;|;-24;7;48
22-2-27 下午4:45;RIGHT_CLICK_BLOCK;Baneist;DIM:0;-241;79;486;|;-24;7;48
22-2-27 下午4:45;RIGHT_CLICK_BLOCK;Baneist;DIM:0;-241;78;487;|;-24;7;48
22-2-27 下午4:46;LEFT_CLICK_BLOCK;Baneist;DIM:0;-241;79;487;|;-24;7;48
22-2-27 下午4:46;RIGHT_CLICK_BLOCK;Baneist;DIM:0;-242;78;485;|;-24;7;48
22-2-27 下午4:46;LEFT_CLICK_BLOCK;Baneist;DIM:0;-239;79;486;|;-23;7;48
22-2-27 下午4:46;RIGHT_CLICK_BLOCK;Baneist;DIM:0;-239;78;486;|;-23;7;48
22-2-27 下午4:46;RIGHT_CLICK_BLOCK;Baneist;DIM:0;-241;78;484;|;-24;7;48
22-2-27 下午4:46;RIGHT_CLICK_BLOCK;Baneist;DIM:0;-242;78;484;|;-24;7;48
22-2-27 下午4:46;LEFT_CLICK_BLOCK;Baneist;DIM:0;-219;77;500;|;-21;7;50
22-2-27 下午4:46;LEFT_CLICK_BLOCK;Baneist;DIM:0;-220;77;500;|;-22;7;50
22-2-27 下午4:46;LEFT_CLICK_BLOCK;Baneist;DIM:0;-222;77;500;|;-22;7;50
22-2-27 下午4:46;LEFT_CLICK_BLOCK;Baneist;DIM:0;-223;77;500;|;-22;7;50
22-2-27 下午4:46;LEFT_CLICK_BLOCK;Baneist;DIM:0;-225;77;500;|;-22;7;50
22-2-27 下午4:46;LEFT_CLICK_BLOCK;Baneist;DIM:0;-225;76;500;|;-22;7;50
22-2-27 下午4:46;LEFT_CLICK_BLOCK;Baneist;DIM:0;-225;76;499;|;-22;7;49
22-2-27 下午4:46;LEFT_CLICK_BLOCK;Baneist;DIM:0;-225;76;498;|;-22;7;49
22-2-27 下午4:46;LEFT_CLICK_BLOCK;Baneist;DIM:0;-224;77;498;|;-22;7;49
22-2-27 下午4:46;LEFT_CLICK_BLOCK;Baneist;DIM:0;-224;76;498;|;-22;7;49
22-2-27 下午4:46;LEFT_CLICK_BLOCK;Baneist;DIM:0;-220;76;498;|;-22;7;49
22-2-27 下午4:46;LEFT_CLICK_BLOCK;Baneist;DIM:0;-218;77;498;|;-21;7;49
22-2-27 下午4:46;LEFT_CLICK_BLOCK;Baneist;DIM:0;-217;77;498;|;-21;7;49
22-2-27 下午4:46;LEFT_CLICK_BLOCK;Baneist;DIM:0;-218;77;497;|;-21;7;49
22-2-27 下午4:46;LEFT_CLICK_BLOCK;Baneist;DIM:0;-220;78;498;|;-22;7;49
22-2-27 下午4:46;LEFT_CLICK_BLOCK;Baneist;DIM:0;-219;78;498;|;-21;7;49
22-2-27 下午4:46;LEFT_CLICK_BLOCK;Baneist;DIM:0;-220;78;499;|;-22;7;49
22-2-27 下午4:46;LEFT_CLICK_BLOCK;Baneist;DIM:0;-219;78;499;|;-21;7;49
22-2-27 下午4:46;LEFT_CLICK_BLOCK;Baneist;DIM:0;-219;79;499;|;-21;7;49
22-2-27 下午4:46;LEFT_CLICK_BLOCK;Baneist;DIM:0;-218;78;499;|;-21;7;49
22-2-27 下午4:46;LEFT_CLICK_BLOCK;Baneist;DIM:0;-218;78;497;|;-21;7;49
22-2-27 下午4:46;LEFT_CLICK_BLOCK;Baneist;DIM:0;-217;78;497;|;-21;7;49
22-2-27 下午4:46;LEFT_CLICK_BLOCK;Baneist;DIM:0;-217;77;497;|;-21;7;49
22-2-27 下午4:46;LEFT_CLICK_BLOCK;Baneist;DIM:0;-217;77;496;|;-21;7;49
22-2-27 下午4:46;LEFT_CLICK_BLOCK;Baneist;DIM:0;-217;76;497;|;-21;7;49
22-2-27 下午4:46;LEFT_CLICK_BLOCK;Baneist;DIM:0;-216;77;497;|;-21;7;49
22-2-27 下午4:46;LEFT_CLICK_BLOCK;Baneist;DIM:0;-216;76;497;|;-21;7;49
22-2-27 下午4:46;LEFT_CLICK_BLOCK;Baneist;DIM:0;-217;76;496;|;-21;7;49
22-2-27 下午4:46;LEFT_CLICK_BLOCK;Baneist;DIM:0;-219;76;496;|;-21;7;49
22-2-27 下午4:46;LEFT_CLICK_BLOCK;Baneist;DIM:0;-218;77;496;|;-21;7;49
22-2-27 下午4:46;LEFT_CLICK_BLOCK;Baneist;DIM:0;-218;76;496;|;-21;7;49
22-2-27 下午4:46;LEFT_CLICK_BLOCK;Baneist;DIM:0;-219;77;496;|;-21;7;49
22-2-27 下午4:46;LEFT_CLICK_BLOCK;Baneist;DIM:0;-220;77;496;|;-22;7;49
22-2-27 下午4:46;LEFT_CLICK_BLOCK;Baneist;DIM:0;-219;78;497;|;-21;7;49
22-2-27 下午4:46;LEFT_CLICK_BLOCK;Baneist;DIM:0;-218;79;497;|;-21;7;49
22-2-27 下午4:46;LEFT_CLICK_BLOCK;Baneist;DIM:0;-219;79;497;|;-21;7;49
22-2-27 下午4:46;LEFT_CLICK_BLOCK;Baneist;DIM:0;-218;80;497;|;-21;8;49
22-2-27 下午4:46;LEFT_CLICK_BLOCK;Baneist;DIM:0;-218;80;498;|;-21;8;49
22-2-27 下午4:46;LEFT_CLICK_BLOCK;Baneist;DIM:0;-217;80;497;|;-21;8;49
22-2-27 下午4:46;LEFT_CLICK_BLOCK;Baneist;DIM:0;-216;80;497;|;-21;8;49
22-2-27 下午4:46;LEFT_CLICK_BLOCK;Baneist;DIM:0;-216;79;497;|;-21;7;49
22-2-27 下午4:46;LEFT_CLICK_BLOCK;Baneist;DIM:0;-216;80;498;|;-21;8;49
22-2-27 下午4:46;LEFT_CLICK_BLOCK;Baneist;DIM:0;-215;80;497;|;-21;8;49
22-2-27 下午4:46;LEFT_CLICK_BLOCK;Baneist;DIM:0;-215;80;498;|;-21;8;49
22-2-27 下午4:46;LEFT_CLICK_BLOCK;Baneist;DIM:0;-215;80;499;|;-21;8;49
22-2-27 下午4:46;LEFT_CLICK_BLOCK;Baneist;DIM:0;-216;80;499;|;-21;8;49
22-2-27 下午4:46;LEFT_CLICK_BLOCK;Baneist;DIM:0;-215;80;500;|;-21;8;50
22-2-27 下午4:46;LEFT_CLICK_BLOCK;Baneist;DIM:0;-216;80;500;|;-21;8;50
22-2-27 下午4:46;LEFT_CLICK_BLOCK;Baneist;DIM:0;-215;80;501;|;-21;8;50
22-2-27 下午4:46;LEFT_CLICK_BLOCK;Baneist;DIM:0;-215;80;502;|;-21;8;50
22-2-27 下午4:46;LEFT_CLICK_BLOCK;Baneist;DIM:0;-217;80;500;|;-21;8;50
22-2-27 下午4:46;LEFT_CLICK_BLOCK;Baneist;DIM:0;-218;80;500;|;-21;8;50
22-2-27 下午4:46;LEFT_CLICK_BLOCK;Baneist;DIM:0;-217;80;499;|;-21;8;49
22-2-27 下午4:46;LEFT_CLICK_BLOCK;Baneist;DIM:0;-217;80;498;|;-21;8;49
22-2-27 下午4:46;LEFT_CLICK_BLOCK;Baneist;DIM:0;-218;80;499;|;-21;8;49
22-2-27 下午4:46;LEFT_CLICK_BLOCK;Baneist;DIM:0;-219;80;498;|;-21;8;49
22-2-27 下午4:46;LEFT_CLICK_BLOCK;Baneist;DIM:0;-219;80;499;|;-21;8;49
22-2-27 下午4:46;LEFT_CLICK_BLOCK;Baneist;DIM:0;-219;80;497;|;-21;8;49
22-2-27 下午4:46;LEFT_CLICK_BLOCK;Baneist;DIM:0;-220;80;498;|;-22;8;49
22-2-27 下午4:46;LEFT_CLICK_BLOCK;Baneist;DIM:0;-220;80;499;|;-22;8;49
22-2-27 下午4:46;LEFT_CLICK_BLOCK;Baneist;DIM:0;-220;80;500;|;-22;8;50
22-2-27 下午4:46;LEFT_CLICK_BLOCK;Baneist;DIM:0;-219;80;500;|;-21;8;50
22-2-27 下午4:46;LEFT_CLICK_BLOCK;Baneist;DIM:0;-221;80;499;|;-22;8;49
22-2-27 下午4:46;LEFT_CLICK_BLOCK;Baneist;DIM:0;-221;80;500;|;-22;8;50
22-2-27 下午4:46;LEFT_CLICK_BLOCK;Baneist;DIM:0;-222;80;500;|;-22;8;50
22-2-27 下午4:46;LEFT_CLICK_BLOCK;Baneist;DIM:0;-223;80;500;|;-22;8;50
22-2-27 下午4:46;LEFT_CLICK_BLOCK;Baneist;DIM:0;-224;80;500;|;-22;8;50
22-2-27 下午4:46;LEFT_CLICK_BLOCK;Baneist;DIM:0;-225;80;500;|;-22;8;50
22-2-27 下午4:46;LEFT_CLICK_BLOCK;Baneist;DIM:0;-225;80;499;|;-22;8;49
22-2-27 下午4:46;LEFT_CLICK_BLOCK;Baneist;DIM:0;-226;80;499;|;-22;8;49
22-2-27 下午4:46;LEFT_CLICK_BLOCK;Baneist;DIM:0;-226;80;498;|;-22;8;49
22-2-27 下午4:46;LEFT_CLICK_BLOCK;Baneist;DIM:0;-226;80;500;|;-22;8;50
22-2-27 下午4:47;LEFT_CLICK_BLOCK;Baneist;DIM:0;-226;80;497;|;-22;8;49
22-2-27 下午4:47;LEFT_CLICK_BLOCK;Baneist;DIM:0;-225;80;498;|;-22;8;49
22-2-27 下午4:47;LEFT_CLICK_BLOCK;Baneist;DIM:0;-225;80;497;|;-22;8;49
22-2-27 下午4:47;LEFT_CLICK_BLOCK;Baneist;DIM:0;-224;80;498;|;-22;8;49
22-2-27 下午4:47;LEFT_CLICK_BLOCK;Baneist;DIM:0;-223;80;498;|;-22;8;49
22-2-27 下午4:47;LEFT_CLICK_BLOCK;Baneist;DIM:0;-222;80;498;|;-22;8;49
22-2-27 下午4:47;LEFT_CLICK_BLOCK;Baneist;DIM:0;-222;79;499;|;-22;7;49
22-2-27 下午4:47;LEFT_CLICK_BLOCK;Baneist;DIM:0;-223;80;499;|;-22;8;49
22-2-27 下午4:47;LEFT_CLICK_BLOCK;Baneist;DIM:0;-224;80;497;|;-22;8;49
22-2-27 下午4:47;LEFT_CLICK_BLOCK;Baneist;DIM:0;-223;80;497;|;-22;8;49
22-2-27 下午4:47;LEFT_CLICK_BLOCK;Baneist;DIM:0;-224;80;499;|;-22;8;49
22-2-27 下午4:47;LEFT_CLICK_BLOCK;Baneist;DIM:0;-222;80;499;|;-22;8;49
22-2-27 下午4:47;LEFT_CLICK_BLOCK;Baneist;DIM:0;-221;80;498;|;-22;8;49
22-2-27 下午4:47;LEFT_CLICK_BLOCK;Baneist;DIM:0;-221;80;497;|;-22;8;49
22-2-27 下午4:47;LEFT_CLICK_BLOCK;Baneist;DIM:0;-220;80;497;|;-22;8;49
22-2-27 下午4:47;LEFT_CLICK_BLOCK;Baneist;DIM:0;-220;79;497;|;-22;7;49
22-2-27 下午4:47;LEFT_CLICK_BLOCK;Baneist;DIM:0;-222;80;497;|;-22;8;49
22-2-27 下午4:47;LEFT_CLICK_BLOCK;Baneist;DIM:0;-222;79;498;|;-22;7;49
22-2-27 下午4:47;LEFT_CLICK_BLOCK;Baneist;DIM:0;-221;78;499;|;-22;7;49
22-2-27 下午4:47;LEFT_CLICK_BLOCK;Baneist;DIM:0;-221;79;498;|;-22;7;49
22-2-27 下午4:47;LEFT_CLICK_BLOCK;Baneist;DIM:0;-222;78;498;|;-22;7;49
22-2-27 下午4:47;LEFT_CLICK_BLOCK;Baneist;DIM:0;-221;78;498;|;-22;7;49
22-2-27 下午4:47;LEFT_CLICK_BLOCK;Baneist;DIM:0;-223;79;498;|;-22;7;49
22-2-27 下午4:47;LEFT_CLICK_BLOCK;Baneist;DIM:0;-217;76;500;|;-21;7;50
22-2-27 下午4:47;LEFT_CLICK_BLOCK;Baneist;DIM:0;-217;76;499;|;-21;7;49
22-2-27 下午4:47;LEFT_CLICK_BLOCK;Baneist;DIM:0;-216;77;499;|;-21;7;49
22-2-27 下午4:47;LEFT_CLICK_BLOCK;Baneist;DIM:0;-216;77;498;|;-21;7;49
22-2-27 下午4:47;LEFT_CLICK_BLOCK;Baneist;DIM:0;-217;76;498;|;-21;7;49
22-2-27 下午4:47;LEFT_CLICK_BLOCK;Baneist;DIM:0;-218;76;498;|;-21;7;49
22-2-27 下午4:47;LEFT_CLICK_BLOCK;Baneist;DIM:0;-218;76;497;|;-21;7;49
22-2-27 下午4:47;LEFT_CLICK_BLOCK;Baneist;DIM:0;-219;76;497;|;-21;7;49
22-2-27 下午4:47;LEFT_CLICK_BLOCK;Baneist;DIM:0;-221;76;497;|;-22;7;49
22-2-27 下午4:47;LEFT_CLICK_BLOCK;Baneist;DIM:0;-220;76;497;|;-22;7;49
22-2-27 下午4:47;LEFT_CLICK_BLOCK;Baneist;DIM:0;-220;76;496;|;-22;7;49
22-2-27 下午4:47;LEFT_CLICK_BLOCK;Baneist;DIM:0;-221;77;497;|;-22;7;49
22-2-27 下午4:47;LEFT_CLICK_BLOCK;Baneist;DIM:0;-222;77;497;|;-22;7;49
22-2-27 下午4:47;LEFT_CLICK_BLOCK;Baneist;DIM:0;-222;76;497;|;-22;7;49
22-2-27 下午4:47;LEFT_CLICK_BLOCK;Baneist;DIM:0;-222;75;497;|;-22;7;49
22-2-27 下午4:47;LEFT_CLICK_BLOCK;Baneist;DIM:0;-223;76;497;|;-22;7;49
22-2-27 下午4:47;LEFT_CLICK_BLOCK;Baneist;DIM:0;-225;75;498;|;-22;7;49
22-2-27 下午4:47;LEFT_CLICK_BLOCK;Baneist;DIM:0;-223;77;497;|;-22;7;49
22-2-27 下午4:47;LEFT_CLICK_BLOCK;Baneist;DIM:0;-224;77;497;|;-22;7;49
22-2-27 下午4:47;LEFT_CLICK_BLOCK;Baneist;DIM:0;-225;77;497;|;-22;7;49
22-2-27 下午4:47;LEFT_CLICK_BLOCK;Baneist;DIM:0;-224;76;497;|;-22;7;49
22-2-27 下午4:47;RIGHT_CLICK_BLOCK;Baneist;DIM:0;-223;75;497;|;-22;7;49
22-2-27 下午4:47;LEFT_CLICK_BLOCK;Baneist;DIM:0;-223;76;497;|;-22;7;49
22-2-27 下午4:47;RIGHT_CLICK_BLOCK;Baneist;DIM:0;-226;77;497;|;-22;7;49
22-2-27 下午4:47;LEFT_CLICK_BLOCK;Baneist;DIM:0;-225;76;497;|;-22;7;49
22-2-27 下午4:47;LEFT_CLICK_BLOCK;Baneist;DIM:0;-226;76;497;|;-22;7;49
22-2-27 下午4:47;LEFT_CLICK_BLOCK;Baneist;DIM:0;-227;75;497;|;-22;7;49
22-2-27 下午4:47;LEFT_CLICK_BLOCK;Baneist;DIM:0;-226;77;497;|;-22;7;49
22-2-27 下午4:47;RIGHT_CLICK_BLOCK;Baneist;DIM:0;-226;77;498;|;-22;7;49
22-2-27 下午4:47;RIGHT_CLICK_BLOCK;Baneist;DIM:0;-228;75;497;|;-22;7;49
22-2-27 下午4:47;RIGHT_CLICK_BLOCK;Baneist;DIM:0;-225;74;498;|;-22;7;49
22-2-27 下午4:47;RIGHT_CLICK_BLOCK;Baneist;DIM:0;-225;75;500;|;-22;7;50
22-2-27 下午4:47;RIGHT_CLICK_BLOCK;Baneist;DIM:0;-225;75;499;|;-22;7;49
22-2-27 下午4:47;RIGHT_CLICK_BLOCK;Baneist;DIM:0;-225;75;498;|;-22;7;49
22-2-27 下午4:47;LEFT_CLICK_BLOCK;Baneist;DIM:0;-223;76;499;|;-22;7;49
22-2-27 下午4:47;LEFT_CLICK_BLOCK;Baneist;DIM:0;-222;76;499;|;-22;7;49
22-2-27 下午4:47;LEFT_CLICK_BLOCK;Baneist;DIM:0;-225;76;498;|;-22;7;49
22-2-27 下午4:47;RIGHT_CLICK_BLOCK;Baneist;DIM:0;-225;75;498;|;-22;7;49
22-2-27 下午4:47;LEFT_CLICK_BLOCK;Baneist;DIM:0;-225;76;499;|;-22;7;49
22-2-27 下午4:47;LEFT_CLICK_BLOCK;Baneist;DIM:0;-225;76;500;|;-22;7;50
22-2-27 下午4:47;RIGHT_CLICK_BLOCK;Baneist;DIM:0;-225;75;500;|;-22;7;50
22-2-27 下午4:47;RIGHT_CLICK_BLOCK;Baneist;DIM:0;-225;75;499;|;-22;7;49
22-2-27 下午4:47;RIGHT_CLICK_BLOCK;Baneist;DIM:0;-226;77;498;|;-22;7;49
22-2-27 下午4:47;RIGHT_CLICK_BLOCK;Baneist;DIM:0;-225;77;498;|;-22;7;49
22-2-27 下午4:47;RIGHT_CLICK_BLOCK;Baneist;DIM:0;-224;77;499;|;-22;7;49
22-2-27 下午4:47;RIGHT_CLICK_BLOCK;Baneist;DIM:0;-224;77;498;|;-22;7;49
22-2-27 下午4:47;LEFT_CLICK_BLOCK;Baneist;DIM:0;-224;77;498;|;-22;7;49
22-2-27 下午4:47;LEFT_CLICK_BLOCK;Baneist;DIM:0;-226;77;497;|;-22;7;49
22-2-27 下午4:47;LEFT_CLICK_BLOCK;Baneist;DIM:0;-224;77;497;|;-22;7;49
22-2-27 下午4:47;RIGHT_CLICK_BLOCK;Baneist;DIM:0;-225;77;498;|;-22;7;49
22-2-27 下午4:47;RIGHT_CLICK_BLOCK;Baneist;DIM:0;-223;77;498;|;-22;7;49
22-2-27 下午4:48;RIGHT_CLICK_BLOCK;Baneist;DIM:0;-222;77;498;|;-22;7;49
22-2-27 下午4:48;LEFT_CLICK_BLOCK;Baneist;DIM:0;-221;76;499;|;-22;7;49
22-2-27 下午4:48;LEFT_CLICK_BLOCK;Baneist;DIM:0;-220;76;499;|;-22;7;49
22-2-27 下午4:48;LEFT_CLICK_BLOCK;Baneist;DIM:0;-219;76;499;|;-21;7;49
22-2-27 下午4:48;RIGHT_CLICK_BLOCK;Baneist;DIM:0;-219;75;499;|;-21;7;49
22-2-27 下午4:48;RIGHT_CLICK_BLOCK;Baneist;DIM:0;-220;75;499;|;-22;7;49
22-2-27 下午4:48;RIGHT_CLICK_BLOCK;Baneist;DIM:0;-222;75;499;|;-22;7;49
22-2-27 下午4:48;RIGHT_CLICK_BLOCK;Baneist;DIM:0;-223;75;499;|;-22;7;49
22-2-27 下午4:48;RIGHT_CLICK_BLOCK;Baneist;DIM:0;-221;75;499;|;-22;7;49
22-2-27 下午4:48;RIGHT_CLICK_BLOCK;Baneist;DIM:0;-218;75;499;|;-21;7;49
22-2-27 下午4:48;RIGHT_CLICK_BLOCK;Baneist;DIM:0;-217;75;500;|;-21;7;50
22-2-27 下午4:48;RIGHT_CLICK_BLOCK;Baneist;DIM:0;-217;75;499;|;-21;7;49
22-2-27 下午4:48;LEFT_CLICK_BLOCK;Baneist;DIM:0;-217;76;499;|;-21;7;49
22-2-27 下午4:48;RIGHT_CLICK_BLOCK;Baneist;DIM:0;-217;75;499;|;-21;7;49
22-2-27 下午4:48;RIGHT_CLICK_BLOCK;Baneist;DIM:0;-218;75;498;|;-21;7;49
22-2-27 下午4:48;RIGHT_CLICK_BLOCK;Baneist;DIM:0;-218;75;498;|;-21;7;49
22-2-27 下午4:48;LEFT_CLICK_BLOCK;Baneist;DIM:0;-218;76;498;|;-21;7;49
22-2-27 下午4:48;RIGHT_CLICK_BLOCK;Baneist;DIM:0;-222;77;498;|;-22;7;49
22-2-27 下午4:48;RIGHT_CLICK_BLOCK;Baneist;DIM:0;-221;77;498;|;-22;7;49
22-2-27 下午4:48;RIGHT_CLICK_BLOCK;Baneist;DIM:0;-220;77;498;|;-22;7;49
22-2-27 下午4:48;RIGHT_CLICK_BLOCK;Baneist;DIM:0;-219;77;498;|;-21;7;49
22-2-27 下午4:48;RIGHT_CLICK_BLOCK;Baneist;DIM:0;-218;75;498;|;-21;7;49
22-2-27 下午4:48;RIGHT_CLICK_BLOCK;Baneist;DIM:0;-219;75;498;|;-21;7;49
22-2-27 下午4:48;RIGHT_CLICK_BLOCK;Baneist;DIM:0;-218;75;497;|;-21;7;49
22-2-27 下午4:48;LEFT_CLICK_BLOCK;Baneist;DIM:0;-218;76;497;|;-21;7;49
22-2-27 下午4:48;LEFT_CLICK_BLOCK;Baneist;DIM:0;-218;77;498;|;-21;7;49
22-2-27 下午4:48;LEFT_CLICK_BLOCK;Baneist;DIM:0;-219;77;498;|;-21;7;49
22-2-27 下午4:48;LEFT_CLICK_BLOCK;Baneist;DIM:0;-219;76;498;|;-21;7;49
22-2-27 下午4:49;RIGHT_CLICK_BLOCK;Baneist;DIM:0;-218;76;498;|;-21;7;49
22-2-27 下午4:49;LEFT_CLICK_BLOCK;Baneist;DIM:0;-218;76;498;|;-21;7;49
22-2-27 下午4:49;RIGHT_CLICK_BLOCK;Baneist;DIM:0;-218;76;498;|;-21;7;49
22-2-27 下午4:49;RIGHT_CLICK_BLOCK;Baneist;DIM:0;-220;77;498;|;-22;7;49
22-2-27 下午4:49;LEFT_CLICK_BLOCK;Baneist;DIM:0;-218;77;498;|;-21;7;49
22-2-27 下午4:49;LEFT_CLICK_BLOCK;Baneist;DIM:0;-218;76;498;|;-21;7;49
22-2-27 下午4:49;LEFT_CLICK_BLOCK;Baneist;DIM:0;-218;76;499;|;-21;7;49
22-2-27 下午4:49;LEFT_CLICK_BLOCK;Baneist;DIM:0;-218;76;500;|;-21;7;50
22-2-27 下午4:49;LEFT_CLICK_BLOCK;Baneist;DIM:0;-218;77;500;|;-21;7;50
22-2-27 下午4:49;LEFT_CLICK_BLOCK;Baneist;DIM:0;-218;79;499;|;-21;7;49
22-2-27 下午4:49;LEFT_CLICK_BLOCK;Baneist;DIM:0;-217;79;499;|;-21;7;49
22-2-27 下午4:49;LEFT_CLICK_BLOCK;Baneist;DIM:0;-217;76;499;|;-21;7;49
22-2-27 下午4:49;LEFT_CLICK_BLOCK;Baneist;DIM:0;-217;77;500;|;-21;7;50
22-2-27 下午4:49;RIGHT_CLICK_BLOCK;Baneist;DIM:0;-218;75;500;|;-21;7;50
22-2-27 下午4:49;LEFT_CLICK_BLOCK;Baneist;DIM:0;-218;76;500;|;-21;7;50
22-2-27 下午4:49;RIGHT_CLICK_BLOCK;Baneist;DIM:0;-218;75;499;|;-21;7;49
22-2-27 下午4:49;LEFT_CLICK_BLOCK;Baneist;DIM:0;-218;76;499;|;-21;7;49
22-2-27 下午4:49;RIGHT_CLICK_BLOCK;Baneist;DIM:0;-218;75;499;|;-21;7;49
22-2-27 下午4:49;RIGHT_CLICK_BLOCK;Baneist;DIM:0;-218;75;500;|;-21;7;50
22-2-27 下午4:49;RIGHT_CLICK_BLOCK;Baneist;DIM:0;-218;76;500;|;-21;7;50
22-2-27 下午4:49;RIGHT_CLICK_BLOCK;Baneist;DIM:0;-218;75;500;|;-21;7;50
22-2-27 下午4:49;RIGHT_CLICK_BLOCK;Baneist;DIM:0;-218;76;500;|;-21;7;50
22-2-27 下午4:49;LEFT_CLICK_BLOCK;Baneist;DIM:0;-218;77;500;|;-21;7;50
22-2-27 下午4:49;RIGHT_CLICK_BLOCK;Baneist;DIM:0;-218;76;500;|;-21;7;50
22-2-27 下午4:49;LEFT_CLICK_BLOCK;Baneist;DIM:0;-219;77;498;|;-21;7;49
22-2-27 下午4:49;LEFT_CLICK_BLOCK;Baneist;DIM:0;-220;77;498;|;-22;7;49
22-2-27 下午4:49;LEFT_CLICK_BLOCK;Baneist;DIM:0;-221;77;498;|;-22;7;49
22-2-27 下午4:49;LEFT_CLICK_BLOCK;Baneist;DIM:0;-222;77;498;|;-22;7;49
22-2-27 下午4:49;LEFT_CLICK_BLOCK;Baneist;DIM:0;-223;77;498;|;-22;7;49
22-2-27 下午4:49;LEFT_CLICK_BLOCK;Baneist;DIM:0;-224;77;498;|;-22;7;49
22-2-27 下午4:49;LEFT_CLICK_BLOCK;Baneist;DIM:0;-225;76;498;|;-22;7;49
22-2-27 下午4:49;LEFT_CLICK_BLOCK;Baneist;DIM:0;-225;77;498;|;-22;7;49
22-2-27 下午4:49;LEFT_CLICK_BLOCK;Baneist;DIM:0;-224;77;499;|;-22;7;49
22-2-27 下午4:50;RIGHT_CLICK_BLOCK;Baneist;DIM:0;-225;76;499;|;-22;7;49
22-2-27 下午4:50;RIGHT_CLICK_BLOCK;Baneist;DIM:0;-225;77;499;|;-22;7;49
22-2-27 下午4:50;LEFT_CLICK_BLOCK;Baneist;DIM:0;-224;77;499;|;-22;7;49
22-2-27 下午4:50;LEFT_CLICK_BLOCK;Baneist;DIM:0;-225;77;499;|;-22;7;49
22-2-27 下午4:50;LEFT_CLICK_BLOCK;Baneist;DIM:0;-224;76;499;|;-22;7;49
22-2-27 下午4:50;RIGHT_CLICK_BLOCK;Baneist;DIM:0;-225;76;499;|;-22;7;49
22-2-27 下午4:50;RIGHT_CLICK_BLOCK;Baneist;DIM:0;-224;76;499;|;-22;7;49
22-2-27 下午4:50;RIGHT_CLICK_BLOCK;Baneist;DIM:0;-223;76;499;|;-22;7;49
22-2-27 下午4:50;RIGHT_CLICK_BLOCK;Baneist;DIM:0;-222;76;499;|;-22;7;49
22-2-27 下午4:50;RIGHT_CLICK_BLOCK;Baneist;DIM:0;-221;76;499;|;-22;7;49
22-2-27 下午4:50;RIGHT_CLICK_BLOCK;Baneist;DIM:0;-220;76;499;|;-22;7;49
22-2-27 下午4:50;RIGHT_CLICK_BLOCK;Baneist;DIM:0;-217;75;499;|;-21;7;49
22-2-27 下午4:50;LEFT_CLICK_BLOCK;Baneist;DIM:0;-220;78;497;|;-22;7;49
22-2-27 下午4:50;LEFT_CLICK_BLOCK;Baneist;DIM:0;-220;79;499;|;-22;7;49
22-2-27 下午4:50;LEFT_CLICK_BLOCK;Baneist;DIM:0;-220;79;500;|;-22;7;50
22-2-27 下午4:50;LEFT_CLICK_BLOCK;Baneist;DIM:0;-221;79;500;|;-22;7;50
22-2-27 下午4:50;LEFT_CLICK_BLOCK;Baneist;DIM:0;-222;79;500;|;-22;7;50
22-2-27 下午4:50;LEFT_CLICK_BLOCK;Baneist;DIM:0;-223;79;500;|;-22;7;50
22-2-27 下午4:50;LEFT_CLICK_BLOCK;Baneist;DIM:0;-223;79;499;|;-22;7;49
22-2-27 下午4:50;LEFT_CLICK_BLOCK;Baneist;DIM:0;-222;78;499;|;-22;7;49
22-2-27 下午4:50;LEFT_CLICK_BLOCK;Baneist;DIM:0;-223;78;499;|;-22;7;49
22-2-27 下午4:50;LEFT_CLICK_BLOCK;Baneist;DIM:0;-224;79;500;|;-22;7;50
22-2-27 下午4:50;LEFT_CLICK_BLOCK;Baneist;DIM:0;-225;79;500;|;-22;7;50
22-2-27 下午4:50;LEFT_CLICK_BLOCK;Baneist;DIM:0;-224;79;499;|;-22;7;49
22-2-27 下午4:50;LEFT_CLICK_BLOCK;Baneist;DIM:0;-226;78;499;|;-22;7;49
22-2-27 下午4:50;LEFT_CLICK_BLOCK;Baneist;DIM:0;-224;78;499;|;-22;7;49
22-2-27 下午4:50;LEFT_CLICK_BLOCK;Baneist;DIM:0;-226;79;500;|;-22;7;50
22-2-27 下午4:50;LEFT_CLICK_BLOCK;Baneist;DIM:0;-225;79;498;|;-22;7;49
22-2-27 下午4:50;LEFT_CLICK_BLOCK;Baneist;DIM:0;-226;79;498;|;-22;7;49
22-2-27 下午4:50;LEFT_CLICK_BLOCK;Baneist;DIM:0;-226;79;499;|;-22;7;49
22-2-27 下午4:50;LEFT_CLICK_BLOCK;Baneist;DIM:0;-225;79;497;|;-22;7;49
22-2-27 下午4:50;LEFT_CLICK_BLOCK;Baneist;DIM:0;-224;79;497;|;-22;7;49
22-2-27 下午4:50;LEFT_CLICK_BLOCK;Baneist;DIM:0;-223;79;497;|;-22;7;49
22-2-27 下午4:50;LEFT_CLICK_BLOCK;Baneist;DIM:0;-224;78;497;|;-22;7;49
22-2-27 下午4:50;LEFT_CLICK_BLOCK;Baneist;DIM:0;-225;78;497;|;-22;7;49
22-2-27 下午4:50;LEFT_CLICK_BLOCK;Baneist;DIM:0;-226;78;498;|;-22;7;49
22-2-27 下午4:50;LEFT_CLICK_BLOCK;Baneist;DIM:0;-226;79;497;|;-22;7;49
22-2-27 下午4:50;LEFT_CLICK_BLOCK;Baneist;DIM:0;-226;78;497;|;-22;7;49
22-2-27 下午4:50;LEFT_CLICK_BLOCK;Baneist;DIM:0;-223;78;497;|;-22;7;49
22-2-27 下午4:50;LEFT_CLICK_BLOCK;Baneist;DIM:0;-222;78;497;|;-22;7;49
22-2-27 下午4:50;LEFT_CLICK_BLOCK;Baneist;DIM:0;-221;78;497;|;-22;7;49
22-2-27 下午4:50;LEFT_CLICK_BLOCK;Baneist;DIM:0;-222;79;497;|;-22;7;49
22-2-27 下午4:50;LEFT_CLICK_BLOCK;Baneist;DIM:0;-221;79;497;|;-22;7;49
22-2-27 下午4:50;LEFT_CLICK_BLOCK;Baneist;DIM:0;-216;78;497;|;-21;7;49
22-2-27 下午4:50;LEFT_CLICK_BLOCK;Baneist;DIM:0;-217;79;497;|;-21;7;49
22-2-27 下午4:50;LEFT_CLICK_BLOCK;Baneist;DIM:0;-215;79;497;|;-21;7;49
22-2-27 下午4:50;LEFT_CLICK_BLOCK;Baneist;DIM:0;-215;79;498;|;-21;7;49
22-2-27 下午4:50;LEFT_CLICK_BLOCK;Baneist;DIM:0;-215;78;498;|;-21;7;49
22-2-27 下午4:50;LEFT_CLICK_BLOCK;Baneist;DIM:0;-215;79;499;|;-21;7;49
22-2-27 下午4:50;LEFT_CLICK_BLOCK;Baneist;DIM:0;-216;79;499;|;-21;7;49
22-2-27 下午4:50;LEFT_CLICK_BLOCK;Baneist;DIM:0;-215;78;499;|;-21;7;49
22-2-27 下午4:50;LEFT_CLICK_BLOCK;Baneist;DIM:0;-215;77;498;|;-21;7;49
22-2-27 下午4:50;LEFT_CLICK_BLOCK;Baneist;DIM:0;-215;78;497;|;-21;7;49
22-2-27 下午4:50;LEFT_CLICK_BLOCK;Baneist;DIM:0;-215;77;497;|;-21;7;49
22-2-27 下午4:50;LEFT_CLICK_BLOCK;Baneist;DIM:0;-215;76;497;|;-21;7;49
22-2-27 下午4:50;LEFT_CLICK_BLOCK;Baneist;DIM:0;-215;76;498;|;-21;7;49
22-2-27 下午4:50;LEFT_CLICK_BLOCK;Baneist;DIM:0;-215;77;499;|;-21;7;49
22-2-27 下午4:50;LEFT_CLICK_BLOCK;Baneist;DIM:0;-215;79;500;|;-21;7;50
22-2-27 下午4:50;LEFT_CLICK_BLOCK;Baneist;DIM:0;-215;79;502;|;-21;7;50
22-2-27 下午4:50;LEFT_CLICK_BLOCK;Baneist;DIM:0;-216;79;500;|;-21;7;50
22-2-27 下午4:50;LEFT_CLICK_BLOCK;Baneist;DIM:0;-217;79;500;|;-21;7;50
22-2-27 下午4:50;LEFT_CLICK_BLOCK;Baneist;DIM:0;-218;79;500;|;-21;7;50
22-2-27 下午4:50;LEFT_CLICK_BLOCK;Baneist;DIM:0;-219;79;500;|;-21;7;50
22-2-27 下午4:50;LEFT_CLICK_BLOCK;Baneist;DIM:0;-216;76;498;|;-21;7;49
22-2-27 下午4:50;RIGHT_CLICK_BLOCK;Baneist;DIM:0;-226;76;498;|;-22;7;49
22-2-27 下午4:50;RIGHT_CLICK_BLOCK;Baneist;DIM:0;-224;75;498;|;-22;7;49
22-2-27 下午4:50;RIGHT_CLICK_BLOCK;Baneist;DIM:0;-224;76;498;|;-22;7;49
22-2-27 下午4:50;RIGHT_CLICK_BLOCK;Baneist;DIM:0;-223;76;498;|;-22;7;49
22-2-27 下午4:50;RIGHT_CLICK_BLOCK;Baneist;DIM:0;-221;75;498;|;-22;7;49
22-2-27 下午4:50;RIGHT_CLICK_BLOCK;Baneist;DIM:0;-220;75;498;|;-22;7;49
22-2-27 下午4:50;RIGHT_CLICK_BLOCK;Baneist;DIM:0;-218;75;498;|;-21;7;49
22-2-27 下午4:50;RIGHT_CLICK_BLOCK;Baneist;DIM:0;-217;75;498;|;-21;7;49
22-2-27 下午4:50;RIGHT_CLICK_BLOCK;Baneist;DIM:0;-215;75;498;|;-21;7;49
22-2-27 下午4:50;RIGHT_CLICK_BLOCK;Baneist;DIM:0;-217;76;498;|;-21;7;49
22-2-27 下午4:50;LEFT_CLICK_BLOCK;Baneist;DIM:0;-216;76;498;|;-21;7;49
22-2-27 下午4:50;LEFT_CLICK_BLOCK;Baneist;DIM:0;-215;76;498;|;-21;7;49
22-2-27 下午4:50;LEFT_CLICK_BLOCK;Baneist;DIM:0;-215;76;499;|;-21;7;49
22-2-27 下午4:50;RIGHT_CLICK_BLOCK;Baneist;DIM:0;-216;75;498;|;-21;7;49
22-2-27 下午4:50;RIGHT_CLICK_BLOCK;Baneist;DIM:0;-216;76;499;|;-21;7;49
22-2-27 下午4:50;RIGHT_CLICK_BLOCK;Baneist;DIM:0;-216;76;498;|;-21;7;49
22-2-27 下午4:50;RIGHT_CLICK_BLOCK;Baneist;DIM:0;-216;77;499;|;-21;7;49
22-2-27 下午4:50;RIGHT_CLICK_BLOCK;Baneist;DIM:0;-216;77;498;|;-21;7;49
22-2-27 下午4:50;RIGHT_CLICK_BLOCK;Baneist;DIM:0;-217;77;499;|;-21;7;49
22-2-27 下午4:50;RIGHT_CLICK_BLOCK;Baneist;DIM:0;-217;77;498;|;-21;7;49
22-2-27 下午4:50;RIGHT_CLICK_BLOCK;Baneist;DIM:0;-218;77;499;|;-21;7;49
22-2-27 下午4:50;RIGHT_CLICK_BLOCK;Baneist;DIM:0;-218;77;498;|;-21;7;49
22-2-27 下午4:50;RIGHT_CLICK_BLOCK;Baneist;DIM:0;-219;77;499;|;-21;7;49
22-2-27 下午4:50;RIGHT_CLICK_BLOCK;Baneist;DIM:0;-220;77;499;|;-22;7;49
22-2-27 下午4:50;RIGHT_CLICK_BLOCK;Baneist;DIM:0;-219;77;498;|;-21;7;49
22-2-27 下午4:50;RIGHT_CLICK_BLOCK;Baneist;DIM:0;-220;77;498;|;-22;7;49
22-2-27 下午4:50;RIGHT_CLICK_BLOCK;Baneist;DIM:0;-221;77;498;|;-22;7;49
22-2-27 下午4:50;RIGHT_CLICK_BLOCK;Baneist;DIM:0;-221;77;500;|;-22;7;50
22-2-27 下午4:50;RIGHT_CLICK_BLOCK;Baneist;DIM:0;-221;77;499;|;-22;7;49
22-2-27 下午4:50;RIGHT_CLICK_BLOCK;Baneist;DIM:0;-222;77;500;|;-22;7;50
22-2-27 下午4:50;RIGHT_CLICK_BLOCK;Baneist;DIM:0;-222;77;499;|;-22;7;49
22-2-27 下午4:50;RIGHT_CLICK_BLOCK;Baneist;DIM:0;-223;77;499;|;-22;7;49
22-2-27 下午4:50;RIGHT_CLICK_BLOCK;Baneist;DIM:0;-224;76;499;|;-22;7;49
22-2-27 下午4:50;RIGHT_CLICK_BLOCK;Baneist;DIM:0;-224;77;499;|;-22;7;49
22-2-27 下午4:50;RIGHT_CLICK_BLOCK;Baneist;DIM:0;-224;77;498;|;-22;7;49
22-2-27 下午4:50;RIGHT_CLICK_BLOCK;Baneist;DIM:0;-224;77;499;|;-22;7;49
22-2-27 下午4:50;RIGHT_CLICK_BLOCK;Baneist;DIM:0;-219;75;498;|;-21;7;49
22-2-27 下午4:51;RIGHT_CLICK_BLOCK;Baneist;DIM:0;-216;77;500;|;-21;7;50
22-2-27 下午4:51;RIGHT_CLICK_BLOCK;Baneist;DIM:0;-218;77;499;|;-21;7;49
22-2-27 下午4:51;RIGHT_CLICK_BLOCK;Baneist;DIM:0;-219;77;499;|;-21;7;49
22-2-27 下午4:51;RIGHT_CLICK_BLOCK;Baneist;DIM:0;-220;77;499;|;-22;7;49
22-2-27 下午4:51;RIGHT_CLICK_BLOCK;Baneist;DIM:0;-225;77;499;|;-22;7;49
22-2-27 下午4:51;RIGHT_CLICK_BLOCK;Baneist;DIM:0;-225;76;501;|;-22;7;50
22-2-27 下午4:51;RIGHT_CLICK_BLOCK;Baneist;DIM:0;-225;76;500;|;-22;7;50
22-2-27 下午4:51;RIGHT_CLICK_BLOCK;Baneist;DIM:0;-225;75;500;|;-22;7;50
22-2-27 下午4:51;LEFT_CLICK_BLOCK;Baneist;DIM:0;-225;76;500;|;-22;7;50
22-2-27 下午4:52;RIGHT_CLICK_BLOCK;Baneist;DIM:0;-220;75;504;|;-22;7;50
22-2-27 下午4:52;LEFT_CLICK_BLOCK;Baneist;DIM:0;-220;76;504;|;-22;7;50
22-2-27 下午4:53;RIGHT_CLICK_BLOCK;Baneist;DIM:0;-148;57;503;|;-14;5;50
22-2-27 下午4:53;LEFT_CLICK_BLOCK;Baneist;DIM:0;-148;57;503;|;-14;5;50
22-2-27 下午4:53;LEFT_CLICK_BLOCK;Baneist;DIM:0;-145;57;503;|;-14;5;50
22-2-27 下午4:53;RIGHT_CLICK_BLOCK;Baneist;DIM:0;-148;56;502;|;-14;5;50
22-2-27 下午4:53;RIGHT_CLICK_BLOCK;Baneist;DIM:0;-147;59;502;|;-14;5;50
22-2-27 下午4:53;LEFT_CLICK_BLOCK;Baneist;DIM:0;-148;59;502;|;-14;5;50
22-2-27 下午4:53;RIGHT_CLICK_BLOCK;Baneist;DIM:0;-148;58;502;|;-14;5;50
22-2-27 下午4:53;RIGHT_CLICK_BLOCK;Baneist;DIM:0;-149;59;502;|;-14;5;50
22-2-27 下午4:53;RIGHT_CLICK_BLOCK;Baneist;DIM:0;-148;60;501;|;-14;6;50
22-2-27 下午4:53;LEFT_CLICK_BLOCK;Baneist;DIM:0;-148;59;501;|;-14;5;50
22-2-27 下午4:53;RIGHT_CLICK_BLOCK;Baneist;DIM:0;-148;60;501;|;-14;6;50
22-2-27 下午4:53;LEFT_CLICK_BLOCK;Baneist;DIM:0;-148;59;501;|;-14;5;50
22-2-27 下午4:53;RIGHT_CLICK_BLOCK;Baneist;DIM:0;-148;60;501;|;-14;6;50
22-2-27 下午4:53;LEFT_CLICK_BLOCK;Baneist;DIM:0;-148;59;502;|;-14;5;50
22-2-27 下午4:54;LEFT_CLICK_BLOCK;Baneist;DIM:0;-148;59;501;|;-14;5;50
22-2-27 下午4:54;RIGHT_CLICK_BLOCK;Baneist;DIM:0;-149;59;502;|;-14;5;50
22-2-27 下午4:54;RIGHT_CLICK_BLOCK;Baneist;DIM:0;-150;59;502;|;-15;5;50
22-2-27 下午4:54;RIGHT_CLICK_BLOCK;Baneist;DIM:0;-148;59;502;|;-14;5;50
22-2-27 下午4:54;LEFT_CLICK_BLOCK;Baneist;DIM:0;-148;59;502;|;-14;5;50
22-2-27 下午4:54;RIGHT_CLICK_BLOCK;Baneist;DIM:0;-148;60;501;|;-14;6;50
22-2-27 下午4:54;RIGHT_CLICK_BLOCK;Baneist;DIM:0;-149;60;501;|;-14;6;50
22-2-27 下午4:54;LEFT_CLICK_BLOCK;Baneist;DIM:0;-149;59;501;|;-14;5;50
22-2-27 下午4:54;RIGHT_CLICK_BLOCK;Baneist;DIM:0;-149;58;502;|;-14;5;50
22-2-27 下午4:54;RIGHT_CLICK_BLOCK;Baneist;DIM:0;-150;58;502;|;-15;5;50
22-2-27 下午4:54;RIGHT_CLICK_BLOCK;Baneist;DIM:0;-149;58;502;|;-14;5;50
22-2-27 下午4:54;LEFT_CLICK_BLOCK;Baneist;DIM:0;-150;58;501;|;-15;5;50
22-2-27 下午4:54;LEFT_CLICK_BLOCK;Baneist;DIM:0;-149;58;501;|;-14;5;50
22-2-27 下午4:54;LEFT_CLICK_BLOCK;Baneist;DIM:0;-148;59;501;|;-14;5;50
22-2-27 下午4:54;LEFT_CLICK_BLOCK;Baneist;DIM:0;-148;59;502;|;-14;5;50
22-2-27 下午4:54;LEFT_CLICK_BLOCK;Baneist;DIM:0;-149;59;501;|;-14;5;50
22-2-27 下午4:54;LEFT_CLICK_BLOCK;Baneist;DIM:0;-150;58;502;|;-15;5;50
22-2-27 下午4:54;LEFT_CLICK_BLOCK;Baneist;DIM:0;-151;58;502;|;-15;5;50
22-2-27 下午4:55;RIGHT_CLICK_BLOCK;Baneist;DIM:0;-150;57;502;|;-15;5;50
22-2-27 下午4:55;RIGHT_CLICK_BLOCK;Baneist;DIM:0;-151;57;502;|;-15;5;50
22-2-27 下午4:55;LEFT_CLICK_BLOCK;Baneist;DIM:0;-151;58;502;|;-15;5;50
22-2-27 下午4:55;RIGHT_CLICK_BLOCK;Baneist;DIM:0;-151;57;502;|;-15;5;50
22-2-27 下午4:55;LEFT_CLICK_BLOCK;Baneist;DIM:0;-151;58;502;|;-15;5;50
22-2-27 下午4:55;LEFT_CLICK_BLOCK;Baneist;DIM:0;-150;58;502;|;-15;5;50
22-2-27 下午4:55;LEFT_CLICK_BLOCK;Baneist;DIM:0;-148;57;502;|;-14;5;50
22-2-27 下午4:55;RIGHT_CLICK_BLOCK;Baneist;DIM:0;-147;58;502;|;-14;5;50
22-2-27 下午4:55;RIGHT_CLICK_BLOCK;Baneist;DIM:0;-146;57;503;|;-14;5;50
22-2-27 下午4:55;RIGHT_CLICK_BLOCK;Baneist;DIM:0;-144;57;503;|;-14;5;50
22-2-27 下午4:55;RIGHT_CLICK_BLOCK;Baneist;DIM:0;-149;57;503;|;-14;5;50
22-2-27 下午4:55;RIGHT_CLICK_BLOCK;Baneist;DIM:0;-148;56;503;|;-14;5;50
22-2-27 下午4:55;RIGHT_CLICK_BLOCK;Baneist;DIM:0;-145;56;503;|;-14;5;50
22-2-27 下午4:55;LEFT_CLICK_BLOCK;Baneist;DIM:0;-145;58;503;|;-14;5;50
22-2-27 下午4:55;LEFT_CLICK_BLOCK;Baneist;DIM:0;-149;58;502;|;-14;5;50
22-2-27 下午4:55;LEFT_CLICK_BLOCK;Baneist;DIM:0;-150;58;503;|;-15;5;50
22-2-27 下午4:55;RIGHT_CLICK_BLOCK;Baneist;DIM:0;-150;57;503;|;-15;5;50
22-2-27 下午4:55;RIGHT_CLICK_BLOCK;Baneist;DIM:0;-149;57;502;|;-14;5;50
22-2-27 下午4:55;RIGHT_CLICK_BLOCK;Baneist;DIM:0;-149;58;502;|;-14;5;50
22-2-27 下午4:55;RIGHT_CLICK_BLOCK;Baneist;DIM:0;-150;57;502;|;-15;5;50
22-2-27 下午4:55;LEFT_CLICK_BLOCK;Baneist;DIM:0;-150;58;502;|;-15;5;50
22-2-27 下午4:55;RIGHT_CLICK_BLOCK;Baneist;DIM:0;-149;57;502;|;-14;5;50
22-2-27 下午4:55;RIGHT_CLICK_BLOCK;Baneist;DIM:0;-149;58;502;|;-14;5;50
22-2-27 下午4:55;LEFT_CLICK_BLOCK;Baneist;DIM:0;-149;58;502;|;-14;5;50
22-2-27 下午4:55;LEFT_CLICK_BLOCK;Baneist;DIM:0;-148;58;503;|;-14;5;50
22-2-27 下午4:55;RIGHT_CLICK_BLOCK;Baneist;DIM:0;-148;56;502;|;-14;5;50
22-2-27 下午4:55;RIGHT_CLICK_BLOCK;Baneist;DIM:0;-145;56;502;|;-14;5;50
22-2-27 下午4:55;LEFT_CLICK_BLOCK;Baneist;DIM:0;-145;58;502;|;-14;5;50
22-2-27 下午4:55;RIGHT_CLICK_BLOCK;Baneist;DIM:0;-149;57;502;|;-14;5;50
22-2-27 下午4:55;LEFT_CLICK_BLOCK;Baneist;DIM:0;-149;58;502;|;-14;5;50
22-2-27 下午4:55;RIGHT_CLICK_BLOCK;Baneist;DIM:0;-149;57;502;|;-14;5;50
22-2-27 下午4:55;LEFT_CLICK_BLOCK;Baneist;DIM:0;-150;57;502;|;-15;5;50
22-2-27 下午4:55;RIGHT_CLICK_BLOCK;Baneist;DIM:0;-150;57;503;|;-15;5;50
22-2-27 下午4:55;RIGHT_CLICK_BLOCK;Baneist;DIM:0;-150;57;502;|;-15;5;50
22-2-27 下午4:55;LEFT_CLICK_BLOCK;Baneist;DIM:0;-150;58;502;|;-15;5;50
22-2-27 下午4:55;LEFT_CLICK_BLOCK;Baneist;DIM:0;-149;58;502;|;-14;5;50
22-2-27 下午4:56;RIGHT_CLICK_BLOCK;Baneist;DIM:0;-149;57;502;|;-14;5;50
22-2-27 下午4:56;RIGHT_CLICK_BLOCK;Baneist;DIM:0;-150;57;502;|;-15;5;50
22-2-27 下午4:56;LEFT_CLICK_BLOCK;Baneist;DIM:0;-150;58;502;|;-15;5;50
22-2-27 下午4:56;LEFT_CLICK_BLOCK;Baneist;DIM:0;-149;58;502;|;-14;5;50
22-2-27 下午4:56;RIGHT_CLICK_BLOCK;Baneist;DIM:0;-149;57;502;|;-14;5;50
22-2-27 下午4:56;LEFT_CLICK_BLOCK;Baneist;DIM:0;-149;58;502;|;-14;5;50
22-2-27 下午4:56;RIGHT_CLICK_BLOCK;Baneist;DIM:0;-149;57;502;|;-14;5;50
22-2-27 下午4:56;LEFT_CLICK_BLOCK;Baneist;DIM:0;-146;58;502;|;-14;5;50
22-2-27 下午4:56;LEFT_CLICK_BLOCK;Baneist;DIM:0;-147;58;502;|;-14;5;50
22-2-27 下午4:56;RIGHT_CLICK_BLOCK;Baneist;DIM:0;-146;57;502;|;-14;5;50
22-2-27 下午4:56;RIGHT_CLICK_BLOCK;Baneist;DIM:0;-145;56;503;|;-14;5;50
22-2-27 下午4:56;LEFT_CLICK_BLOCK;Baneist;DIM:0;-145;57;503;|;-14;5;50
22-2-27 下午4:56;RIGHT_CLICK_BLOCK;Baneist;DIM:0;-145;56;503;|;-14;5;50
22-2-27 下午4:56;LEFT_CLICK_BLOCK;Baneist;DIM:0;-148;57;502;|;-14;5;50
22-2-27 下午4:56;RIGHT_CLICK_BLOCK;Baneist;DIM:0;-148;56;503;|;-14;5;50
22-2-27 下午4:56;RIGHT_CLICK_BLOCK;Baneist;DIM:0;-150;57;502;|;-15;5;50
22-2-27 下午4:56;LEFT_CLICK_BLOCK;Baneist;DIM:0;-150;58;502;|;-15;5;50
22-2-27 下午4:56;LEFT_CLICK_BLOCK;Baneist;DIM:0;-148;58;503;|;-14;5;50
22-2-27 下午4:56;RIGHT_CLICK_BLOCK;Baneist;DIM:0;-148;56;502;|;-14;5;50
22-2-27 下午4:56;LEFT_CLICK_BLOCK;Baneist;DIM:0;-145;57;503;|;-14;5;50
22-2-27 下午4:56;RIGHT_CLICK_BLOCK;Baneist;DIM:0;-147;57;502;|;-14;5;50
22-2-27 下午4:56;LEFT_CLICK_BLOCK;Baneist;DIM:0;-147;58;502;|;-14;5;50
22-2-27 下午4:56;RIGHT_CLICK_BLOCK;Baneist;DIM:0;-147;57;502;|;-14;5;50
22-2-27 下午4:56;RIGHT_CLICK_BLOCK;Baneist;DIM:0;-150;57;502;|;-15;5;50
22-2-27 下午4:56;RIGHT_CLICK_BLOCK;Baneist;DIM:0;-151;57;502;|;-15;5;50
22-2-27 下午4:56;LEFT_CLICK_BLOCK;Baneist;DIM:0;-151;58;502;|;-15;5;50
22-2-27 下午4:56;RIGHT_CLICK_BLOCK;Baneist;DIM:0;-147;58;502;|;-14;5;50
22-2-27 下午4:56;RIGHT_CLICK_BLOCK;Baneist;DIM:0;-147;58;502;|;-14;5;50
22-2-27 下午4:56;RIGHT_CLICK_BLOCK;Baneist;DIM:0;-150;58;503;|;-15;5;50
22-2-27 下午4:56;LEFT_CLICK_BLOCK;Baneist;DIM:0;-150;59;502;|;-15;5;50
22-2-27 下午4:56;LEFT_CLICK_BLOCK;Baneist;DIM:0;-149;59;502;|;-14;5;50
22-2-27 下午4:56;LEFT_CLICK_BLOCK;Baneist;DIM:0;-147;59;502;|;-14;5;50
22-2-27 下午4:56;LEFT_CLICK_BLOCK;Baneist;DIM:0;-147;59;501;|;-14;5;50
22-2-27 下午4:56;LEFT_CLICK_BLOCK;Baneist;DIM:0;-146;59;502;|;-14;5;50
22-2-27 下午4:56;RIGHT_CLICK_BLOCK;Baneist;DIM:0;-147;58;502;|;-14;5;50
22-2-27 下午4:56;RIGHT_CLICK_BLOCK;Baneist;DIM:0;-147;59;502;|;-14;5;50
22-2-27 下午4:56;RIGHT_CLICK_BLOCK;Baneist;DIM:0;-148;59;502;|;-14;5;50
22-2-27 下午4:57;RIGHT_CLICK_BLOCK;Baneist;DIM:0;-150;59;503;|;-15;5;50
22-2-27 下午4:57;RIGHT_CLICK_BLOCK;Baneist;DIM:0;-151;60;501;|;-15;6;50
22-2-27 下午4:57;LEFT_CLICK_BLOCK;Baneist;DIM:0;-151;59;501;|;-15;5;50
22-2-27 下午4:57;RIGHT_CLICK_BLOCK;Baneist;DIM:0;-151;59;503;|;-15;5;50
22-2-27 下午4:57;RIGHT_CLICK_BLOCK;Baneist;DIM:0;-151;58;503;|;-15;5;50
22-2-27 下午4:57;RIGHT_CLICK_BLOCK;Baneist;DIM:0;-152;59;501;|;-15;5;50
22-2-27 下午4:57;LEFT_CLICK_BLOCK;Baneist;DIM:0;-146;59;501;|;-14;5;50
22-2-27 下午4:57;RIGHT_CLICK_BLOCK;Baneist;DIM:0;-147;58;503;|;-14;5;50
22-2-27 下午4:57;RIGHT_CLICK_BLOCK;Baneist;DIM:0;-146;58;503;|;-14;5;50
22-2-27 下午4:57;LEFT_CLICK_BLOCK;Baneist;DIM:0;-149;59;503;|;-14;5;50
22-2-27 下午4:57;RIGHT_CLICK_BLOCK;Baneist;DIM:0;-149;58;503;|;-14;5;50
22-2-27 下午4:57;RIGHT_CLICK_BLOCK;Baneist;DIM:0;-149;59;503;|;-14;5;50
22-2-27 下午4:57;RIGHT_CLICK_BLOCK;Baneist;DIM:0;-148;60;504;|;-14;6;50
22-2-27 下午4:57;LEFT_CLICK_BLOCK;Baneist;DIM:0;-148;59;504;|;-14;5;50
22-2-27 下午4:57;RIGHT_CLICK_BLOCK;Baneist;DIM:0;-147;59;503;|;-14;5;50
22-2-27 下午4:57;LEFT_CLICK_BLOCK;Baneist;DIM:0;-144;59;503;|;-14;5;50
22-2-27 下午4:57;RIGHT_CLICK_BLOCK;Baneist;DIM:0;-144;59;502;|;-14;5;50
22-2-27 下午4:57;RIGHT_CLICK_BLOCK;Baneist;DIM:0;-144;59;503;|;-14;5;50
22-2-27 下午4:57;LEFT_CLICK_BLOCK;Baneist;DIM:0;-144;59;504;|;-14;5;50
22-2-27 下午4:57;RIGHT_CLICK_BLOCK;Baneist;DIM:0;-144;59;503;|;-14;5;50
22-2-27 下午4:57;RIGHT_CLICK_BLOCK;Baneist;DIM:0;-145;56;503;|;-14;5;50
22-2-27 下午4:57;LEFT_CLICK_BLOCK;Baneist;DIM:0;-145;57;503;|;-14;5;50
22-2-27 下午4:57;RIGHT_CLICK_BLOCK;Baneist;DIM:0;-145;56;502;|;-14;5;50
22-2-27 下午4:57;LEFT_CLICK_BLOCK;Baneist;DIM:0;-145;58;502;|;-14;5;50
22-2-27 下午4:57;RIGHT_CLICK_BLOCK;Baneist;DIM:0;-151;58;502;|;-15;5;50
22-2-27 下午4:57;LEFT_CLICK_BLOCK;Baneist;DIM:0;-151;58;501;|;-15;5;50
22-2-27 下午4:57;LEFT_CLICK_BLOCK;Baneist;DIM:0;-150;57;502;|;-15;5;50
22-2-27 下午4:57;RIGHT_CLICK_BLOCK;Baneist;DIM:0;-150;56;502;|;-15;5;50
22-2-27 下午4:57;LEFT_CLICK_BLOCK;Baneist;DIM:0;-150;57;502;|;-15;5;50
22-2-27 下午4:57;RIGHT_CLICK_BLOCK;Baneist;DIM:0;-150;57;503;|;-15;5;50
22-2-27 下午4:57;RIGHT_CLICK_BLOCK;Baneist;DIM:0;-150;57;502;|;-15;5;50
22-2-27 下午4:57;LEFT_CLICK_BLOCK;Baneist;DIM:0;-151;58;502;|;-15;5;50
22-2-27 下午4:57;RIGHT_CLICK_BLOCK;Baneist;DIM:0;-151;57;502;|;-15;5;50
22-2-27 下午4:57;RIGHT_CLICK_BLOCK;Baneist;DIM:0;-145;56;502;|;-14;5;50
22-2-27 下午4:57;LEFT_CLICK_BLOCK;Baneist;DIM:0;-145;57;502;|;-14;5;50
22-2-27 下午4:57;RIGHT_CLICK_BLOCK;Baneist;DIM:0;-145;56;502;|;-14;5;50
22-2-27 下午4:57;LEFT_CLICK_BLOCK;Baneist;DIM:0;-146;58;502;|;-14;5;50
22-2-27 下午4:57;RIGHT_CLICK_BLOCK;Baneist;DIM:0;-146;57;502;|;-14;5;50
22-2-27 下午4:57;LEFT_CLICK_BLOCK;Baneist;DIM:0;-151;58;502;|;-15;5;50
22-2-27 下午4:58;RIGHT_CLICK_BLOCK;Baneist;DIM:0;-151;58;503;|;-15;5;50
22-2-27 下午4:58;LEFT_CLICK_BLOCK;Baneist;DIM:0;-151;58;502;|;-15;5;50
22-2-27 下午4:58;RIGHT_CLICK_BLOCK;Baneist;DIM:0;-151;58;503;|;-15;5;50
22-2-27 下午4:58;RIGHT_CLICK_BLOCK;Baneist;DIM:0;-145;59;503;|;-14;5;50
22-2-27 下午4:58;RIGHT_CLICK_BLOCK;Baneist;DIM:0;-146;59;503;|;-14;5;50
22-2-27 下午4:58;LEFT_CLICK_BLOCK;Baneist;DIM:0;-146;59;502;|;-14;5;50
22-2-27 下午4:58;LEFT_CLICK_BLOCK;Baneist;DIM:0;-145;59;502;|;-14;5;50
22-2-27 下午4:58;RIGHT_CLICK_BLOCK;Baneist;DIM:0;-147;60;501;|;-14;6;50
22-2-27 下午4:58;LEFT_CLICK_BLOCK;Baneist;DIM:0;-147;59;500;|;-14;5;50
22-2-27 下午4:58;RIGHT_CLICK_BLOCK;Baneist;DIM:0;-147;60;500;|;-14;6;50
22-2-27 下午4:58;LEFT_CLICK_BLOCK;Baneist;DIM:0;-148;58;500;|;-14;5;50
22-2-27 下午4:58;LEFT_CLICK_BLOCK;Baneist;DIM:0;-149;58;500;|;-14;5;50
22-2-27 下午4:58;LEFT_CLICK_BLOCK;Baneist;DIM:0;-148;59;500;|;-14;5;50
22-2-27 下午4:58;LEFT_CLICK_BLOCK;Baneist;DIM:0;-149;59;500;|;-14;5;50
22-2-27 下午4:58;LEFT_CLICK_BLOCK;Baneist;DIM:0;-147;59;499;|;-14;5;49
22-2-27 下午4:58;LEFT_CLICK_BLOCK;Baneist;DIM:0;-148;59;499;|;-14;5;49
22-2-27 下午4:58;LEFT_CLICK_BLOCK;Baneist;DIM:0;-146;59;499;|;-14;5;49
22-2-27 下午4:58;LEFT_CLICK_BLOCK;Baneist;DIM:0;-145;59;499;|;-14;5;49
22-2-27 下午4:58;LEFT_CLICK_BLOCK;Baneist;DIM:0;-146;59;500;|;-14;5;50
22-2-27 下午4:58;LEFT_CLICK_BLOCK;Baneist;DIM:0;-145;59;500;|;-14;5;50
22-2-27 下午4:58;LEFT_CLICK_BLOCK;Baneist;DIM:0;-146;58;500;|;-14;5;50
22-2-27 下午4:58;LEFT_CLICK_BLOCK;Baneist;DIM:0;-147;58;500;|;-14;5;50
22-2-27 下午4:58;LEFT_CLICK_BLOCK;Baneist;DIM:0;-145;58;500;|;-14;5;50
22-2-27 下午4:58;LEFT_CLICK_BLOCK;Baneist;DIM:0;-144;58;500;|;-14;5;50
22-2-27 下午4:58;LEFT_CLICK_BLOCK;Baneist;DIM:0;-144;59;500;|;-14;5;50
22-2-27 下午4:58;LEFT_CLICK_BLOCK;Baneist;DIM:0;-143;58;500;|;-14;5;50
22-2-27 下午4:58;LEFT_CLICK_BLOCK;Baneist;DIM:0;-143;59;500;|;-14;5;50
22-2-27 下午4:58;LEFT_CLICK_BLOCK;Baneist;DIM:0;-144;59;499;|;-14;5;49
22-2-27 下午4:58;LEFT_CLICK_BLOCK;Baneist;DIM:0;-143;59;499;|;-14;5;49
22-2-27 下午4:58;LEFT_CLICK_BLOCK;Baneist;DIM:0;-143;57;498;|;-14;5;49
22-2-27 下午4:58;LEFT_CLICK_BLOCK;Baneist;DIM:0;-143;57;497;|;-14;5;49
22-2-27 下午4:58;LEFT_CLICK_BLOCK;Baneist;DIM:0;-143;57;496;|;-14;5;49
22-2-27 下午4:58;LEFT_CLICK_BLOCK;Baneist;DIM:0;-145;57;496;|;-14;5;49
22-2-27 下午4:58;LEFT_CLICK_BLOCK;Baneist;DIM:0;-144;57;496;|;-14;5;49
22-2-27 下午4:58;LEFT_CLICK_BLOCK;Baneist;DIM:0;-146;57;496;|;-14;5;49
22-2-27 下午4:58;LEFT_CLICK_BLOCK;Baneist;DIM:0;-146;57;495;|;-14;5;49
22-2-27 下午4:58;LEFT_CLICK_BLOCK;Baneist;DIM:0;-147;57;495;|;-14;5;49
22-2-27 下午4:58;LEFT_CLICK_BLOCK;Baneist;DIM:0;-148;57;495;|;-14;5;49
22-2-27 下午4:58;LEFT_CLICK_BLOCK;Baneist;DIM:0;-147;57;496;|;-14;5;49
22-2-27 下午4:58;LEFT_CLICK_BLOCK;Baneist;DIM:0;-148;57;496;|;-14;5;49
22-2-27 下午4:58;LEFT_CLICK_BLOCK;Baneist;DIM:0;-149;57;496;|;-14;5;49
22-2-27 下午4:58;LEFT_CLICK_BLOCK;Baneist;DIM:0;-150;57;496;|;-15;5;49
22-2-27 下午4:58;LEFT_CLICK_BLOCK;Baneist;DIM:0;-151;57;496;|;-15;5;49
22-2-27 下午4:58;LEFT_CLICK_BLOCK;Baneist;DIM:0;-151;57;497;|;-15;5;49
22-2-27 下午4:58;LEFT_CLICK_BLOCK;Baneist;DIM:0;-151;57;498;|;-15;5;49
22-2-27 下午4:58;LEFT_CLICK_BLOCK;Baneist;DIM:0;-151;57;499;|;-15;5;49
22-2-27 下午4:58;LEFT_CLICK_BLOCK;Baneist;DIM:0;-147;57;497;|;-14;5;49
22-2-27 下午4:58;LEFT_CLICK_BLOCK;Baneist;DIM:0;-149;57;499;|;-14;5;49
22-2-27 下午4:58;LEFT_CLICK_BLOCK;Baneist;DIM:0;-148;57;499;|;-14;5;49
22-2-27 下午4:58;LEFT_CLICK_BLOCK;Baneist;DIM:0;-147;57;499;|;-14;5;49
22-2-27 下午4:58;LEFT_CLICK_BLOCK;Baneist;DIM:0;-146;57;499;|;-14;5;49
22-2-27 下午4:58;LEFT_CLICK_BLOCK;Baneist;DIM:0;-145;57;499;|;-14;5;49
22-2-27 下午4:58;RIGHT_CLICK_BLOCK;Baneist;DIM:0;-145;56;499;|;-14;5;49
22-2-27 下午4:58;RIGHT_CLICK_BLOCK;Baneist;DIM:0;-146;56;499;|;-14;5;49
22-2-27 下午4:58;RIGHT_CLICK_BLOCK;Baneist;DIM:0;-147;56;499;|;-14;5;49
22-2-27 下午4:58;RIGHT_CLICK_BLOCK;Baneist;DIM:0;-148;56;499;|;-14;5;49
22-2-27 下午4:58;RIGHT_CLICK_BLOCK;Baneist;DIM:0;-149;56;499;|;-14;5;49
22-2-27 下午4:58;RIGHT_CLICK_BLOCK;Baneist;DIM:0;-151;56;499;|;-15;5;49
22-2-27 下午4:58;RIGHT_CLICK_BLOCK;Baneist;DIM:0;-151;57;499;|;-15;5;49
22-2-27 下午4:58;RIGHT_CLICK_BLOCK;Baneist;DIM:0;-151;56;499;|;-15;5;49
22-2-27 下午4:58;LEFT_CLICK_BLOCK;Baneist;DIM:0;-151;58;499;|;-15;5;49
22-2-27 下午4:58;RIGHT_CLICK_BLOCK;Baneist;DIM:0;-151;57;499;|;-15;5;49
22-2-27 下午4:58;RIGHT_CLICK_BLOCK;Baneist;DIM:0;-150;57;499;|;-15;5;49
22-2-27 下午4:58;RIGHT_CLICK_BLOCK;Baneist;DIM:0;-149;57;499;|;-14;5;49
22-2-27 下午4:58;RIGHT_CLICK_BLOCK;Baneist;DIM:0;-148;57;499;|;-14;5;49
22-2-27 下午4:58;RIGHT_CLICK_BLOCK;Baneist;DIM:0;-147;57;499;|;-14;5;49
22-2-27 下午4:59;LEFT_CLICK_BLOCK;Baneist;DIM:0;-147;58;499;|;-14;5;49
22-2-27 下午4:59;RIGHT_CLICK_BLOCK;Baneist;DIM:0;-147;57;499;|;-14;5;49
22-2-27 下午4:59;RIGHT_CLICK_BLOCK;Baneist;DIM:0;-146;57;499;|;-14;5;49
22-2-27 下午4:59;RIGHT_CLICK_BLOCK;Baneist;DIM:0;-146;57;499;|;-14;5;49
22-2-27 下午4:59;RIGHT_CLICK_BLOCK;Baneist;DIM:0;-145;57;499;|;-14;5;49
22-2-27 下午4:59;LEFT_CLICK_BLOCK;Baneist;DIM:0;-143;57;499;|;-14;5;49
22-2-27 下午4:59;LEFT_CLICK_BLOCK;Baneist;DIM:0;-144;57;500;|;-14;5;50
22-2-27 下午4:59;LEFT_CLICK_BLOCK;Baneist;DIM:0;-143;57;500;|;-14;5;50
22-2-27 下午4:59;RIGHT_CLICK_BLOCK;Baneist;DIM:0;-143;56;500;|;-14;5;50
22-2-27 下午4:59;RIGHT_CLICK_BLOCK;Baneist;DIM:0;-144;56;499;|;-14;5;49
22-2-27 下午4:59;RIGHT_CLICK_BLOCK;Baneist;DIM:0;-143;56;499;|;-14;5;49
22-2-27 下午4:59;RIGHT_CLICK_BLOCK;Baneist;DIM:0;-144;56;500;|;-14;5;50
22-2-27 下午4:59;LEFT_CLICK_BLOCK;Baneist;DIM:0;-143;57;499;|;-14;5;49
22-2-27 下午4:59;RIGHT_CLICK_BLOCK;Baneist;DIM:0;-144;57;500;|;-14;5;50
22-2-27 下午4:59;RIGHT_CLICK_BLOCK;Baneist;DIM:0;-143;56;499;|;-14;5;49
22-2-27 下午5:00;RIGHT_CLICK_BLOCK;Baneist;DIM:0;-142;58;500;|;-14;5;50
22-2-27 下午5:00;RIGHT_CLICK_BLOCK;Baneist;DIM:0;-143;58;500;|;-14;5;50
22-2-27 下午5:00;RIGHT_CLICK_BLOCK;Baneist;DIM:0;-143;58;500;|;-14;5;50
22-2-27 下午5:00;RIGHT_CLICK_BLOCK;Baneist;DIM:0;-143;58;500;|;-14;5;50
22-2-27 下午5:00;RIGHT_CLICK_BLOCK;Baneist;DIM:0;-143;58;501;|;-14;5;50
22-2-27 下午5:00;LEFT_CLICK_BLOCK;Baneist;DIM:0;-143;58;501;|;-14;5;50
22-2-27 下午5:00;RIGHT_CLICK_BLOCK;Baneist;DIM:0;-147;57;500;|;-14;5;50
22-2-27 下午5:01;LEFT_CLICK_BLOCK;Baneist;DIM:0;-143;58;499;|;-14;5;49
22-2-27 下午5:01;RIGHT_CLICK_BLOCK;Baneist;DIM:0;-147;58;500;|;-14;5;50
22-2-27 下午5:01;RIGHT_CLICK_BLOCK;Baneist;DIM:0;-147;58;501;|;-14;5;50
22-2-27 下午5:01;LEFT_CLICK_BLOCK;Baneist;DIM:0;-147;58;501;|;-14;5;50
22-2-27 下午5:01;RIGHT_CLICK_BLOCK;Baneist;DIM:0;-147;58;500;|;-14;5;50
22-2-27 下午5:01;RIGHT_CLICK_BLOCK;Baneist;DIM:0;-147;58;501;|;-14;5;50
22-2-27 下午5:01;RIGHT_CLICK_BLOCK;Baneist;DIM:0;-147;58;501;|;-14;5;50
22-2-27 下午5:01;RIGHT_CLICK_BLOCK;Baneist;DIM:0;-147;58;502;|;-14;5;50
22-2-27 下午5:02;RIGHT_CLICK_BLOCK;Baneist;DIM:0;-147;58;502;|;-14;5;50
22-2-27 下午5:02;RIGHT_CLICK_BLOCK;Baneist;DIM:0;-147;58;502;|;-14;5;50
22-2-27 下午5:02;RIGHT_CLICK_BLOCK;Baneist;DIM:0;-147;58;502;|;-14;5;50
22-2-27 下午5:02;LEFT_CLICK_BLOCK;Baneist;DIM:0;-147;58;501;|;-14;5;50
22-2-27 下午5:02;LEFT_CLICK_BLOCK;Baneist;DIM:0;-147;58;500;|;-14;5;50
22-2-27 下午5:02;RIGHT_CLICK_BLOCK;Baneist;DIM:0;-147;57;499;|;-14;5;49
22-2-27 下午5:02;RIGHT_CLICK_BLOCK;Baneist;DIM:0;-147;58;499;|;-14;5;49
22-2-27 下午5:02;RIGHT_CLICK_BLOCK;Baneist;DIM:0;-147;58;500;|;-14;5;50
22-2-27 下午5:03;RIGHT_CLICK_BLOCK;Baneist;DIM:0;-147;59;500;|;-14;5;50
22-2-27 下午5:03;LEFT_CLICK_BLOCK;Baneist;DIM:0;-147;58;500;|;-14;5;50
22-2-27 下午5:03;RIGHT_CLICK_BLOCK;Baneist;DIM:0;-147;58;502;|;-14;5;50
22-2-27 下午5:03;LEFT_CLICK_BLOCK;Baneist;DIM:0;-147;59;501;|;-14;5;50
22-2-27 下午5:03;LEFT_CLICK_BLOCK;Baneist;DIM:0;-147;58;502;|;-14;5;50
22-2-27 下午5:03;LEFT_CLICK_BLOCK;Baneist;DIM:0;-147;59;502;|;-14;5;50
22-2-27 下午5:03;LEFT_CLICK_BLOCK;Baneist;DIM:0;-148;59;502;|;-14;5;50
22-2-27 下午5:03;LEFT_CLICK_BLOCK;Baneist;DIM:0;-149;59;502;|;-14;5;50
22-2-27 下午5:03;LEFT_CLICK_BLOCK;Baneist;DIM:0;-150;59;502;|;-15;5;50
22-2-27 下午5:03;LEFT_CLICK_BLOCK;Baneist;DIM:0;-150;58;502;|;-15;5;50
22-2-27 下午5:03;RIGHT_CLICK_BLOCK;Baneist;DIM:0;-150;58;503;|;-15;5;50
22-2-27 下午5:03;RIGHT_CLICK_BLOCK;Baneist;DIM:0;-150;59;503;|;-15;5;50
22-2-27 下午5:03;RIGHT_CLICK_BLOCK;Baneist;DIM:0;-149;59;503;|;-14;5;50
22-2-27 下午5:03;RIGHT_CLICK_BLOCK;Baneist;DIM:0;-148;59;503;|;-14;5;50
22-2-27 下午5:03;RIGHT_CLICK_BLOCK;Baneist;DIM:0;-147;59;503;|;-14;5;50
22-2-27 下午5:03;RIGHT_CLICK_BLOCK;Baneist;DIM:0;-147;59;502;|;-14;5;50
22-2-27 下午5:03;RIGHT_CLICK_BLOCK;Baneist;DIM:0;-147;58;503;|;-14;5;50
22-2-27 下午5:03;LEFT_CLICK_BLOCK;Baneist;DIM:0;-147;59;500;|;-14;5;50
22-2-27 下午5:03;LEFT_CLICK_BLOCK;Baneist;DIM:0;-147;58;499;|;-14;5;49
22-2-27 下午5:03;RIGHT_CLICK_BLOCK;Baneist;DIM:0;-147;57;500;|;-14;5;50
22-2-27 下午5:04;RIGHT_CLICK_BLOCK;Baneist;DIM:0;-147;60;502;|;-14;6;50
22-2-27 下午5:04;RIGHT_CLICK_BLOCK;Baneist;DIM:0;-147;60;501;|;-14;6;50
22-2-27 下午5:04;RIGHT_CLICK_BLOCK;Baneist;DIM:0;-147;60;500;|;-14;6;50
22-2-27 下午5:04;RIGHT_CLICK_BLOCK;Baneist;DIM:0;-147;60;499;|;-14;6;49
22-2-27 下午5:04;RIGHT_CLICK_BLOCK;Baneist;DIM:0;-147;58;500;|;-14;5;50
22-2-27 下午5:04;RIGHT_CLICK_BLOCK;Baneist;DIM:0;-150;58;500;|;-15;5;50
22-2-27 下午5:04;LEFT_CLICK_BLOCK;Baneist;DIM:0;-150;58;500;|;-15;5;50
22-2-27 下午5:04;RIGHT_CLICK_BLOCK;Baneist;DIM:0;-151;58;500;|;-15;5;50
22-2-27 下午5:04;RIGHT_CLICK_BLOCK;Baneist;DIM:0;-147;58;501;|;-14;5;50
22-2-27 下午5:04;LEFT_CLICK_BLOCK;Baneist;DIM:0;-147;58;500;|;-14;5;50
22-2-27 下午5:04;RIGHT_CLICK_BLOCK;Baneist;DIM:0;-147;57;499;|;-14;5;49
22-2-27 下午5:04;RIGHT_CLICK_BLOCK;Baneist;DIM:0;-147;58;499;|;-14;5;49
22-2-27 下午5:04;RIGHT_CLICK_BLOCK;Baneist;DIM:0;-147;58;500;|;-14;5;50
22-2-27 下午5:04;RIGHT_CLICK_BLOCK;Baneist;DIM:0;-147;58;499;|;-14;5;49
22-2-27 下午5:04;RIGHT_CLICK_BLOCK;Baneist;DIM:0;-146;58;499;|;-14;5;49
22-2-27 下午5:04;LEFT_CLICK_BLOCK;Baneist;DIM:0;-148;59;498;|;-14;5;49
22-2-27 下午5:04;LEFT_CLICK_BLOCK;Baneist;DIM:0;-147;59;498;|;-14;5;49
22-2-27 下午5:04;LEFT_CLICK_BLOCK;Baneist;DIM:0;-146;59;498;|;-14;5;49
22-2-27 下午5:04;RIGHT_CLICK_BLOCK;Baneist;DIM:0;-147;58;499;|;-14;5;49
22-2-27 下午5:04;RIGHT_CLICK_BLOCK;Baneist;DIM:0;-147;60;498;|;-14;6;49
22-2-27 下午5:04;RIGHT_CLICK_BLOCK;Baneist;DIM:0;-147;59;498;|;-14;5;49
22-2-27 下午5:05;LEFT_CLICK_BLOCK;Baneist;DIM:0;-144;57;500;|;-14;5;50
22-2-27 下午5:05;LEFT_CLICK_BLOCK;Baneist;DIM:0;-144;57;499;|;-14;5;49
22-2-27 下午5:05;LEFT_CLICK_BLOCK;Baneist;DIM:0;-145;57;499;|;-14;5;49
22-2-27 下午5:05;LEFT_CLICK_BLOCK;Baneist;DIM:0;-144;57;499;|;-14;5;49
22-2-27 下午5:05;LEFT_CLICK_BLOCK;Baneist;DIM:0;-146;57;499;|;-14;5;49
22-2-27 下午5:05;LEFT_CLICK_BLOCK;Baneist;DIM:0;-147;57;499;|;-14;5;49
22-2-27 下午5:05;LEFT_CLICK_BLOCK;Baneist;DIM:0;-148;57;499;|;-14;5;49
22-2-27 下午5:05;LEFT_CLICK_BLOCK;Baneist;DIM:0;-149;57;499;|;-14;5;49
22-2-27 下午5:05;LEFT_CLICK_BLOCK;Baneist;DIM:0;-150;57;499;|;-15;5;49
22-2-27 下午5:05;LEFT_CLICK_BLOCK;Baneist;DIM:0;-151;57;499;|;-15;5;49
22-2-27 下午5:05;RIGHT_CLICK_BLOCK;Baneist;DIM:0;-147;60;498;|;-14;6;49
22-2-27 下午5:05;LEFT_CLICK_BLOCK;Baneist;DIM:0;-147;59;498;|;-14;5;49
22-2-27 下午5:05;LEFT_CLICK_BLOCK;Baneist;DIM:0;-147;59;499;|;-14;5;49
22-2-27 下午5:05;LEFT_CLICK_BLOCK;Baneist;DIM:0;-147;59;500;|;-14;5;50
22-2-27 下午5:05;LEFT_CLICK_BLOCK;Baneist;DIM:0;-147;59;501;|;-14;5;50
22-2-27 下午5:05;LEFT_CLICK_BLOCK;Baneist;DIM:0;-147;59;502;|;-14;5;50
22-2-27 下午5:05;LEFT_CLICK_BLOCK;Baneist;DIM:0;-147;59;498;|;-14;5;49
22-2-27 下午5:05;RIGHT_CLICK_BLOCK;Baneist;DIM:0;-147;57;499;|;-14;5;49
22-2-27 下午5:05;RIGHT_CLICK_BLOCK;Baneist;DIM:0;-147;58;500;|;-14;5;50
22-2-27 下午5:05;LEFT_CLICK_BLOCK;Baneist;DIM:0;-147;57;499;|;-14;5;49
22-2-27 下午5:06;RIGHT_CLICK_BLOCK;Baneist;DIM:0;-147;56;499;|;-14;5;49
22-2-27 下午5:06;RIGHT_CLICK_BLOCK;Baneist;DIM:0;-149;56;498;|;-14;5;49
22-2-27 下午5:06;RIGHT_CLICK_BLOCK;Baneist;DIM:0;-147;56;498;|;-14;5;49
22-2-27 下午5:06;LEFT_CLICK_BLOCK;Baneist;DIM:0;-147;57;498;|;-14;5;49
22-2-27 下午5:06;RIGHT_CLICK_BLOCK;Baneist;DIM:0;-147;56;498;|;-14;5;49
22-2-27 下午5:06;RIGHT_CLICK_BLOCK;Baneist;DIM:0;-147;57;498;|;-14;5;49
22-2-27 下午5:06;RIGHT_CLICK_BLOCK;Baneist;DIM:0;-148;56;498;|;-14;5;49
22-2-27 下午5:06;LEFT_CLICK_BLOCK;Baneist;DIM:0;-148;57;498;|;-14;5;49
22-2-27 下午5:06;RIGHT_CLICK_BLOCK;Baneist;DIM:0;-148;56;498;|;-14;5;49
22-2-27 下午5:06;LEFT_CLICK_BLOCK;Baneist;DIM:0;-149;57;498;|;-14;5;49
22-2-27 下午5:06;LEFT_CLICK_BLOCK;Baneist;DIM:0;-148;57;498;|;-14;5;49
22-2-27 下午5:06;RIGHT_CLICK_BLOCK;Baneist;DIM:0;-148;56;498;|;-14;5;49
22-2-27 下午5:06;LEFT_CLICK_BLOCK;Baneist;DIM:0;-148;57;498;|;-14;5;49
22-2-27 下午5:06;RIGHT_CLICK_BLOCK;Baneist;DIM:0;-148;56;498;|;-14;5;49
22-2-27 下午5:06;LEFT_CLICK_BLOCK;Baneist;DIM:0;-148;57;498;|;-14;5;49
22-2-27 下午5:06;RIGHT_CLICK_BLOCK;Baneist;DIM:0;-148;56;498;|;-14;5;49
22-2-27 下午5:06;RIGHT_CLICK_BLOCK;Baneist;DIM:0;-147;58;500;|;-14;5;50
22-2-27 下午5:06;RIGHT_CLICK_BLOCK;Baneist;DIM:0;-148;57;498;|;-14;5;49
22-2-27 下午5:07;LEFT_CLICK_BLOCK;Baneist;DIM:0;-143;57;499;|;-14;5;49
22-2-27 下午5:07;LEFT_CLICK_BLOCK;Baneist;DIM:0;-143;57;500;|;-14;5;50
22-2-27 下午5:07;RIGHT_CLICK_BLOCK;Baneist;DIM:0;-143;56;500;|;-14;5;50
22-2-27 下午5:07;RIGHT_CLICK_BLOCK;Baneist;DIM:0;-143;56;499;|;-14;5;49
22-2-27 下午5:07;RIGHT_CLICK_BLOCK;Baneist;DIM:0;-143;57;499;|;-14;5;49
22-2-27 下午5:07;RIGHT_CLICK_BLOCK;Baneist;DIM:0;-144;56;499;|;-14;5;49
22-2-27 下午5:07;RIGHT_CLICK_BLOCK;Baneist;DIM:0;-145;57;499;|;-14;5;49
22-2-27 下午5:07;RIGHT_CLICK_BLOCK;Baneist;DIM:0;-146;57;499;|;-14;5;49
22-2-27 下午5:07;RIGHT_CLICK_BLOCK;Baneist;DIM:0;-147;57;499;|;-14;5;49
22-2-27 下午5:07;RIGHT_CLICK_BLOCK;Baneist;DIM:0;-148;57;499;|;-14;5;49
22-2-27 下午5:07;RIGHT_CLICK_BLOCK;Baneist;DIM:0;-149;57;499;|;-14;5;49
22-2-27 下午5:07;RIGHT_CLICK_BLOCK;Baneist;DIM:0;-150;56;499;|;-15;5;49
22-2-27 下午5:07;RIGHT_CLICK_BLOCK;Baneist;DIM:0;-151;57;499;|;-15;5;49
22-2-27 下午5:07;LEFT_CLICK_BLOCK;Baneist;DIM:0;-149;59;498;|;-14;5;49
22-2-27 下午5:07;LEFT_CLICK_BLOCK;Baneist;DIM:0;-149;59;499;|;-14;5;49
22-2-27 下午5:07;LEFT_CLICK_BLOCK;Baneist;DIM:0;-150;59;500;|;-15;5;50
22-2-27 下午5:07;LEFT_CLICK_BLOCK;Baneist;DIM:0;-152;58;499;|;-15;5;49
22-2-27 下午5:07;LEFT_CLICK_BLOCK;Baneist;DIM:0;-152;57;499;|;-15;5;49
22-2-27 下午5:07;LEFT_CLICK_BLOCK;Baneist;DIM:0;-152;59;499;|;-15;5;49
22-2-27 下午5:07;LEFT_CLICK_BLOCK;Baneist;DIM:0;-153;58;499;|;-15;5;49
22-2-27 下午5:07;LEFT_CLICK_BLOCK;Baneist;DIM:0;-152;56;499;|;-15;5;49
22-2-27 下午5:07;LEFT_CLICK_BLOCK;Baneist;DIM:0;-153;57;499;|;-15;5;49
22-2-27 下午5:07;RIGHT_CLICK_BLOCK;Baneist;DIM:0;-152;55;499;|;-15;5;49
22-2-27 下午5:08;RIGHT_CLICK_BLOCK;Baneist;DIM:0;-155;58;498;|;-15;5;49
22-2-27 下午5:08;LEFT_CLICK_BLOCK;Baneist;DIM:0;-153;58;498;|;-15;5;49
22-2-27 下午5:08;LEFT_CLICK_BLOCK;Baneist;DIM:0;-153;57;498;|;-15;5;49
22-2-27 下午5:08;LEFT_CLICK_BLOCK;Baneist;DIM:0;-152;58;498;|;-15;5;49
22-2-27 下午5:08;LEFT_CLICK_BLOCK;Baneist;DIM:0;-152;57;498;|;-15;5;49
22-2-27 下午5:08;LEFT_CLICK_BLOCK;Baneist;DIM:0;-153;58;497;|;-15;5;49
22-2-27 下午5:08;LEFT_CLICK_BLOCK;Baneist;DIM:0;-153;57;497;|;-15;5;49
22-2-27 下午5:08;LEFT_CLICK_BLOCK;Baneist;DIM:0;-152;58;497;|;-15;5;49
22-2-27 下午5:08;LEFT_CLICK_BLOCK;Baneist;DIM:0;-152;57;497;|;-15;5;49
22-2-27 下午5:08;RIGHT_CLICK_BLOCK;Baneist;DIM:0;-153;56;498;|;-15;5;49
22-2-27 下午5:08;LEFT_CLICK_BLOCK;Baneist;DIM:0;-153;57;498;|;-15;5;49
22-2-27 下午5:08;RIGHT_CLICK_BLOCK;Baneist;DIM:0;-153;56;498;|;-15;5;49
22-2-27 下午5:08;RIGHT_CLICK_BLOCK;Baneist;DIM:0;-153;56;499;|;-15;5;49
22-2-27 下午5:08;RIGHT_CLICK_BLOCK;Baneist;DIM:0;-152;56;499;|;-15;5;49
22-2-27 下午5:08;RIGHT_CLICK_BLOCK;Baneist;DIM:0;-153;56;497;|;-15;5;49
22-2-27 下午5:08;RIGHT_CLICK_BLOCK;Baneist;DIM:0;-154;56;498;|;-15;5;49
22-2-27 下午5:08;LEFT_CLICK_BLOCK;Baneist;DIM:0;-154;57;498;|;-15;5;49
22-2-27 下午5:08;RIGHT_CLICK_BLOCK;Baneist;DIM:0;-152;56;498;|;-15;5;49
22-2-27 下午5:08;LEFT_CLICK_BLOCK;Baneist;DIM:0;-152;57;498;|;-15;5;49
22-2-27 下午5:08;RIGHT_CLICK_BLOCK;Baneist;DIM:0;-154;56;498;|;-15;5;49
22-2-27 下午5:08;RIGHT_CLICK_BLOCK;Baneist;DIM:0;-152;56;497;|;-15;5;49
22-2-27 下午5:08;LEFT_CLICK_BLOCK;Baneist;DIM:0;-152;57;497;|;-15;5;49
22-2-27 下午5:08;LEFT_CLICK_BLOCK;Baneist;DIM:0;-153;57;497;|;-15;5;49
22-2-27 下午5:08;RIGHT_CLICK_BLOCK;Baneist;DIM:0;-151;56;498;|;-15;5;49
22-2-27 下午5:08;LEFT_CLICK_BLOCK;Baneist;DIM:0;-151;57;498;|;-15;5;49
22-2-27 下午5:08;RIGHT_CLICK_BLOCK;Baneist;DIM:0;-153;56;497;|;-15;5;49
22-2-27 下午5:08;RIGHT_CLICK_BLOCK;Baneist;DIM:0;-152;56;497;|;-15;5;49
22-2-27 下午5:08;LEFT_CLICK_BLOCK;Baneist;DIM:0;-152;57;497;|;-15;5;49
22-2-27 下午5:08;RIGHT_CLICK_BLOCK;Baneist;DIM:0;-152;56;497;|;-15;5;49
22-2-27 下午5:08;LEFT_CLICK_BLOCK;Baneist;DIM:0;-152;57;497;|;-15;5;49
22-2-27 下午5:08;RIGHT_CLICK_BLOCK;Baneist;DIM:0;-151;56;498;|;-15;5;49
22-2-27 下午5:08;LEFT_CLICK_BLOCK;Baneist;DIM:0;-151;57;498;|;-15;5;49
22-2-27 下午5:09;LEFT_CLICK_BLOCK;Baneist;DIM:0;-153;57;498;|;-15;5;49
22-2-27 下午5:09;RIGHT_CLICK_BLOCK;Baneist;DIM:0;-153;56;498;|;-15;5;49
22-2-27 下午5:09;LEFT_CLICK_BLOCK;Baneist;DIM:0;-154;57;498;|;-15;5;49
22-2-27 下午5:09;LEFT_CLICK_BLOCK;Baneist;DIM:0;-153;57;497;|;-15;5;49
22-2-27 下午5:09;RIGHT_CLICK_BLOCK;Baneist;DIM:0;-152;56;498;|;-15;5;49
22-2-27 下午5:09;LEFT_CLICK_BLOCK;Baneist;DIM:0;-152;57;498;|;-15;5;49
22-2-27 下午5:09;RIGHT_CLICK_BLOCK;Baneist;DIM:0;-152;56;498;|;-15;5;49
22-2-27 下午5:09;LEFT_CLICK_BLOCK;Baneist;DIM:0;-152;57;498;|;-15;5;49
22-2-27 下午5:09;RIGHT_CLICK_BLOCK;Baneist;DIM:0;-152;56;498;|;-15;5;49
22-2-27 下午5:09;LEFT_CLICK_BLOCK;Baneist;DIM:0;-152;57;498;|;-15;5;49
22-2-27 下午5:09;RIGHT_CLICK_BLOCK;Baneist;DIM:0;-153;57;498;|;-15;5;49
22-2-27 下午5:09;RIGHT_CLICK_BLOCK;Baneist;DIM:0;-152;56;498;|;-15;5;49
22-2-27 下午5:09;LEFT_CLICK_BLOCK;Baneist;DIM:0;-152;57;498;|;-15;5;49
22-2-27 下午5:09;RIGHT_CLICK_BLOCK;Baneist;DIM:0;-154;56;499;|;-15;5;49
22-2-27 下午5:09;RIGHT_CLICK_BLOCK;Baneist;DIM:0;-153;57;498;|;-15;5;49
22-2-27 下午5:09;LEFT_CLICK_BLOCK;Baneist;DIM:0;-154;57;499;|;-15;5;49
22-2-27 下午5:09;RIGHT_CLICK_BLOCK;Baneist;DIM:0;-154;56;499;|;-15;5;49
22-2-27 下午5:09;RIGHT_CLICK_BLOCK;Baneist;DIM:0;-153;57;498;|;-15;5;49
22-2-27 下午5:09;LEFT_CLICK_BLOCK;Baneist;DIM:0;-154;57;499;|;-15;5;49
22-2-27 下午5:09;RIGHT_CLICK_BLOCK;Baneist;DIM:0;-154;56;499;|;-15;5;49
22-2-27 下午5:09;RIGHT_CLICK_BLOCK;Baneist;DIM:0;-153;57;498;|;-15;5;49
22-2-27 下午5:09;LEFT_CLICK_BLOCK;Baneist;DIM:0;-154;57;499;|;-15;5;49
22-2-27 下午5:09;LEFT_CLICK_BLOCK;Baneist;DIM:0;-153;57;499;|;-15;5;49
22-2-27 下午5:09;RIGHT_CLICK_BLOCK;Baneist;DIM:0;-153;56;497;|;-15;5;49
22-2-27 下午5:09;RIGHT_CLICK_BLOCK;Baneist;DIM:0;-152;56;497;|;-15;5;49
22-2-27 下午5:09;RIGHT_CLICK_BLOCK;Baneist;DIM:0;-151;56;497;|;-15;5;49
22-2-27 下午5:09;LEFT_CLICK_BLOCK;Baneist;DIM:0;-151;57;497;|;-15;5;49
22-2-27 下午5:09;RIGHT_CLICK_BLOCK;Baneist;DIM:0;-151;56;497;|;-15;5;49
22-2-27 下午5:09;LEFT_CLICK_BLOCK;Baneist;DIM:0;-151;57;497;|;-15;5;49
22-2-27 下午5:09;RIGHT_CLICK_BLOCK;Baneist;DIM:0;-151;56;497;|;-15;5;49
22-2-27 下午5:09;LEFT_CLICK_BLOCK;Baneist;DIM:0;-151;57;497;|;-15;5;49
22-2-27 下午5:09;RIGHT_CLICK_BLOCK;Baneist;DIM:0;-151;56;497;|;-15;5;49
22-2-27 下午5:09;LEFT_CLICK_BLOCK;Baneist;DIM:0;-151;57;497;|;-15;5;49
22-2-27 下午5:09;RIGHT_CLICK_BLOCK;Baneist;DIM:0;-153;57;498;|;-15;5;49
22-2-27 下午5:09;RIGHT_CLICK_BLOCK;Baneist;DIM:0;-152;57;497;|;-15;5;49
22-2-27 下午5:09;LEFT_CLICK_BLOCK;Baneist;DIM:0;-151;57;497;|;-15;5;49
22-2-27 下午5:09;RIGHT_CLICK_BLOCK;Baneist;DIM:0;-153;56;499;|;-15;5;49
22-2-27 下午5:09;LEFT_CLICK_BLOCK;Baneist;DIM:0;-153;56;499;|;-15;5;49
22-2-27 下午5:10;RIGHT_CLICK_BLOCK;Baneist;DIM:0;-154;56;499;|;-15;5;49
22-2-27 下午5:10;LEFT_CLICK_BLOCK;Baneist;DIM:0;-153;57;498;|;-15;5;49
22-2-27 下午5:10;LEFT_CLICK_BLOCK;Baneist;DIM:0;-153;57;497;|;-15;5;49
22-2-27 下午5:10;LEFT_CLICK_BLOCK;Baneist;DIM:0;-152;57;497;|;-15;5;49
22-2-27 下午5:10;RIGHT_CLICK_BLOCK;Baneist;DIM:0;-152;56;497;|;-15;5;49
22-2-27 下午5:10;LEFT_CLICK_BLOCK;Baneist;DIM:0;-152;57;496;|;-15;5;49
22-2-27 下午5:10;LEFT_CLICK_BLOCK;Baneist;DIM:0;-152;58;496;|;-15;5;49
22-2-27 下午5:10;LEFT_CLICK_BLOCK;Baneist;DIM:0;-153;58;496;|;-15;5;49
22-2-27 下午5:10;LEFT_CLICK_BLOCK;Baneist;DIM:0;-153;57;496;|;-15;5;49
22-2-27 下午5:10;RIGHT_CLICK_BLOCK;Baneist;DIM:0;-153;56;497;|;-15;5;49
22-2-27 下午5:10;LEFT_CLICK_BLOCK;Baneist;DIM:0;-153;57;497;|;-15;5;49
22-2-27 下午5:10;RIGHT_CLICK_BLOCK;Baneist;DIM:0;-152;57;497;|;-15;5;49
22-2-27 下午5:10;RIGHT_CLICK_BLOCK;Baneist;DIM:0;-151;56;497;|;-15;5;49
22-2-27 下午5:10;LEFT_CLICK_BLOCK;Baneist;DIM:0;-151;57;497;|;-15;5;49
22-2-27 下午5:10;RIGHT_CLICK_BLOCK;Baneist;DIM:0;-152;56;496;|;-15;5;49
22-2-27 下午5:10;RIGHT_CLICK_BLOCK;Baneist;DIM:0;-153;56;497;|;-15;5;49
22-2-27 下午5:10;RIGHT_CLICK_BLOCK;Baneist;DIM:0;-151;56;497;|;-15;5;49
22-2-27 下午5:10;RIGHT_CLICK_BLOCK;Baneist;DIM:0;-153;56;496;|;-15;5;49
22-2-27 下午5:10;RIGHT_CLICK_BLOCK;Baneist;DIM:0;-151;56;496;|;-15;5;49
22-2-27 下午5:10;RIGHT_CLICK_BLOCK;Baneist;DIM:0;-153;56;498;|;-15;5;49
22-2-27 下午5:10;RIGHT_CLICK_BLOCK;Baneist;DIM:0;-153;56;499;|;-15;5;49
22-2-27 下午5:10;RIGHT_CLICK_BLOCK;Baneist;DIM:0;-151;56;498;|;-15;5;49
22-2-27 下午5:10;LEFT_CLICK_BLOCK;Baneist;DIM:0;-153;57;497;|;-15;5;49
22-2-27 下午5:11;RIGHT_CLICK_BLOCK;Baneist;DIM:0;-153;56;497;|;-15;5;49
22-2-27 下午5:11;LEFT_CLICK_BLOCK;Baneist;DIM:0;-153;57;497;|;-15;5;49
22-2-27 下午5:11;RIGHT_CLICK_BLOCK;Baneist;DIM:0;-153;56;497;|;-15;5;49
22-2-27 下午5:11;LEFT_CLICK_BLOCK;Baneist;DIM:0;-153;57;496;|;-15;5;49
22-2-27 下午5:11;RIGHT_CLICK_BLOCK;Baneist;DIM:0;-153;56;496;|;-15;5;49
22-2-27 下午5:11;RIGHT_CLICK_BLOCK;Baneist;DIM:0;-154;56;499;|;-15;5;49
22-2-27 下午5:11;LEFT_CLICK_BLOCK;Baneist;DIM:0;-154;57;499;|;-15;5;49
22-2-27 下午5:11;LEFT_CLICK_BLOCK;Baneist;DIM:0;-153;57;496;|;-15;5;49
22-2-27 下午5:11;RIGHT_CLICK_BLOCK;Baneist;DIM:0;-153;56;496;|;-15;5;49
22-2-27 下午5:11;LEFT_CLICK_BLOCK;Baneist;DIM:0;-151;57;496;|;-15;5;49
22-2-27 下午5:11;RIGHT_CLICK_BLOCK;Baneist;DIM:0;-151;56;496;|;-15;5;49
22-2-27 下午5:11;RIGHT_CLICK_BLOCK;Baneist;DIM:0;-150;56;498;|;-15;5;49
22-2-27 下午5:11;LEFT_CLICK_BLOCK;Baneist;DIM:0;-150;57;498;|;-15;5;49
22-2-27 下午5:11;RIGHT_CLICK_BLOCK;Baneist;DIM:0;-152;57;497;|;-15;5;49
22-2-27 下午5:11;RIGHT_CLICK_BLOCK;Baneist;DIM:0;-154;56;498;|;-15;5;49
22-2-27 下午5:11;LEFT_CLICK_BLOCK;Baneist;DIM:0;-154;57;498;|;-15;5;49
22-2-27 下午5:11;RIGHT_CLICK_BLOCK;Baneist;DIM:0;-154;56;498;|;-15;5;49
22-2-27 下午5:11;LEFT_CLICK_BLOCK;Baneist;DIM:0;-154;57;498;|;-15;5;49
22-2-27 下午5:11;LEFT_CLICK_BLOCK;Baneist;DIM:0;-153;57;497;|;-15;5;49
22-2-27 下午5:11;RIGHT_CLICK_BLOCK;Baneist;DIM:0;-153;56;497;|;-15;5;49
22-2-27 下午5:11;LEFT_CLICK_BLOCK;Baneist;DIM:0;-153;57;497;|;-15;5;49
22-2-27 下午5:11;LEFT_CLICK_BLOCK;Baneist;DIM:0;-151;57;497;|;-15;5;49
22-2-27 下午5:11;RIGHT_CLICK_BLOCK;Baneist;DIM:0;-151;56;497;|;-15;5;49
22-2-27 下午5:11;LEFT_CLICK_BLOCK;Baneist;DIM:0;-151;57;497;|;-15;5;49
22-2-27 下午5:11;RIGHT_CLICK_BLOCK;Baneist;DIM:0;-151;56;497;|;-15;5;49
22-2-27 下午5:11;LEFT_CLICK_BLOCK;Baneist;DIM:0;-151;57;497;|;-15;5;49
22-2-27 下午5:11;RIGHT_CLICK_BLOCK;Baneist;DIM:0;-151;56;497;|;-15;5;49
22-2-27 下午5:11;LEFT_CLICK_BLOCK;Baneist;DIM:0;-151;57;497;|;-15;5;49
22-2-27 下午5:11;RIGHT_CLICK_BLOCK;Baneist;DIM:0;-153;56;497;|;-15;5;49
22-2-27 下午5:11;LEFT_CLICK_BLOCK;Baneist;DIM:0;-153;57;497;|;-15;5;49
22-2-27 下午5:11;RIGHT_CLICK_BLOCK;Baneist;DIM:0;-153;56;497;|;-15;5;49
22-2-27 下午5:11;LEFT_CLICK_BLOCK;Baneist;DIM:0;-153;57;497;|;-15;5;49
22-2-27 下午5:11;RIGHT_CLICK_BLOCK;Baneist;DIM:0;-152;57;497;|;-15;5;49
22-2-27 下午5:11;RIGHT_CLICK_BLOCK;Baneist;DIM:0;-151;56;497;|;-15;5;49
22-2-27 下午5:11;LEFT_CLICK_BLOCK;Baneist;DIM:0;-151;57;497;|;-15;5;49
22-2-27 下午5:11;LEFT_CLICK_BLOCK;Baneist;DIM:0;-151;57;496;|;-15;5;49
22-2-27 下午5:11;LEFT_CLICK_BLOCK;Baneist;DIM:0;-153;57;496;|;-15;5;49
22-2-27 下午5:11;RIGHT_CLICK_BLOCK;Baneist;DIM:0;-153;56;496;|;-15;5;49
22-2-27 下午5:12;LEFT_CLICK_BLOCK;Baneist;DIM:0;-153;57;496;|;-15;5;49
22-2-27 下午5:12;RIGHT_CLICK_BLOCK;Baneist;DIM:0;-153;56;497;|;-15;5;49
22-2-27 下午5:12;LEFT_CLICK_BLOCK;Baneist;DIM:0;-153;57;497;|;-15;5;49
22-2-27 下午5:12;RIGHT_CLICK_BLOCK;Baneist;DIM:0;-152;57;497;|;-15;5;49
22-2-27 下午5:12;RIGHT_CLICK_BLOCK;Baneist;DIM:0;-151;56;496;|;-15;5;49
22-2-27 下午5:12;LEFT_CLICK_BLOCK;Baneist;DIM:0;-151;57;496;|;-15;5;49
22-2-27 下午5:12;RIGHT_CLICK_BLOCK;Baneist;DIM:0;-151;56;496;|;-15;5;49
22-2-27 下午5:12;RIGHT_CLICK_BLOCK;Baneist;DIM:0;-151;56;497;|;-15;5;49
22-2-27 下午5:12;RIGHT_CLICK_BLOCK;Baneist;DIM:0;-150;56;497;|;-15;5;49
22-2-27 下午5:12;RIGHT_CLICK_BLOCK;Baneist;DIM:0;-150;56;498;|;-15;5;49
22-2-27 下午5:12;LEFT_CLICK_BLOCK;Baneist;DIM:0;-150;57;498;|;-15;5;49
22-2-27 下午5:12;RIGHT_CLICK_BLOCK;Baneist;DIM:0;-153;56;496;|;-15;5;49
22-2-27 下午5:12;RIGHT_CLICK_BLOCK;Baneist;DIM:0;-153;56;497;|;-15;5;49
22-2-27 下午5:12;RIGHT_CLICK_BLOCK;Baneist;DIM:0;-153;57;497;|;-15;5;49
22-2-27 下午5:12;RIGHT_CLICK_BLOCK;Baneist;DIM:0;-149;56;498;|;-14;5;49
22-2-27 下午5:12;LEFT_CLICK_BLOCK;Baneist;DIM:0;-149;57;498;|;-14;5;49
22-2-27 下午5:12;RIGHT_CLICK_BLOCK;Baneist;DIM:0;-154;56;499;|;-15;5;49
22-2-27 下午5:12;LEFT_CLICK_BLOCK;Baneist;DIM:0;-154;57;499;|;-15;5;49
22-2-27 下午5:12;LEFT_CLICK_BLOCK;Baneist;DIM:0;-151;57;497;|;-15;5;49
22-2-27 下午5:12;LEFT_CLICK_BLOCK;Baneist;DIM:0;-151;57;496;|;-15;5;49
22-2-27 下午5:12;LEFT_CLICK_BLOCK;Baneist;DIM:0;-152;57;496;|;-15;5;49
22-2-27 下午5:12;LEFT_CLICK_BLOCK;Baneist;DIM:0;-152;57;497;|;-15;5;49
22-2-27 下午5:12;LEFT_CLICK_BLOCK;Baneist;DIM:0;-153;57;497;|;-15;5;49
22-2-27 下午5:12;LEFT_CLICK_BLOCK;Baneist;DIM:0;-153;57;496;|;-15;5;49
22-2-27 下午5:12;LEFT_CLICK_BLOCK;Baneist;DIM:0;-153;57;498;|;-15;5;49
22-2-27 下午5:12;LEFT_CLICK_BLOCK;Baneist;DIM:0;-151;57;498;|;-15;5;49
22-2-27 下午5:12;LEFT_CLICK_BLOCK;Baneist;DIM:0;-152;57;499;|;-15;5;49
22-2-27 下午5:12;LEFT_CLICK_BLOCK;Baneist;DIM:0;-153;57;499;|;-15;5;49
22-2-27 下午5:13;RIGHT_CLICK_BLOCK;Baneist;DIM:0;-152;56;499;|;-15;5;49
22-2-27 下午5:13;RIGHT_CLICK_BLOCK;Baneist;DIM:0;-152;57;499;|;-15;5;49
22-2-27 下午5:13;LEFT_CLICK_BLOCK;Baneist;DIM:0;-152;57;499;|;-15;5;49
22-2-27 下午5:13;RIGHT_CLICK_BLOCK;Baneist;DIM:0;-152;56;498;|;-15;5;49
22-2-27 下午5:13;LEFT_CLICK_BLOCK;Baneist;DIM:0;-152;57;498;|;-15;5;49
22-2-27 下午5:13;RIGHT_CLICK_BLOCK;Baneist;DIM:0;-152;56;497;|;-15;5;49
22-2-27 下午5:13;RIGHT_CLICK_BLOCK;Baneist;DIM:0;-152;56;498;|;-15;5;49
22-2-27 下午5:13;LEFT_CLICK_BLOCK;Baneist;DIM:0;-152;57;498;|;-15;5;49
22-2-27 下午5:13;RIGHT_CLICK_BLOCK;Baneist;DIM:0;-152;56;498;|;-15;5;49
22-2-27 下午5:13;LEFT_CLICK_BLOCK;Baneist;DIM:0;-152;57;498;|;-15;5;49
22-2-27 下午5:13;RIGHT_CLICK_BLOCK;Baneist;DIM:0;-152;56;496;|;-15;5;49
22-2-27 下午5:13;LEFT_CLICK_BLOCK;Baneist;DIM:0;-152;57;496;|;-15;5;49
22-2-27 下午5:13;RIGHT_CLICK_BLOCK;Baneist;DIM:0;-152;56;496;|;-15;5;49
22-2-27 下午5:13;LEFT_CLICK_BLOCK;Baneist;DIM:0;-152;57;496;|;-15;5;49
22-2-27 下午5:13;RIGHT_CLICK_BLOCK;Baneist;DIM:0;-152;56;496;|;-15;5;49
22-2-27 下午5:13;LEFT_CLICK_BLOCK;Baneist;DIM:0;-152;57;496;|;-15;5;49
22-2-27 下午5:13;LEFT_CLICK_BLOCK;Baneist;DIM:0;-152;57;497;|;-15;5;49
22-2-27 下午5:13;RIGHT_CLICK_BLOCK;Baneist;DIM:0;-152;56;499;|;-15;5;49
22-2-27 下午5:13;LEFT_CLICK_BLOCK;Baneist;DIM:0;-152;57;499;|;-15;5;49
22-2-27 下午5:13;RIGHT_CLICK_BLOCK;Baneist;DIM:0;-152;56;499;|;-15;5;49
22-2-27 下午5:13;RIGHT_CLICK_BLOCK;Baneist;DIM:0;-153;56;499;|;-15;5;49
22-2-27 下午5:13;LEFT_CLICK_BLOCK;Baneist;DIM:0;-153;57;499;|;-15;5;49
22-2-27 下午5:13;RIGHT_CLICK_BLOCK;Baneist;DIM:0;-152;56;499;|;-15;5;49
22-2-27 下午5:13;LEFT_CLICK_BLOCK;Baneist;DIM:0;-152;57;499;|;-15;5;49
22-2-27 下午5:13;LEFT_CLICK_BLOCK;Baneist;DIM:0;-151;58;502;|;-15;5;50
22-2-27 下午5:13;RIGHT_CLICK_BLOCK;Baneist;DIM:0;-151;57;502;|;-15;5;50
22-2-27 下午5:13;LEFT_CLICK_BLOCK;Baneist;DIM:0;-151;58;502;|;-15;5;50
22-2-27 下午5:13;RIGHT_CLICK_BLOCK;Baneist;DIM:0;-150;58;502;|;-15;5;50
22-2-27 下午5:13;RIGHT_CLICK_BLOCK;Baneist;DIM:0;-151;57;502;|;-15;5;50
22-2-27 下午5:13;LEFT_CLICK_BLOCK;Baneist;DIM:0;-151;59;501;|;-15;5;50
22-2-27 下午5:13;LEFT_CLICK_BLOCK;Baneist;DIM:0;-151;59;502;|;-15;5;50
22-2-27 下午5:13;LEFT_CLICK_BLOCK;Baneist;DIM:0;-151;58;502;|;-15;5;50
22-2-27 下午5:14;LEFT_CLICK_BLOCK;Baneist;DIM:0;-150;58;500;|;-15;5;50
22-2-27 下午5:14;LEFT_CLICK_BLOCK;Baneist;DIM:0;-151;58;500;|;-15;5;50
22-2-27 下午5:14;LEFT_CLICK_BLOCK;Baneist;DIM:0;-151;59;500;|;-15;5;50
22-2-27 下午5:14;RIGHT_CLICK_BLOCK;Baneist;DIM:0;-150;56;498;|;-15;5;49
22-2-27 下午5:14;LEFT_CLICK_BLOCK;Baneist;DIM:0;-150;57;498;|;-15;5;49
22-2-27 下午5:14;LEFT_CLICK_BLOCK;Baneist;DIM:0;-152;58;500;|;-15;5;50
22-2-27 下午5:14;LEFT_CLICK_BLOCK;Baneist;DIM:0;-152;57;500;|;-15;5;50
22-2-27 下午5:14;RIGHT_CLICK_BLOCK;Baneist;DIM:0;-152;56;499;|;-15;5;49
22-2-27 下午5:14;RIGHT_CLICK_BLOCK;Baneist;DIM:0;-152;56;498;|;-15;5;49
22-2-27 下午5:14;RIGHT_CLICK_BLOCK;Baneist;DIM:0;-152;57;498;|;-15;5;49
22-2-27 下午5:14;RIGHT_CLICK_BLOCK;Baneist;DIM:0;-152;58;498;|;-15;5;49
22-2-27 下午5:14;RIGHT_CLICK_BLOCK;Baneist;DIM:0;-151;58;498;|;-15;5;49
22-2-27 下午5:14;RIGHT_CLICK_BLOCK;Baneist;DIM:0;-150;58;498;|;-15;5;49
22-2-27 下午5:14;RIGHT_CLICK_BLOCK;Baneist;DIM:0;-150;58;499;|;-15;5;49
22-2-27 下午5:14;RIGHT_CLICK_BLOCK;Baneist;DIM:0;-150;58;500;|;-15;5;50
22-2-27 下午5:14;RIGHT_CLICK_BLOCK;Baneist;DIM:0;-150;58;502;|;-15;5;50
22-2-27 下午5:14;LEFT_CLICK_BLOCK;Baneist;DIM:0;-150;58;501;|;-15;5;50
22-2-27 下午5:14;LEFT_CLICK_BLOCK;Baneist;DIM:0;-150;58;502;|;-15;5;50
22-2-27 下午5:14;RIGHT_CLICK_BLOCK;Baneist;DIM:0;-150;59;502;|;-15;5;50
22-2-27 下午5:14;RIGHT_CLICK_BLOCK;Baneist;DIM:0;-150;59;501;|;-15;5;50
22-2-27 下午5:14;LEFT_CLICK_BLOCK;Baneist;DIM:0;-150;58;500;|;-15;5;50
22-2-27 下午5:14;LEFT_CLICK_BLOCK;Baneist;DIM:0;-150;58;499;|;-15;5;49
22-2-27 下午5:14;RIGHT_CLICK_BLOCK;Baneist;DIM:0;-150;59;500;|;-15;5;50
22-2-27 下午5:14;LEFT_CLICK_BLOCK;Baneist;DIM:0;-149;59;500;|;-14;5;50
22-2-27 下午5:14;RIGHT_CLICK_BLOCK;Baneist;DIM:0;-150;59;500;|;-15;5;50
22-2-27 下午5:14;LEFT_CLICK_BLOCK;Baneist;DIM:0;-150;59;498;|;-15;5;49
22-2-27 下午5:14;LEFT_CLICK_BLOCK;Baneist;DIM:0;-150;58;498;|;-15;5;49
22-2-27 下午5:14;LEFT_CLICK_BLOCK;Baneist;DIM:0;-151;59;498;|;-15;5;49
22-2-27 下午5:14;LEFT_CLICK_BLOCK;Baneist;DIM:0;-151;58;498;|;-15;5;49
22-2-27 下午5:14;LEFT_CLICK_BLOCK;Baneist;DIM:0;-152;59;498;|;-15;5;49
22-2-27 下午5:14;RIGHT_CLICK_BLOCK;Baneist;DIM:0;-152;58;498;|;-15;5;49
22-2-27 下午5:14;RIGHT_CLICK_BLOCK;Baneist;DIM:0;-152;59;498;|;-15;5;49
22-2-27 下午5:14;RIGHT_CLICK_BLOCK;Baneist;DIM:0;-151;59;498;|;-15;5;49
22-2-27 下午5:14;RIGHT_CLICK_BLOCK;Baneist;DIM:0;-152;56;500;|;-15;5;50
22-2-27 下午5:14;RIGHT_CLICK_BLOCK;Baneist;DIM:0;-152;57;500;|;-15;5;50
22-2-27 下午5:14;RIGHT_CLICK_BLOCK;Baneist;DIM:0;-152;59;500;|;-15;5;50
22-2-27 下午5:14;RIGHT_CLICK_BLOCK;Baneist;DIM:0;-152;58;500;|;-15;5;50
22-2-27 下午5:14;RIGHT_CLICK_BLOCK;Baneist;DIM:0;-151;58;500;|;-15;5;50
22-2-27 下午5:14;RIGHT_CLICK_BLOCK;Baneist;DIM:0;-150;58;500;|;-15;5;50
22-2-27 下午5:14;RIGHT_CLICK_BLOCK;Baneist;DIM:0;-149;58;500;|;-14;5;50
22-2-27 下午5:14;RIGHT_CLICK_BLOCK;Baneist;DIM:0;-146;58;499;|;-14;5;49
22-2-27 下午5:14;RIGHT_CLICK_BLOCK;Baneist;DIM:0;-145;58;499;|;-14;5;49
22-2-27 下午5:14;LEFT_CLICK_BLOCK;Baneist;DIM:0;-146;58;500;|;-14;5;50
22-2-27 下午5:14;LEFT_CLICK_BLOCK;Baneist;DIM:0;-148;58;500;|;-14;5;50
22-2-27 下午5:14;RIGHT_CLICK_BLOCK;Baneist;DIM:0;-149;57;499;|;-14;5;49
22-2-27 下午5:14;RIGHT_CLICK_BLOCK;Baneist;DIM:0;-149;58;499;|;-14;5;49
22-2-27 下午5:14;RIGHT_CLICK_BLOCK;Baneist;DIM:0;-149;60;500;|;-14;6;50
22-2-27 下午5:14;RIGHT_CLICK_BLOCK;Baneist;DIM:0;-148;60;500;|;-14;6;50
22-2-27 下午5:14;RIGHT_CLICK_BLOCK;Baneist;DIM:0;-147;60;500;|;-14;6;50
22-2-27 下午5:14;RIGHT_CLICK_BLOCK;Baneist;DIM:0;-146;60;500;|;-14;6;50
22-2-27 下午5:14;RIGHT_CLICK_BLOCK;Baneist;DIM:0;-144;60;500;|;-14;6;50
22-2-27 下午5:14;RIGHT_CLICK_BLOCK;Baneist;DIM:0;-145;60;500;|;-14;6;50
22-2-27 下午5:15;RIGHT_CLICK_BLOCK;Baneist;DIM:0;-144;59;501;|;-14;5;50
22-2-27 下午5:15;LEFT_CLICK_BLOCK;Baneist;DIM:0;-145;59;501;|;-14;5;50
22-2-27 下午5:15;RIGHT_CLICK_BLOCK;Baneist;DIM:0;-146;60;502;|;-14;6;50
22-2-27 下午5:15;LEFT_CLICK_BLOCK;Baneist;DIM:0;-146;59;502;|;-14;5;50
22-2-27 下午5:15;RIGHT_CLICK_BLOCK;Baneist;DIM:0;-146;59;503;|;-14;5;50
22-2-27 下午5:15;LEFT_CLICK_BLOCK;Baneist;DIM:0;-151;58;500;|;-15;5;50
22-2-27 下午5:15;RIGHT_CLICK_BLOCK;Baneist;DIM:0;-152;57;499;|;-15;5;49
22-2-27 下午5:15;RIGHT_CLICK_BLOCK;Baneist;DIM:0;-152;58;500;|;-15;5;50
22-2-27 下午5:15;RIGHT_CLICK_BLOCK;Baneist;DIM:0;-142;57;501;|;-14;5;50
22-2-27 下午5:15;RIGHT_CLICK_BLOCK;Baneist;DIM:0;-147;58;500;|;-14;5;50
22-2-27 下午5:16;RIGHT_CLICK_BLOCK;Baneist;DIM:0;-147;57;500;|;-14;5;50
22-2-27 下午5:16;LEFT_CLICK_BLOCK;Baneist;DIM:0;-147;58;503;|;-14;5;50
22-2-27 下午5:16;RIGHT_CLICK_BLOCK;Baneist;DIM:0;-147;58;502;|;-14;5;50
22-2-27 下午5:16;RIGHT_CLICK_BLOCK;Baneist;DIM:0;-147;58;502;|;-14;5;50
22-2-27 下午5:16;RIGHT_CLICK_BLOCK;Baneist;DIM:0;-147;57;503;|;-14;5;50
22-2-27 下午5:16;LEFT_CLICK_BLOCK;Baneist;DIM:0;-143;58;505;|;-14;5;50
22-2-27 下午5:16;LEFT_CLICK_BLOCK;Baneist;DIM:0;-143;58;506;|;-14;5;50
22-2-27 下午5:17;RIGHT_CLICK_BLOCK;Baneist;DIM:0;-142;58;505;|;-14;5;50
22-2-27 下午5:17;RIGHT_CLICK_BLOCK;Baneist;DIM:0;-142;58;506;|;-14;5;50
22-2-27 下午5:17;LEFT_CLICK_BLOCK;Baneist;DIM:0;-143;58;504;|;-14;5;50
22-2-27 下午5:17;LEFT_CLICK_BLOCK;Baneist;DIM:0;-143;57;504;|;-14;5;50
22-2-27 下午5:17;LEFT_CLICK_BLOCK;Baneist;DIM:0;-142;58;504;|;-14;5;50
22-2-27 下午5:17;LEFT_CLICK_BLOCK;Baneist;DIM:0;-142;57;504;|;-14;5;50
22-2-27 下午5:17;LEFT_CLICK_BLOCK;Baneist;DIM:0;-142;58;505;|;-14;5;50
22-2-27 下午5:17;LEFT_CLICK_BLOCK;Baneist;DIM:0;-142;58;506;|;-14;5;50
22-2-27 下午5:17;RIGHT_CLICK_BLOCK;Baneist;DIM:0;-142;57;506;|;-14;5;50
22-2-27 下午5:17;RIGHT_CLICK_BLOCK;Baneist;DIM:0;-142;57;505;|;-14;5;50
22-2-27 下午5:17;RIGHT_CLICK_BLOCK;Baneist;DIM:0;-141;58;505;|;-14;5;50
22-2-27 下午5:17;RIGHT_CLICK_BLOCK;Baneist;DIM:0;-141;58;504;|;-14;5;50
22-2-27 下午5:17;RIGHT_CLICK_BLOCK;Baneist;DIM:0;-142;58;503;|;-14;5;50
22-2-27 下午5:17;LEFT_CLICK_BLOCK;Baneist;DIM:0;-142;58;504;|;-14;5;50
22-2-27 下午5:17;LEFT_CLICK_BLOCK;Baneist;DIM:0;-142;58;503;|;-14;5;50
22-2-27 下午5:17;RIGHT_CLICK_BLOCK;Baneist;DIM:0;-141;58;503;|;-14;5;50
22-2-27 下午5:17;LEFT_CLICK_BLOCK;Baneist;DIM:0;-142;58;502;|;-14;5;50
22-2-27 下午5:17;RIGHT_CLICK_BLOCK;Baneist;DIM:0;-142;58;503;|;-14;5;50
22-2-27 下午5:17;RIGHT_CLICK_BLOCK;Baneist;DIM:0;-142;57;503;|;-14;5;50
22-2-27 下午5:17;RIGHT_CLICK_BLOCK;Baneist;DIM:0;-141;58;502;|;-14;5;50
22-2-27 下午5:17;RIGHT_CLICK_BLOCK;Baneist;DIM:0;-142;57;502;|;-14;5;50
22-2-27 下午5:17;RIGHT_CLICK_BLOCK;Baneist;DIM:0;-143;58;502;|;-14;5;50
22-2-27 下午5:17;RIGHT_CLICK_BLOCK;Baneist;DIM:0;-144;58;502;|;-14;5;50
22-2-27 下午5:17;LEFT_CLICK_BLOCK;Baneist;DIM:0;-144;59;501;|;-14;5;50
22-2-27 下午5:17;RIGHT_CLICK_BLOCK;Baneist;DIM:0;-144;59;502;|;-14;5;50
22-2-27 下午5:17;RIGHT_CLICK_BLOCK;Baneist;DIM:0;-145;59;503;|;-14;5;50
22-2-27 下午5:17;LEFT_CLICK_BLOCK;Baneist;DIM:0;-146;59;502;|;-14;5;50
22-2-27 下午5:17;RIGHT_CLICK_BLOCK;Baneist;DIM:0;-146;59;503;|;-14;5;50
22-2-27 下午5:18;RIGHT_CLICK_BLOCK;Baneist;DIM:0;-143;56;504;|;-14;5;50
22-2-27 下午5:18;RIGHT_CLICK_BLOCK;Baneist;DIM:0;-143;57;504;|;-14;5;50
22-2-27 下午5:18;LEFT_CLICK_BLOCK;Baneist;DIM:0;-144;57;504;|;-14;5;50
22-2-27 下午5:18;RIGHT_CLICK_BLOCK;Baneist;DIM:0;-147;56;505;|;-14;5;50
22-2-27 下午5:18;RIGHT_CLICK_BLOCK;Baneist;DIM:0;-147;56;506;|;-14;5;50
22-2-27 下午5:18;LEFT_CLICK_BLOCK;Baneist;DIM:0;-147;57;506;|;-14;5;50
22-2-27 下午5:18;LEFT_CLICK_BLOCK;Baneist;DIM:0;-147;57;505;|;-14;5;50
22-2-27 下午5:19;RIGHT_CLICK_BLOCK;Baneist;DIM:0;-147;58;500;|;-14;5;50
22-2-27 下午5:19;RIGHT_CLICK_BLOCK;Baneist;DIM:0;-149;58;500;|;-14;5;50
22-2-27 下午5:20;LEFT_CLICK_BLOCK;Baneist;DIM:0;-144;58;501;|;-14;5;50
22-2-27 下午5:20;LEFT_CLICK_BLOCK;Baneist;DIM:0;-143;59;501;|;-14;5;50
22-2-27 下午5:20;RIGHT_CLICK_BLOCK;Baneist;DIM:0;-143;59;502;|;-14;5;50
22-2-27 下午5:20;RIGHT_CLICK_BLOCK;Baneist;DIM:0;-144;58;500;|;-14;5;50
22-2-27 下午5:20;RIGHT_CLICK_BLOCK;Baneist;DIM:0;-149;58;501;|;-14;5;50
22-2-27 下午5:20;LEFT_CLICK_BLOCK;Baneist;DIM:0;-143;59;501;|;-14;5;50
22-2-27 下午5:20;LEFT_CLICK_BLOCK;Baneist;DIM:0;-149;58;501;|;-14;5;50
22-2-27 下午5:20;RIGHT_CLICK_BLOCK;Baneist;DIM:0;-150;58;500;|;-15;5;50
22-2-27 下午5:20;RIGHT_CLICK_BLOCK;Baneist;DIM:0;-149;59;500;|;-14;5;50
22-2-27 下午5:20;LEFT_CLICK_BLOCK;Baneist;DIM:0;-150;58;501;|;-15;5;50
22-2-27 下午5:20;RIGHT_CLICK_BLOCK;Baneist;DIM:0;-149;58;500;|;-14;5;50
22-2-27 下午5:20;RIGHT_CLICK_BLOCK;Baneist;DIM:0;-147;58;500;|;-14;5;50
22-2-27 下午5:21;RIGHT_CLICK_BLOCK;Baneist;DIM:0;-147;59;500;|;-14;5;50
22-2-27 下午5:21;RIGHT_CLICK_BLOCK;Baneist;DIM:0;-147;59;501;|;-14;5;50
22-2-27 下午5:21;LEFT_CLICK_BLOCK;Baneist;DIM:0;-147;59;501;|;-14;5;50
22-2-27 下午5:21;RIGHT_CLICK_BLOCK;Baneist;DIM:0;-147;58;501;|;-14;5;50
22-2-27 下午5:21;RIGHT_CLICK_BLOCK;Baneist;DIM:0;-146;58;501;|;-14;5;50
22-2-27 下午5:21;RIGHT_CLICK_BLOCK;Baneist;DIM:0;-146;59;501;|;-14;5;50
22-2-27 下午5:21;LEFT_CLICK_BLOCK;Baneist;DIM:0;-149;59;501;|;-14;5;50
22-2-27 下午5:21;RIGHT_CLICK_BLOCK;Baneist;DIM:0;-149;59;500;|;-14;5;50
22-2-27 下午5:21;RIGHT_CLICK_BLOCK;Baneist;DIM:0;-148;59;500;|;-14;5;50
22-2-27 下午5:22;RIGHT_CLICK_BLOCK;Baneist;DIM:0;-145;59;500;|;-14;5;50
22-2-27 下午5:22;LEFT_CLICK_BLOCK;Baneist;DIM:0;-145;59;501;|;-14;5;50
22-2-27 下午5:22;RIGHT_CLICK_BLOCK;Baneist;DIM:0;-145;59;500;|;-14;5;50
22-2-27 下午5:22;LEFT_CLICK_BLOCK;Baneist;DIM:0;-148;59;501;|;-14;5;50
22-2-27 下午5:22;RIGHT_CLICK_BLOCK;Baneist;DIM:0;-148;60;501;|;-14;6;50
22-2-27 下午5:22;RIGHT_CLICK_BLOCK;Baneist;DIM:0;-151;57;502;|;-15;5;50
22-2-27 下午5:22;RIGHT_CLICK_BLOCK;Baneist;DIM:0;-147;58;500;|;-14;5;50
22-2-27 下午5:23;RIGHT_CLICK_BLOCK;Baneist;DIM:0;-147;58;500;|;-14;5;50
22-2-27 下午5:23;RIGHT_CLICK_BLOCK;Baneist;DIM:0;-141;58;500;|;-14;5;50
22-2-27 下午5:23;LEFT_CLICK_BLOCK;Baneist;DIM:0;-141;58;501;|;-14;5;50
22-2-27 下午5:23;RIGHT_CLICK_BLOCK;Baneist;DIM:0;-142;58;500;|;-14;5;50
22-2-27 下午5:23;RIGHT_CLICK_BLOCK;Baneist;DIM:0;-142;58;501;|;-14;5;50
22-2-27 下午5:23;RIGHT_CLICK_BLOCK;Baneist;DIM:0;-141;58;501;|;-14;5;50
22-2-27 下午5:23;RIGHT_CLICK_BLOCK;Baneist;DIM:0;-136;57;501;|;-13;5;50
22-2-27 下午5:23;LEFT_CLICK_BLOCK;Baneist;DIM:0;-145;59;501;|;-14;5;50
22-2-27 下午5:23;LEFT_CLICK_BLOCK;Baneist;DIM:0;-148;59;501;|;-14;5;50
22-2-27 下午5:23;RIGHT_CLICK_BLOCK;Baneist;DIM:0;-147;58;500;|;-14;5;50
22-2-27 下午5:24;RIGHT_CLICK_BLOCK;Baneist;DIM:0;-152;58;502;|;-15;5;50
22-2-27 下午5:24;LEFT_CLICK_BLOCK;Baneist;DIM:0;-153;58;501;|;-15;5;50
22-2-27 下午5:24;RIGHT_CLICK_BLOCK;Baneist;DIM:0;-152;58;501;|;-15;5;50
22-2-27 下午5:24;RIGHT_CLICK_BLOCK;Baneist;DIM:0;-153;58;501;|;-15;5;50
22-2-27 下午5:24;RIGHT_CLICK_BLOCK;Baneist;DIM:0;-155;58;502;|;-15;5;50
22-2-27 下午5:24;RIGHT_CLICK_BLOCK;Baneist;DIM:0;-221;76;501;|;-22;7;50
22-2-27 下午5:25;RIGHT_CLICK_BLOCK;Baneist;DIM:0;-148;57;501;|;-14;5;50
22-2-27 下午5:25;RIGHT_CLICK_BLOCK;Baneist;DIM:0;-149;57;501;|;-14;5;50
22-2-27 下午5:25;RIGHT_CLICK_BLOCK;Baneist;DIM:0;-151;57;501;|;-15;5;50
22-2-27 下午5:25;LEFT_CLICK_BLOCK;Baneist;DIM:0;-149;58;501;|;-14;5;50
22-2-27 下午5:26;LEFT_CLICK_BLOCK;Baneist;DIM:0;-151;58;500;|;-15;5;50
22-2-27 下午5:26;LEFT_CLICK_BLOCK;Baneist;DIM:0;-152;58;500;|;-15;5;50
22-2-27 下午5:26;LEFT_CLICK_BLOCK;Baneist;DIM:0;-152;57;500;|;-15;5;50
22-2-27 下午5:26;LEFT_CLICK_BLOCK;Baneist;DIM:0;-152;58;501;|;-15;5;50
22-2-27 下午5:26;LEFT_CLICK_BLOCK;Baneist;DIM:0;-153;58;500;|;-15;5;50
22-2-27 下午5:26;LEFT_CLICK_BLOCK;Baneist;DIM:0;-153;57;500;|;-15;5;50
22-2-27 下午5:26;RIGHT_CLICK_BLOCK;Baneist;DIM:0;-152;56;500;|;-15;5;50
22-2-27 下午5:26;LEFT_CLICK_BLOCK;Baneist;DIM:0;-152;57;500;|;-15;5;50
22-2-27 下午5:26;RIGHT_CLICK_BLOCK;Baneist;DIM:0;-152;56;500;|;-15;5;50
22-2-27 下午5:26;LEFT_CLICK_BLOCK;Baneist;DIM:0;-152;57;500;|;-15;5;50
22-2-27 下午5:26;RIGHT_CLICK_BLOCK;Baneist;DIM:0;-152;56;500;|;-15;5;50
22-2-27 下午5:26;RIGHT_CLICK_BLOCK;Baneist;DIM:0;-154;57;500;|;-15;5;50
22-2-27 下午5:26;RIGHT_CLICK_BLOCK;Baneist;DIM:0;-154;58;500;|;-15;5;50
22-2-27 下午5:26;LEFT_CLICK_BLOCK;Baneist;DIM:0;-152;59;500;|;-15;5;50
22-2-27 下午5:26;LEFT_CLICK_BLOCK;Baneist;DIM:0;-152;59;501;|;-15;5;50
22-2-27 下午5:26;LEFT_CLICK_BLOCK;Baneist;DIM:0;-152;59;502;|;-15;5;50
22-2-27 下午5:26;RIGHT_CLICK_BLOCK;Baneist;DIM:0;-152;59;498;|;-15;5;49
22-2-27 下午5:26;RIGHT_CLICK_BLOCK;Baneist;DIM:0;-152;59;499;|;-15;5;49
22-2-27 下午5:26;RIGHT_CLICK_BLOCK;Baneist;DIM:0;-153;59;498;|;-15;5;49
22-2-27 下午5:26;RIGHT_CLICK_BLOCK;Baneist;DIM:0;-152;59;500;|;-15;5;50
22-2-27 下午5:26;RIGHT_CLICK_BLOCK;Baneist;DIM:0;-153;59;502;|;-15;5;50
22-2-27 下午5:26;RIGHT_CLICK_BLOCK;Baneist;DIM:0;-152;59;502;|;-15;5;50
22-2-27 下午5:26;RIGHT_CLICK_BLOCK;Baneist;DIM:0;-153;59;502;|;-15;5;50
22-2-27 下午5:26;LEFT_CLICK_BLOCK;Baneist;DIM:0;-151;59;502;|;-15;5;50
22-2-27 下午5:26;RIGHT_CLICK_BLOCK;Baneist;DIM:0;-153;59;500;|;-15;5;50
22-2-27 下午5:26;RIGHT_CLICK_BLOCK;Baneist;DIM:0;-153;59;501;|;-15;5;50
22-2-27 下午5:26;RIGHT_CLICK_BLOCK;Baneist;DIM:0;-153;58;500;|;-15;5;50
22-2-27 下午5:27;RIGHT_CLICK_BLOCK;Baneist;DIM:0;-153;58;501;|;-15;5;50
22-2-27 下午5:27;RIGHT_CLICK_BLOCK;Baneist;DIM:0;-152;58;501;|;-15;5;50
22-2-27 下午5:27;RIGHT_CLICK_BLOCK;Baneist;DIM:0;-151;58;501;|;-15;5;50
22-2-27 下午5:27;RIGHT_CLICK_BLOCK;Baneist;DIM:0;-150;58;501;|;-15;5;50
22-2-27 下午5:27;LEFT_CLICK_BLOCK;Baneist;DIM:0;-149;58;501;|;-14;5;50
22-2-27 下午5:27;LEFT_CLICK_BLOCK;Baneist;DIM:0;-150;58;501;|;-15;5;50
22-2-27 下午5:27;LEFT_CLICK_BLOCK;Baneist;DIM:0;-151;58;501;|;-15;5;50
22-2-27 下午5:27;RIGHT_CLICK_BLOCK;Baneist;DIM:0;-152;58;500;|;-15;5;50
22-2-27 下午5:27;RIGHT_CLICK_BLOCK;Baneist;DIM:0;-152;58;501;|;-15;5;50
22-2-27 下午5:27;RIGHT_CLICK_BLOCK;Baneist;DIM:0;-151;58;501;|;-15;5;50
22-2-27 下午5:27;RIGHT_CLICK_BLOCK;Baneist;DIM:0;-150;58;501;|;-15;5;50
22-2-27 下午5:27;LEFT_CLICK_BLOCK;Baneist;DIM:0;-150;59;503;|;-15;5;50
22-2-27 下午5:27;RIGHT_CLICK_BLOCK;Baneist;DIM:0;-151;59;503;|;-15;5;50
22-2-27 下午5:27;RIGHT_CLICK_BLOCK;Baneist;DIM:0;-150;59;503;|;-15;5;50
22-2-27 下午5:27;LEFT_CLICK_BLOCK;Baneist;DIM:0;-150;59;503;|;-15;5;50
22-2-27 下午5:27;LEFT_CLICK_BLOCK;Baneist;DIM:0;-150;59;502;|;-15;5;50
22-2-27 下午5:27;LEFT_CLICK_BLOCK;Baneist;DIM:0;-150;59;501;|;-15;5;50
22-2-27 下午5:27;RIGHT_CLICK_BLOCK;Baneist;DIM:0;-150;59;500;|;-15;5;50
22-2-27 下午5:27;RIGHT_CLICK_BLOCK;Baneist;DIM:0;-150;59;501;|;-15;5;50
22-2-27 下午5:27;RIGHT_CLICK_BLOCK;Baneist;DIM:0;-150;59;502;|;-15;5;50
22-2-27 下午5:27;RIGHT_CLICK_BLOCK;Baneist;DIM:0;-149;58;503;|;-14;5;50
22-2-27 下午5:27;RIGHT_CLICK_BLOCK;Baneist;DIM:0;-149;58;504;|;-14;5;50
22-2-27 下午5:27;LEFT_CLICK_BLOCK;Baneist;DIM:0;-149;58;504;|;-14;5;50
22-2-27 下午5:27;RIGHT_CLICK_BLOCK;Baneist;DIM:0;-147;58;503;|;-14;5;50
22-2-27 下午5:27;RIGHT_CLICK_BLOCK;Baneist;DIM:0;-148;58;503;|;-14;5;50
22-2-27 下午5:27;LEFT_CLICK_BLOCK;Baneist;DIM:0;-149;58;501;|;-14;5;50
22-2-27 下午5:27;LEFT_CLICK_BLOCK;Baneist;DIM:0;-150;58;501;|;-15;5;50
22-2-27 下午5:27;LEFT_CLICK_BLOCK;Baneist;DIM:0;-151;58;501;|;-15;5;50
22-2-27 下午5:27;LEFT_CLICK_BLOCK;Baneist;DIM:0;-151;58;500;|;-15;5;50
22-2-27 下午5:27;LEFT_CLICK_BLOCK;Baneist;DIM:0;-152;58;500;|;-15;5;50
22-2-27 下午5:27;LEFT_CLICK_BLOCK;Baneist;DIM:0;-152;57;500;|;-15;5;50
22-2-27 下午5:27;LEFT_CLICK_BLOCK;Baneist;DIM:0;-152;58;501;|;-15;5;50
22-2-27 下午5:27;LEFT_CLICK_BLOCK;Baneist;DIM:0;-152;57;498;|;-15;5;49
22-2-27 下午5:27;LEFT_CLICK_BLOCK;Baneist;DIM:0;-152;58;498;|;-15;5;49
22-2-27 下午5:27;LEFT_CLICK_BLOCK;Baneist;DIM:0;-152;59;499;|;-15;5;49
22-2-27 下午5:27;LEFT_CLICK_BLOCK;Baneist;DIM:0;-152;59;500;|;-15;5;50
22-2-27 下午5:27;LEFT_CLICK_BLOCK;Baneist;DIM:0;-152;59;501;|;-15;5;50
22-2-27 下午5:27;LEFT_CLICK_BLOCK;Baneist;DIM:0;-152;59;502;|;-15;5;50
22-2-27 下午5:27;RIGHT_CLICK_BLOCK;Baneist;DIM:0;-153;56;499;|;-15;5;49
22-2-27 下午5:27;RIGHT_CLICK_BLOCK;Baneist;DIM:0;-153;57;499;|;-15;5;49
22-2-27 下午5:27;LEFT_CLICK_BLOCK;Baneist;DIM:0;-153;59;499;|;-15;5;49
22-2-27 下午5:28;RIGHT_CLICK_BLOCK;Baneist;DIM:0;-154;59;499;|;-15;5;49
22-2-27 下午5:28;RIGHT_CLICK_BLOCK;Baneist;DIM:0;-153;60;499;|;-15;6;49
22-2-27 下午5:28;RIGHT_CLICK_BLOCK;Baneist;DIM:0;-152;60;499;|;-15;6;49
22-2-27 下午5:28;RIGHT_CLICK_BLOCK;Baneist;DIM:0;-152;60;499;|;-15;6;49
22-2-27 下午5:28;RIGHT_CLICK_BLOCK;Baneist;DIM:0;-152;60;500;|;-15;6;50
22-2-27 下午5:28;RIGHT_CLICK_BLOCK;Baneist;DIM:0;-152;60;501;|;-15;6;50
22-2-27 下午5:28;RIGHT_CLICK_BLOCK;Baneist;DIM:0;-152;60;502;|;-15;6;50
22-2-27 下午5:28;RIGHT_CLICK_BLOCK;Baneist;DIM:0;-151;59;503;|;-15;5;50
22-2-27 下午5:28;LEFT_CLICK_BLOCK;Baneist;DIM:0;-150;59;501;|;-15;5;50
22-2-27 下午5:28;LEFT_CLICK_BLOCK;Baneist;DIM:0;-150;59;500;|;-15;5;50
22-2-27 下午5:28;LEFT_CLICK_BLOCK;Baneist;DIM:0;-150;59;499;|;-15;5;49
22-2-27 下午5:28;LEFT_CLICK_BLOCK;Baneist;DIM:0;-151;59;502;|;-15;5;50
22-2-27 下午5:28;LEFT_CLICK_BLOCK;Baneist;DIM:0;-150;59;502;|;-15;5;50
22-2-27 下午5:28;LEFT_CLICK_BLOCK;Baneist;DIM:0;-150;59;503;|;-15;5;50
22-2-27 下午5:28;RIGHT_CLICK_BLOCK;Baneist;DIM:0;-152;59;503;|;-15;5;50
22-2-27 下午5:28;RIGHT_CLICK_BLOCK;Baneist;DIM:0;-151;59;503;|;-15;5;50
22-2-27 下午5:28;LEFT_CLICK_BLOCK;Baneist;DIM:0;-150;59;503;|;-15;5;50
22-2-27 下午5:28;LEFT_CLICK_BLOCK;Baneist;DIM:0;-151;59;502;|;-15;5;50
22-2-27 下午5:28;LEFT_CLICK_BLOCK;Baneist;DIM:0;-152;59;502;|;-15;5;50
22-2-27 下午5:28;RIGHT_CLICK_BLOCK;Baneist;DIM:0;-152;59;503;|;-15;5;50
22-2-27 下午5:28;RIGHT_CLICK_BLOCK;Baneist;DIM:0;-151;59;503;|;-15;5;50
22-2-27 下午5:28;RIGHT_CLICK_BLOCK;Baneist;DIM:0;-150;59;503;|;-15;5;50
22-2-27 下午5:28;RIGHT_CLICK_BLOCK;Baneist;DIM:0;-152;56;500;|;-15;5;50
22-2-27 下午5:28;RIGHT_CLICK_BLOCK;Baneist;DIM:0;-152;57;500;|;-15;5;50
22-2-27 下午5:28;RIGHT_CLICK_BLOCK;Baneist;DIM:0;-153;58;501;|;-15;5;50
22-2-27 下午5:28;RIGHT_CLICK_BLOCK;Baneist;DIM:0;-151;60;501;|;-15;6;50
22-2-27 下午5:28;RIGHT_CLICK_BLOCK;Baneist;DIM:0;-152;58;501;|;-15;5;50
22-2-27 下午5:28;RIGHT_CLICK_BLOCK;Baneist;DIM:0;-151;58;501;|;-15;5;50
22-2-27 下午5:28;RIGHT_CLICK_BLOCK;Baneist;DIM:0;-152;58;500;|;-15;5;50
22-2-27 下午5:28;RIGHT_CLICK_BLOCK;Baneist;DIM:0;-150;58;501;|;-15;5;50
22-2-27 下午5:28;RIGHT_CLICK_BLOCK;Baneist;DIM:0;-151;57;501;|;-15;5;50
22-2-27 下午5:28;LEFT_CLICK_BLOCK;Baneist;DIM:0;-149;59;501;|;-14;5;50
22-2-27 下午5:28;LEFT_CLICK_BLOCK;Baneist;DIM:0;-149;58;501;|;-14;5;50
22-2-27 下午5:28;LEFT_CLICK_BLOCK;Baneist;DIM:0;-150;58;501;|;-15;5;50
22-2-27 下午5:28;LEFT_CLICK_BLOCK;Baneist;DIM:0;-150;58;500;|;-15;5;50
22-2-27 下午5:28;LEFT_CLICK_BLOCK;Baneist;DIM:0;-151;58;501;|;-15;5;50
22-2-27 下午5:28;LEFT_CLICK_BLOCK;Baneist;DIM:0;-152;58;501;|;-15;5;50
22-2-27 下午5:28;LEFT_CLICK_BLOCK;Baneist;DIM:0;-152;58;500;|;-15;5;50
22-2-27 下午5:28;RIGHT_CLICK_BLOCK;Baneist;DIM:0;-150;57;500;|;-15;5;50
22-2-27 下午5:28;LEFT_CLICK_BLOCK;Baneist;DIM:0;-152;57;500;|;-15;5;50
22-2-27 下午5:29;RIGHT_CLICK_BLOCK;Baneist;DIM:0;-152;56;498;|;-15;5;49
22-2-27 下午5:29;RIGHT_CLICK_BLOCK;Baneist;DIM:0;-152;57;498;|;-15;5;49
22-2-27 下午5:29;LEFT_CLICK_BLOCK;Baneist;DIM:0;-152;58;498;|;-15;5;49
22-2-27 下午5:29;LEFT_CLICK_BLOCK;Baneist;DIM:0;-152;59;498;|;-15;5;49
22-2-27 下午5:29;LEFT_CLICK_BLOCK;Baneist;DIM:0;-151;59;498;|;-15;5;49
22-2-27 下午5:29;LEFT_CLICK_BLOCK;Baneist;DIM:0;-150;59;498;|;-15;5;49
22-2-27 下午5:29;LEFT_CLICK_BLOCK;Baneist;DIM:0;-152;57;498;|;-15;5;49
22-2-27 下午5:29;RIGHT_CLICK_BLOCK;Baneist;DIM:0;-152;56;498;|;-15;5;49
22-2-27 下午5:29;RIGHT_CLICK_BLOCK;Baneist;DIM:0;-152;57;498;|;-15;5;49
22-2-27 下午5:29;RIGHT_CLICK_BLOCK;Baneist;DIM:0;-152;56;498;|;-15;5;49
22-2-27 下午5:29;RIGHT_CLICK_BLOCK;Baneist;DIM:0;-152;58;498;|;-15;5;49
22-2-27 下午5:29;RIGHT_CLICK_BLOCK;Baneist;DIM:0;-152;58;499;|;-15;5;49
22-2-27 下午5:29;LEFT_CLICK_BLOCK;Baneist;DIM:0;-152;58;500;|;-15;5;50
22-2-27 下午5:29;LEFT_CLICK_BLOCK;Baneist;DIM:0;-152;58;499;|;-15;5;49
22-2-27 下午5:29;RIGHT_CLICK_BLOCK;Baneist;DIM:0;-149;59;500;|;-14;5;50
22-2-27 下午5:29;RIGHT_CLICK_BLOCK;Baneist;DIM:0;-150;59;500;|;-15;5;50
22-2-27 下午5:30;RIGHT_CLICK_BLOCK;Baneist;DIM:0;-150;60;498;|;-15;6;49
22-2-27 下午5:30;RIGHT_CLICK_BLOCK;Baneist;DIM:0;-151;59;497;|;-15;5;49
22-2-27 下午5:30;RIGHT_CLICK_BLOCK;Baneist;DIM:0;-152;59;497;|;-15;5;49
22-2-27 下午5:30;RIGHT_CLICK_BLOCK;Baneist;DIM:0;-150;60;501;|;-15;6;50
22-2-27 下午5:30;RIGHT_CLICK_BLOCK;Baneist;DIM:0;-149;60;502;|;-14;6;50
22-2-27 下午5:30;RIGHT_CLICK_BLOCK;Baneist;DIM:0;-149;60;501;|;-14;6;50
22-2-27 下午5:30;RIGHT_CLICK_BLOCK;Baneist;DIM:0;-152;56;500;|;-15;5;50
22-2-27 下午5:30;RIGHT_CLICK_BLOCK;Baneist;DIM:0;-153;58;500;|;-15;5;50
22-2-27 下午5:30;RIGHT_CLICK_BLOCK;Baneist;DIM:0;-153;58;501;|;-15;5;50
22-2-27 下午5:30;RIGHT_CLICK_BLOCK;Baneist;DIM:0;-152;58;501;|;-15;5;50
22-2-27 下午5:30;RIGHT_CLICK_BLOCK;Baneist;DIM:0;-151;58;501;|;-15;5;50
22-2-27 下午5:30;RIGHT_CLICK_BLOCK;Baneist;DIM:0;-150;58;501;|;-15;5;50
22-2-27 下午5:30;RIGHT_CLICK_BLOCK;Baneist;DIM:0;-151;57;501;|;-15;5;50
22-2-27 下午5:30;LEFT_CLICK_BLOCK;Baneist;DIM:0;-151;57;501;|;-15;5;50
22-2-27 下午5:30;RIGHT_CLICK_BLOCK;Baneist;DIM:0;-151;58;503;|;-15;5;50
22-2-27 下午5:30;RIGHT_CLICK_BLOCK;Baneist;DIM:0;-150;58;502;|;-15;5;50
22-2-27 下午5:30;LEFT_CLICK_BLOCK;Baneist;DIM:0;-149;59;502;|;-14;5;50
22-2-27 下午5:30;LEFT_CLICK_BLOCK;Baneist;DIM:0;-150;59;502;|;-15;5;50
22-2-27 下午5:30;LEFT_CLICK_BLOCK;Baneist;DIM:0;-150;59;503;|;-15;5;50
22-2-27 下午5:30;LEFT_CLICK_BLOCK;Baneist;DIM:0;-151;59;503;|;-15;5;50
22-2-27 下午5:30;RIGHT_CLICK_BLOCK;Baneist;DIM:0;-152;59;504;|;-15;5;50
22-2-27 下午5:30;LEFT_CLICK_BLOCK;Baneist;DIM:0;-151;59;504;|;-15;5;50
22-2-27 下午5:30;LEFT_CLICK_BLOCK;Baneist;DIM:0;-151;59;502;|;-15;5;50
22-2-27 下午5:30;LEFT_CLICK_BLOCK;Baneist;DIM:0;-152;59;503;|;-15;5;50
22-2-27 下午5:30;RIGHT_CLICK_BLOCK;Baneist;DIM:0;-153;59;503;|;-15;5;50
22-2-27 下午5:30;RIGHT_CLICK_BLOCK;Baneist;DIM:0;-151;58;503;|;-15;5;50
22-2-27 下午5:30;RIGHT_CLICK_BLOCK;Baneist;DIM:0;-151;59;503;|;-15;5;50
22-2-27 下午5:30;RIGHT_CLICK_BLOCK;Baneist;DIM:0;-150;59;503;|;-15;5;50
22-2-27 下午5:30;RIGHT_CLICK_BLOCK;Baneist;DIM:0;-149;59;502;|;-14;5;50
22-2-27 下午5:30;LEFT_CLICK_BLOCK;Baneist;DIM:0;-152;60;503;|;-15;6;50
22-2-27 下午5:30;LEFT_CLICK_BLOCK;Baneist;DIM:0;-152;61;503;|;-15;6;50
22-2-27 下午5:30;LEFT_CLICK_BLOCK;Baneist;DIM:0;-152;59;503;|;-15;5;50
22-2-27 下午5:30;LEFT_CLICK_BLOCK;Baneist;DIM:0;-153;59;503;|;-15;5;50
22-2-27 下午5:30;LEFT_CLICK_BLOCK;Baneist;DIM:0;-153;59;502;|;-15;5;50
22-2-27 下午5:30;RIGHT_CLICK_BLOCK;Baneist;DIM:0;-153;58;502;|;-15;5;50
22-2-27 下午5:30;RIGHT_CLICK_BLOCK;Baneist;DIM:0;-153;58;503;|;-15;5;50
22-2-27 下午5:30;LEFT_CLICK_BLOCK;Baneist;DIM:0;-152;58;503;|;-15;5;50
22-2-27 下午5:30;LEFT_CLICK_BLOCK;Baneist;DIM:0;-153;57;503;|;-15;5;50
22-2-27 下午5:30;LEFT_CLICK_BLOCK;Baneist;DIM:0;-153;58;503;|;-15;5;50
22-2-27 下午5:30;RIGHT_CLICK_BLOCK;Baneist;DIM:0;-153;56;503;|;-15;5;50
22-2-27 下午5:30;RIGHT_CLICK_BLOCK;Baneist;DIM:0;-154;57;503;|;-15;5;50
22-2-27 下午5:30;RIGHT_CLICK_BLOCK;Baneist;DIM:0;-153;57;503;|;-15;5;50
22-2-27 下午5:31;RIGHT_CLICK_BLOCK;Baneist;DIM:0;-152;56;503;|;-15;5;50
22-2-27 下午5:31;RIGHT_CLICK_BLOCK;Baneist;DIM:0;-152;57;503;|;-15;5;50
22-2-27 下午5:31;RIGHT_CLICK_BLOCK;Baneist;DIM:0;-152;58;503;|;-15;5;50
22-2-27 下午5:31;RIGHT_CLICK_BLOCK;Baneist;DIM:0;-152;59;503;|;-15;5;50
